Analysis & Synthesis report for PC
Thu May 16 14:32:32 2019
Quartus Prime Version 15.1.0 Build 185 10/21/2015 SJ Lite Edition


---------------------
; Table of Contents ;
---------------------
  1. Legal Notice
  2. Analysis & Synthesis Summary
  3. Analysis & Synthesis Settings
  4. Parallel Compilation
  5. Analysis & Synthesis Source Files Read
  6. Analysis & Synthesis Resource Usage Summary
  7. Analysis & Synthesis Resource Utilization by Entity
  8. Registers Removed During Synthesis
  9. General Register Statistics
 10. Multiplexer Restructuring Statistics (Restructuring Performed)
 11. Parameter Settings for User Entity Instance: LPM_MUX:inst12
 12. Parameter Settings for User Entity Instance: SL:inst7|LPM_MUX:inst31
 13. Post-Synthesis Netlist Statistics for Top Partition
 14. Elapsed Time Per Partition
 15. Analysis & Synthesis Messages



----------------
; Legal Notice ;
----------------
Copyright (C) 1991-2015 Altera Corporation. All rights reserved.
Your use of Altera Corporation's design tools, logic functions 
and other software and tools, and its AMPP partner logic 
functions, and any output files from any of the foregoing 
(including device programming or simulation files), and any 
associated documentation or information are expressly subject 
to the terms and conditions of the Altera Program License 
Subscription Agreement, the Altera Quartus Prime License Agreement,
the Altera MegaCore Function License Agreement, or other 
applicable license agreement, including, without limitation, 
that your use is for the sole purpose of programming logic 
devices manufactured by Altera and sold by Altera or its 
authorized distributors.  Please refer to the applicable 
agreement for further details.



+-------------------------------------------------------------------------------+
; Analysis & Synthesis Summary                                                  ;
+---------------------------------+---------------------------------------------+
; Analysis & Synthesis Status     ; Successful - Thu May 16 14:32:32 2019       ;
; Quartus Prime Version           ; 15.1.0 Build 185 10/21/2015 SJ Lite Edition ;
; Revision Name                   ; PC                                          ;
; Top-level Entity Name           ; PC                                          ;
; Family                          ; Cyclone V                                   ;
; Logic utilization (in ALMs)     ; N/A                                         ;
; Total registers                 ; 30                                          ;
; Total pins                      ; 78                                          ;
; Total virtual pins              ; 0                                           ;
; Total block memory bits         ; 0                                           ;
; Total DSP Blocks                ; 0                                           ;
; Total HSSI RX PCSs              ; 0                                           ;
; Total HSSI PMA RX Deserializers ; 0                                           ;
; Total HSSI TX PCSs              ; 0                                           ;
; Total HSSI PMA TX Serializers   ; 0                                           ;
; Total PLLs                      ; 0                                           ;
; Total DLLs                      ; 0                                           ;
+---------------------------------+---------------------------------------------+


+---------------------------------------------------------------------------------------------------------------------------+
; Analysis & Synthesis Settings                                                                                             ;
+---------------------------------------------------------------------------------+--------------------+--------------------+
; Option                                                                          ; Setting            ; Default Value      ;
+---------------------------------------------------------------------------------+--------------------+--------------------+
; Device                                                                          ; 5CGXFC7C7F23C8     ;                    ;
; Top-level entity name                                                           ; PC                 ; PC                 ;
; Family name                                                                     ; Cyclone V          ; Cyclone V          ;
; Use smart compilation                                                           ; Off                ; Off                ;
; Enable parallel Assembler and TimeQuest Timing Analyzer during compilation      ; On                 ; On                 ;
; Enable compact report table                                                     ; Off                ; Off                ;
; Restructure Multiplexers                                                        ; Auto               ; Auto               ;
; MLAB Add Timing Constraints For Mixed-Port Feed-Through Mode Setting Don't Care ; Off                ; Off                ;
; Create Debugging Nodes for IP Cores                                             ; Off                ; Off                ;
; Preserve fewer node names                                                       ; On                 ; On                 ;
; Disable OpenCore Plus hardware evaluation                                       ; Off                ; Off                ;
; Verilog Version                                                                 ; Verilog_2001       ; Verilog_2001       ;
; VHDL Version                                                                    ; VHDL_1993          ; VHDL_1993          ;
; State Machine Processing                                                        ; Auto               ; Auto               ;
; Safe State Machine                                                              ; Off                ; Off                ;
; Extract Verilog State Machines                                                  ; On                 ; On                 ;
; Extract VHDL State Machines                                                     ; On                 ; On                 ;
; Ignore Verilog initial constructs                                               ; Off                ; Off                ;
; Iteration limit for constant Verilog loops                                      ; 5000               ; 5000               ;
; Iteration limit for non-constant Verilog loops                                  ; 250                ; 250                ;
; Add Pass-Through Logic to Inferred RAMs                                         ; On                 ; On                 ;
; Infer RAMs from Raw Logic                                                       ; On                 ; On                 ;
; Parallel Synthesis                                                              ; On                 ; On                 ;
; DSP Block Balancing                                                             ; Auto               ; Auto               ;
; NOT Gate Push-Back                                                              ; On                 ; On                 ;
; Power-Up Don't Care                                                             ; On                 ; On                 ;
; Remove Redundant Logic Cells                                                    ; Off                ; Off                ;
; Remove Duplicate Registers                                                      ; On                 ; On                 ;
; Ignore CARRY Buffers                                                            ; Off                ; Off                ;
; Ignore CASCADE Buffers                                                          ; Off                ; Off                ;
; Ignore GLOBAL Buffers                                                           ; Off                ; Off                ;
; Ignore ROW GLOBAL Buffers                                                       ; Off                ; Off                ;
; Ignore LCELL Buffers                                                            ; Off                ; Off                ;
; Ignore SOFT Buffers                                                             ; On                 ; On                 ;
; Limit AHDL Integers to 32 Bits                                                  ; Off                ; Off                ;
; Optimization Technique                                                          ; Balanced           ; Balanced           ;
; Carry Chain Length                                                              ; 70                 ; 70                 ;
; Auto Carry Chains                                                               ; On                 ; On                 ;
; Auto Open-Drain Pins                                                            ; On                 ; On                 ;
; Perform WYSIWYG Primitive Resynthesis                                           ; Off                ; Off                ;
; Auto ROM Replacement                                                            ; On                 ; On                 ;
; Auto RAM Replacement                                                            ; On                 ; On                 ;
; Auto DSP Block Replacement                                                      ; On                 ; On                 ;
; Auto Shift Register Replacement                                                 ; Auto               ; Auto               ;
; Allow Shift Register Merging across Hierarchies                                 ; Auto               ; Auto               ;
; Auto Clock Enable Replacement                                                   ; On                 ; On                 ;
; Strict RAM Replacement                                                          ; Off                ; Off                ;
; Allow Synchronous Control Signals                                               ; On                 ; On                 ;
; Force Use of Synchronous Clear Signals                                          ; Off                ; Off                ;
; Auto Resource Sharing                                                           ; Off                ; Off                ;
; Allow Any RAM Size For Recognition                                              ; Off                ; Off                ;
; Allow Any ROM Size For Recognition                                              ; Off                ; Off                ;
; Allow Any Shift Register Size For Recognition                                   ; Off                ; Off                ;
; Use LogicLock Constraints during Resource Balancing                             ; On                 ; On                 ;
; Ignore translate_off and synthesis_off directives                               ; Off                ; Off                ;
; Timing-Driven Synthesis                                                         ; On                 ; On                 ;
; Report Parameter Settings                                                       ; On                 ; On                 ;
; Report Source Assignments                                                       ; On                 ; On                 ;
; Report Connectivity Checks                                                      ; On                 ; On                 ;
; Ignore Maximum Fan-Out Assignments                                              ; Off                ; Off                ;
; Synchronization Register Chain Length                                           ; 3                  ; 3                  ;
; PowerPlay Power Optimization During Synthesis                                   ; Normal compilation ; Normal compilation ;
; HDL message level                                                               ; Level2             ; Level2             ;
; Suppress Register Optimization Related Messages                                 ; Off                ; Off                ;
; Number of Removed Registers Reported in Synthesis Report                        ; 5000               ; 5000               ;
; Number of Swept Nodes Reported in Synthesis Report                              ; 5000               ; 5000               ;
; Number of Inverted Registers Reported in Synthesis Report                       ; 100                ; 100                ;
; Clock MUX Protection                                                            ; On                 ; On                 ;
; Auto Gated Clock Conversion                                                     ; Off                ; Off                ;
; Block Design Naming                                                             ; Auto               ; Auto               ;
; SDC constraint protection                                                       ; Off                ; Off                ;
; Synthesis Effort                                                                ; Auto               ; Auto               ;
; Shift Register Replacement - Allow Asynchronous Clear Signal                    ; On                 ; On                 ;
; Pre-Mapping Resynthesis Optimization                                            ; Off                ; Off                ;
; Analysis & Synthesis Message Level                                              ; Medium             ; Medium             ;
; Disable Register Merging Across Hierarchies                                     ; Auto               ; Auto               ;
; Resource Aware Inference For Block RAM                                          ; On                 ; On                 ;
; Synthesis Seed                                                                  ; 1                  ; 1                  ;
; Automatic Parallel Synthesis                                                    ; On                 ; On                 ;
; Partial Reconfiguration Bitstream ID                                            ; Off                ; Off                ;
+---------------------------------------------------------------------------------+--------------------+--------------------+


+------------------------------------------+
; Parallel Compilation                     ;
+----------------------------+-------------+
; Processors                 ; Number      ;
+----------------------------+-------------+
; Number detected on machine ; 2           ;
; Maximum allowed            ; 2           ;
;                            ;             ;
; Average used               ; 1.00        ;
; Maximum used               ; 2           ;
;                            ;             ;
; Usage by Processor         ; % Time Used ;
;     Processor 1            ; 100.0%      ;
;     Processor 2            ; < 0.1%      ;
+----------------------------+-------------+


+------------------------------------------------------------------------------------------------------------------------------------------------------------------------------+
; Analysis & Synthesis Source Files Read                                                                                                                                       ;
+----------------------------------+-----------------+------------------------------------------+--------------------------------------------------------------------+---------+
; File Name with User-Entered Path ; Used in Netlist ; File Type                                ; File Name with Absolute Path                                       ; Library ;
+----------------------------------+-----------------+------------------------------------------+--------------------------------------------------------------------+---------+
; PC.bdf                           ; yes             ; User Block Diagram/Schematic File        ; C:/altera_lite/15.1/PC/PC.bdf                                      ;         ;
; se.bdf                           ; yes             ; User Block Diagram/Schematic File        ; C:/altera_lite/15.1/PC/se.bdf                                      ;         ;
; register32.bdf                   ; yes             ; Auto-Found Block Diagram/Schematic File  ; C:/altera_lite/15.1/PC/register32.bdf                              ;         ;
; register8.bdf                    ; yes             ; Auto-Found Block Diagram/Schematic File  ; C:/altera_lite/15.1/PC/register8.bdf                               ;         ;
; lpm_mux.tdf                      ; yes             ; Megafunction                             ; c:/altera_lite/15.1/quartus/libraries/megafunctions/lpm_mux.tdf    ;         ;
; aglobal151.inc                   ; yes             ; Megafunction                             ; c:/altera_lite/15.1/quartus/libraries/megafunctions/aglobal151.inc ;         ;
; muxlut.inc                       ; yes             ; Megafunction                             ; c:/altera_lite/15.1/quartus/libraries/megafunctions/muxlut.inc     ;         ;
; bypassff.inc                     ; yes             ; Megafunction                             ; c:/altera_lite/15.1/quartus/libraries/megafunctions/bypassff.inc   ;         ;
; altshift.inc                     ; yes             ; Megafunction                             ; c:/altera_lite/15.1/quartus/libraries/megafunctions/altshift.inc   ;         ;
; db/mux_glc.tdf                   ; yes             ; Auto-Generated Megafunction              ; C:/altera_lite/15.1/PC/db/mux_glc.tdf                              ;         ;
; adder32.bdf                      ; yes             ; Auto-Found Block Diagram/Schematic File  ; C:/altera_lite/15.1/PC/adder32.bdf                                 ;         ;
; adder4.bdf                       ; yes             ; Auto-Found Block Diagram/Schematic File  ; C:/altera_lite/15.1/PC/adder4.bdf                                  ;         ;
; fa.bdf                           ; yes             ; Auto-Found Block Diagram/Schematic File  ; C:/altera_lite/15.1/PC/fa.bdf                                      ;         ;
; sl.bdf                           ; yes             ; Auto-Found Block Diagram/Schematic File  ; C:/altera_lite/15.1/PC/sl.bdf                                      ;         ;
; db/mux_4nc.tdf                   ; yes             ; Auto-Generated Megafunction              ; C:/altera_lite/15.1/PC/db/mux_4nc.tdf                              ;         ;
; sl1.bdf                          ; yes             ; Auto-Found Block Diagram/Schematic File  ; C:/altera_lite/15.1/PC/sl1.bdf                                     ;         ;
+----------------------------------+-----------------+------------------------------------------+--------------------------------------------------------------------+---------+


+---------------------------------------------------------+
; Analysis & Synthesis Resource Usage Summary             ;
+---------------------------------------------+-----------+
; Resource                                    ; Usage     ;
+---------------------------------------------+-----------+
; Estimate of Logic utilization (ALMs needed) ; 69        ;
;                                             ;           ;
; Combinational ALUT usage for logic          ; 99        ;
;     -- 7 input functions                    ; 3         ;
;     -- 6 input functions                    ; 36        ;
;     -- 5 input functions                    ; 25        ;
;     -- 4 input functions                    ; 17        ;
;     -- <=3 input functions                  ; 18        ;
;                                             ;           ;
; Dedicated logic registers                   ; 30        ;
;                                             ;           ;
; I/O pins                                    ; 78        ;
;                                             ;           ;
; Total DSP Blocks                            ; 0         ;
;                                             ;           ;
; Maximum fan-out node                        ; CLK~input ;
; Maximum fan-out                             ; 30        ;
; Total fan-out                               ; 675       ;
; Average fan-out                             ; 2.37      ;
+---------------------------------------------+-----------+


+-------------------------------------------------------------------------------------------------------------------------------------------------------------------------------------+
; Analysis & Synthesis Resource Utilization by Entity                                                                                                                                 ;
+--------------------------------+-------------------+--------------+-------------------+------------+------+--------------+-------------------------------------------+--------------+
; Compilation Hierarchy Node     ; LC Combinationals ; LC Registers ; Block Memory Bits ; DSP Blocks ; Pins ; Virtual Pins ; Full Hierarchy Name                       ; Library Name ;
+--------------------------------+-------------------+--------------+-------------------+------------+------+--------------+-------------------------------------------+--------------+
; |PC                            ; 99 (0)            ; 30 (0)       ; 0                 ; 0          ; 78   ; 0            ; |PC                                       ; work         ;
;    |Adder32:inst5|             ; 33 (0)            ; 0 (0)        ; 0                 ; 0          ; 0    ; 0            ; |PC|Adder32:inst5                         ; work         ;
;       |Adder4:inst1|           ; 5 (0)             ; 0 (0)        ; 0                 ; 0          ; 0    ; 0            ; |PC|Adder32:inst5|Adder4:inst1            ; work         ;
;          |FA:inst1|            ; 1 (1)             ; 0 (0)        ; 0                 ; 0          ; 0    ; 0            ; |PC|Adder32:inst5|Adder4:inst1|FA:inst1   ; work         ;
;          |FA:inst2|            ; 1 (1)             ; 0 (0)        ; 0                 ; 0          ; 0    ; 0            ; |PC|Adder32:inst5|Adder4:inst1|FA:inst2   ; work         ;
;          |FA:inst3|            ; 2 (2)             ; 0 (0)        ; 0                 ; 0          ; 0    ; 0            ; |PC|Adder32:inst5|Adder4:inst1|FA:inst3   ; work         ;
;          |FA:inst|             ; 1 (1)             ; 0 (0)        ; 0                 ; 0          ; 0    ; 0            ; |PC|Adder32:inst5|Adder4:inst1|FA:inst    ; work         ;
;       |Adder4:inst2|           ; 4 (0)             ; 0 (0)        ; 0                 ; 0          ; 0    ; 0            ; |PC|Adder32:inst5|Adder4:inst2            ; work         ;
;          |FA:inst1|            ; 1 (1)             ; 0 (0)        ; 0                 ; 0          ; 0    ; 0            ; |PC|Adder32:inst5|Adder4:inst2|FA:inst1   ; work         ;
;          |FA:inst2|            ; 1 (1)             ; 0 (0)        ; 0                 ; 0          ; 0    ; 0            ; |PC|Adder32:inst5|Adder4:inst2|FA:inst2   ; work         ;
;          |FA:inst3|            ; 1 (1)             ; 0 (0)        ; 0                 ; 0          ; 0    ; 0            ; |PC|Adder32:inst5|Adder4:inst2|FA:inst3   ; work         ;
;          |FA:inst|             ; 1 (1)             ; 0 (0)        ; 0                 ; 0          ; 0    ; 0            ; |PC|Adder32:inst5|Adder4:inst2|FA:inst    ; work         ;
;       |Adder4:inst3|           ; 5 (0)             ; 0 (0)        ; 0                 ; 0          ; 0    ; 0            ; |PC|Adder32:inst5|Adder4:inst3            ; work         ;
;          |FA:inst1|            ; 1 (1)             ; 0 (0)        ; 0                 ; 0          ; 0    ; 0            ; |PC|Adder32:inst5|Adder4:inst3|FA:inst1   ; work         ;
;          |FA:inst2|            ; 1 (1)             ; 0 (0)        ; 0                 ; 0          ; 0    ; 0            ; |PC|Adder32:inst5|Adder4:inst3|FA:inst2   ; work         ;
;          |FA:inst3|            ; 1 (1)             ; 0 (0)        ; 0                 ; 0          ; 0    ; 0            ; |PC|Adder32:inst5|Adder4:inst3|FA:inst3   ; work         ;
;          |FA:inst|             ; 2 (2)             ; 0 (0)        ; 0                 ; 0          ; 0    ; 0            ; |PC|Adder32:inst5|Adder4:inst3|FA:inst    ; work         ;
;       |Adder4:inst4|           ; 5 (0)             ; 0 (0)        ; 0                 ; 0          ; 0    ; 0            ; |PC|Adder32:inst5|Adder4:inst4            ; work         ;
;          |FA:inst1|            ; 2 (2)             ; 0 (0)        ; 0                 ; 0          ; 0    ; 0            ; |PC|Adder32:inst5|Adder4:inst4|FA:inst1   ; work         ;
;          |FA:inst2|            ; 1 (1)             ; 0 (0)        ; 0                 ; 0          ; 0    ; 0            ; |PC|Adder32:inst5|Adder4:inst4|FA:inst2   ; work         ;
;          |FA:inst3|            ; 1 (1)             ; 0 (0)        ; 0                 ; 0          ; 0    ; 0            ; |PC|Adder32:inst5|Adder4:inst4|FA:inst3   ; work         ;
;          |FA:inst|             ; 1 (1)             ; 0 (0)        ; 0                 ; 0          ; 0    ; 0            ; |PC|Adder32:inst5|Adder4:inst4|FA:inst    ; work         ;
;       |Adder4:inst5|           ; 5 (0)             ; 0 (0)        ; 0                 ; 0          ; 0    ; 0            ; |PC|Adder32:inst5|Adder4:inst5            ; work         ;
;          |FA:inst1|            ; 2 (2)             ; 0 (0)        ; 0                 ; 0          ; 0    ; 0            ; |PC|Adder32:inst5|Adder4:inst5|FA:inst1   ; work         ;
;          |FA:inst2|            ; 1 (1)             ; 0 (0)        ; 0                 ; 0          ; 0    ; 0            ; |PC|Adder32:inst5|Adder4:inst5|FA:inst2   ; work         ;
;          |FA:inst3|            ; 1 (1)             ; 0 (0)        ; 0                 ; 0          ; 0    ; 0            ; |PC|Adder32:inst5|Adder4:inst5|FA:inst3   ; work         ;
;          |FA:inst|             ; 1 (1)             ; 0 (0)        ; 0                 ; 0          ; 0    ; 0            ; |PC|Adder32:inst5|Adder4:inst5|FA:inst    ; work         ;
;       |Adder4:inst6|           ; 6 (0)             ; 0 (0)        ; 0                 ; 0          ; 0    ; 0            ; |PC|Adder32:inst5|Adder4:inst6            ; work         ;
;          |FA:inst1|            ; 1 (1)             ; 0 (0)        ; 0                 ; 0          ; 0    ; 0            ; |PC|Adder32:inst5|Adder4:inst6|FA:inst1   ; work         ;
;          |FA:inst2|            ; 1 (1)             ; 0 (0)        ; 0                 ; 0          ; 0    ; 0            ; |PC|Adder32:inst5|Adder4:inst6|FA:inst2   ; work         ;
;          |FA:inst3|            ; 2 (2)             ; 0 (0)        ; 0                 ; 0          ; 0    ; 0            ; |PC|Adder32:inst5|Adder4:inst6|FA:inst3   ; work         ;
;          |FA:inst|             ; 2 (2)             ; 0 (0)        ; 0                 ; 0          ; 0    ; 0            ; |PC|Adder32:inst5|Adder4:inst6|FA:inst    ; work         ;
;       |Adder4:inst7|           ; 3 (0)             ; 0 (0)        ; 0                 ; 0          ; 0    ; 0            ; |PC|Adder32:inst5|Adder4:inst7            ; work         ;
;          |FA:inst1|            ; 1 (1)             ; 0 (0)        ; 0                 ; 0          ; 0    ; 0            ; |PC|Adder32:inst5|Adder4:inst7|FA:inst1   ; work         ;
;          |FA:inst2|            ; 1 (1)             ; 0 (0)        ; 0                 ; 0          ; 0    ; 0            ; |PC|Adder32:inst5|Adder4:inst7|FA:inst2   ; work         ;
;          |FA:inst|             ; 1 (1)             ; 0 (0)        ; 0                 ; 0          ; 0    ; 0            ; |PC|Adder32:inst5|Adder4:inst7|FA:inst    ; work         ;
;    |Adder32:inst8|             ; 28 (0)            ; 0 (0)        ; 0                 ; 0          ; 0    ; 0            ; |PC|Adder32:inst8                         ; work         ;
;       |Adder4:inst1|           ; 4 (0)             ; 0 (0)        ; 0                 ; 0          ; 0    ; 0            ; |PC|Adder32:inst8|Adder4:inst1            ; work         ;
;          |FA:inst2|            ; 2 (2)             ; 0 (0)        ; 0                 ; 0          ; 0    ; 0            ; |PC|Adder32:inst8|Adder4:inst1|FA:inst2   ; work         ;
;          |FA:inst3|            ; 1 (1)             ; 0 (0)        ; 0                 ; 0          ; 0    ; 0            ; |PC|Adder32:inst8|Adder4:inst1|FA:inst3   ; work         ;
;          |FA:inst|             ; 1 (1)             ; 0 (0)        ; 0                 ; 0          ; 0    ; 0            ; |PC|Adder32:inst8|Adder4:inst1|FA:inst    ; work         ;
;       |Adder4:inst2|           ; 7 (0)             ; 0 (0)        ; 0                 ; 0          ; 0    ; 0            ; |PC|Adder32:inst8|Adder4:inst2            ; work         ;
;          |FA:inst1|            ; 5 (5)             ; 0 (0)        ; 0                 ; 0          ; 0    ; 0            ; |PC|Adder32:inst8|Adder4:inst2|FA:inst1   ; work         ;
;          |FA:inst2|            ; 1 (1)             ; 0 (0)        ; 0                 ; 0          ; 0    ; 0            ; |PC|Adder32:inst8|Adder4:inst2|FA:inst2   ; work         ;
;          |FA:inst3|            ; 1 (1)             ; 0 (0)        ; 0                 ; 0          ; 0    ; 0            ; |PC|Adder32:inst8|Adder4:inst2|FA:inst3   ; work         ;
;       |Adder4:inst3|           ; 6 (0)             ; 0 (0)        ; 0                 ; 0          ; 0    ; 0            ; |PC|Adder32:inst8|Adder4:inst3            ; work         ;
;          |FA:inst1|            ; 2 (2)             ; 0 (0)        ; 0                 ; 0          ; 0    ; 0            ; |PC|Adder32:inst8|Adder4:inst3|FA:inst1   ; work         ;
;          |FA:inst2|            ; 3 (3)             ; 0 (0)        ; 0                 ; 0          ; 0    ; 0            ; |PC|Adder32:inst8|Adder4:inst3|FA:inst2   ; work         ;
;          |FA:inst3|            ; 1 (1)             ; 0 (0)        ; 0                 ; 0          ; 0    ; 0            ; |PC|Adder32:inst8|Adder4:inst3|FA:inst3   ; work         ;
;       |Adder4:inst4|           ; 3 (0)             ; 0 (0)        ; 0                 ; 0          ; 0    ; 0            ; |PC|Adder32:inst8|Adder4:inst4            ; work         ;
;          |FA:inst3|            ; 2 (2)             ; 0 (0)        ; 0                 ; 0          ; 0    ; 0            ; |PC|Adder32:inst8|Adder4:inst4|FA:inst3   ; work         ;
;          |FA:inst|             ; 1 (1)             ; 0 (0)        ; 0                 ; 0          ; 0    ; 0            ; |PC|Adder32:inst8|Adder4:inst4|FA:inst    ; work         ;
;       |Adder4:inst5|           ; 6 (0)             ; 0 (0)        ; 0                 ; 0          ; 0    ; 0            ; |PC|Adder32:inst8|Adder4:inst5            ; work         ;
;          |FA:inst2|            ; 2 (2)             ; 0 (0)        ; 0                 ; 0          ; 0    ; 0            ; |PC|Adder32:inst8|Adder4:inst5|FA:inst2   ; work         ;
;          |FA:inst3|            ; 3 (3)             ; 0 (0)        ; 0                 ; 0          ; 0    ; 0            ; |PC|Adder32:inst8|Adder4:inst5|FA:inst3   ; work         ;
;          |FA:inst|             ; 1 (1)             ; 0 (0)        ; 0                 ; 0          ; 0    ; 0            ; |PC|Adder32:inst8|Adder4:inst5|FA:inst    ; work         ;
;       |Adder4:inst6|           ; 1 (0)             ; 0 (0)        ; 0                 ; 0          ; 0    ; 0            ; |PC|Adder32:inst8|Adder4:inst6            ; work         ;
;          |FA:inst|             ; 1 (1)             ; 0 (0)        ; 0                 ; 0          ; 0    ; 0            ; |PC|Adder32:inst8|Adder4:inst6|FA:inst    ; work         ;
;       |Adder4:inst|            ; 1 (0)             ; 0 (0)        ; 0                 ; 0          ; 0    ; 0            ; |PC|Adder32:inst8|Adder4:inst             ; work         ;
;          |FA:inst3|            ; 1 (1)             ; 0 (0)        ; 0                 ; 0          ; 0    ; 0            ; |PC|Adder32:inst8|Adder4:inst|FA:inst3    ; work         ;
;    |Register32:inst|           ; 0 (0)             ; 30 (0)       ; 0                 ; 0          ; 0    ; 0            ; |PC|Register32:inst                       ; work         ;
;       |Register8:inst1|        ; 0 (0)             ; 8 (8)        ; 0                 ; 0          ; 0    ; 0            ; |PC|Register32:inst|Register8:inst1       ; work         ;
;       |Register8:inst2|        ; 0 (0)             ; 8 (8)        ; 0                 ; 0          ; 0    ; 0            ; |PC|Register32:inst|Register8:inst2       ; work         ;
;       |Register8:inst3|        ; 0 (0)             ; 8 (8)        ; 0                 ; 0          ; 0    ; 0            ; |PC|Register32:inst|Register8:inst3       ; work         ;
;       |Register8:inst|         ; 0 (0)             ; 6 (6)        ; 0                 ; 0          ; 0    ; 0            ; |PC|Register32:inst|Register8:inst        ; work         ;
;    |lpm_mux:inst12|            ; 38 (0)            ; 0 (0)        ; 0                 ; 0          ; 0    ; 0            ; |PC|lpm_mux:inst12                        ; work         ;
;       |mux_glc:auto_generated| ; 38 (38)           ; 0 (0)        ; 0                 ; 0          ; 0    ; 0            ; |PC|lpm_mux:inst12|mux_glc:auto_generated ; work         ;
+--------------------------------+-------------------+--------------+-------------------+------------+------+--------------+-------------------------------------------+--------------+
Note: For table entries with two numbers listed, the numbers in parentheses indicate the number of resources of the given type used by the specific entity alone. The numbers listed outside of parentheses indicate the total resources of the given type used by the specific entity and all of its sub-entities in the hierarchy.


+------------------------------------------------------------------------------------------+
; Registers Removed During Synthesis                                                       ;
+---------------------------------------+--------------------------------------------------+
; Register name                         ; Reason for Removal                               ;
+---------------------------------------+--------------------------------------------------+
; Register32:inst|Register8:inst|inst7  ; Merged with Register32:inst|Register8:inst|inst6 ;
; Register32:inst|Register8:inst|inst6  ; Stuck at GND due to stuck port data_in           ;
; Total Number of Removed Registers = 2 ;                                                  ;
+---------------------------------------+--------------------------------------------------+


+------------------------------------------------------+
; General Register Statistics                          ;
+----------------------------------------------+-------+
; Statistic                                    ; Value ;
+----------------------------------------------+-------+
; Total registers                              ; 30    ;
; Number of registers using Synchronous Clear  ; 30    ;
; Number of registers using Synchronous Load   ; 0     ;
; Number of registers using Asynchronous Clear ; 0     ;
; Number of registers using Asynchronous Load  ; 0     ;
; Number of registers using Clock Enable       ; 0     ;
; Number of registers using Preset             ; 0     ;
+----------------------------------------------+-------+


+-------------------------------------------------------------------------------------------------------------------------------------------------------------------------------+
; Multiplexer Restructuring Statistics (Restructuring Performed)                                                                                                                ;
+--------------------+-----------+---------------+----------------------+------------------------+------------+-----------------------------------------------------------------+
; Multiplexer Inputs ; Bus Width ; Baseline Area ; Area if Restructured ; Saving if Restructured ; Registered ; Example Multiplexer Output                                      ;
+--------------------+-----------+---------------+----------------------+------------------------+------------+-----------------------------------------------------------------+
; 3:1                ; 4 bits    ; 8 LEs         ; 4 LEs                ; 4 LEs                  ; No         ; |PC|lpm_mux:inst12|mux_glc:auto_generated|l2_w31_n0_mux_dataout ;
; 4:1                ; 26 bits   ; 52 LEs        ; 52 LEs               ; 0 LEs                  ; No         ; |PC|lpm_mux:inst12|mux_glc:auto_generated|l2_w27_n0_mux_dataout ;
+--------------------+-----------+---------------+----------------------+------------------------+------------+-----------------------------------------------------------------+


+-------------------------------------------------------------+
; Parameter Settings for User Entity Instance: LPM_MUX:inst12 ;
+------------------------+-----------+------------------------+
; Parameter Name         ; Value     ; Type                   ;
+------------------------+-----------+------------------------+
; AUTO_CARRY_CHAINS      ; ON        ; AUTO_CARRY             ;
; IGNORE_CARRY_BUFFERS   ; OFF       ; IGNORE_CARRY           ;
; AUTO_CASCADE_CHAINS    ; ON        ; AUTO_CASCADE           ;
; IGNORE_CASCADE_BUFFERS ; OFF       ; IGNORE_CASCADE         ;
; LPM_WIDTH              ; 32        ; Untyped                ;
; LPM_SIZE               ; 4         ; Untyped                ;
; LPM_WIDTHS             ; 2         ; Untyped                ;
; LPM_PIPELINE           ; 0         ; Untyped                ;
; CBXI_PARAMETER         ; mux_glc   ; Untyped                ;
; DEVICE_FAMILY          ; Cyclone V ; Untyped                ;
+------------------------+-----------+------------------------+
Note: In order to hide this table in the UI and the text report file, please set the "Show Parameter Settings in Synthesis Report" option in "Analysis and Synthesis Settings -> More Settings" to "Off".


+----------------------------------------------------------------------+
; Parameter Settings for User Entity Instance: SL:inst7|LPM_MUX:inst31 ;
+------------------------+-----------+---------------------------------+
; Parameter Name         ; Value     ; Type                            ;
+------------------------+-----------+---------------------------------+
; AUTO_CARRY_CHAINS      ; ON        ; AUTO_CARRY                      ;
; IGNORE_CARRY_BUFFERS   ; OFF       ; IGNORE_CARRY                    ;
; AUTO_CASCADE_CHAINS    ; ON        ; AUTO_CASCADE                    ;
; IGNORE_CASCADE_BUFFERS ; OFF       ; IGNORE_CASCADE                  ;
; LPM_WIDTH              ; 32        ; Untyped                         ;
; LPM_SIZE               ; 32        ; Untyped                         ;
; LPM_WIDTHS             ; 5         ; Untyped                         ;
; LPM_PIPELINE           ; 0         ; Untyped                         ;
; CBXI_PARAMETER         ; mux_4nc   ; Untyped                         ;
; DEVICE_FAMILY          ; Cyclone V ; Untyped                         ;
+------------------------+-----------+---------------------------------+
Note: In order to hide this table in the UI and the text report file, please set the "Show Parameter Settings in Synthesis Report" option in "Analysis and Synthesis Settings -> More Settings" to "Off".


+-----------------------------------------------------+
; Post-Synthesis Netlist Statistics for Top Partition ;
+-----------------------+-----------------------------+
; Type                  ; Count                       ;
+-----------------------+-----------------------------+
; arriav_ff             ; 30                          ;
;     SCLR              ; 30                          ;
; arriav_lcell_comb     ; 100                         ;
;     extend            ; 3                           ;
;         7 data inputs ; 3                           ;
;     normal            ; 97                          ;
;         0 data inputs ; 1                           ;
;         2 data inputs ; 7                           ;
;         3 data inputs ; 11                          ;
;         4 data inputs ; 17                          ;
;         5 data inputs ; 25                          ;
;         6 data inputs ; 36                          ;
; boundary_port         ; 78                          ;
;                       ;                             ;
; Max LUT depth         ; 9.00                        ;
; Average LUT depth     ; 5.66                        ;
+-----------------------+-----------------------------+


+-------------------------------+
; Elapsed Time Per Partition    ;
+----------------+--------------+
; Partition Name ; Elapsed Time ;
+----------------+--------------+
; Top            ; 00:00:01     ;
+----------------+--------------+


+-------------------------------+
; Analysis & Synthesis Messages ;
+-------------------------------+
Info: *******************************************************************
Info: Running Quartus Prime Analysis & Synthesis
    Info: Version 15.1.0 Build 185 10/21/2015 SJ Lite Edition
    Info: Processing started: Thu May 16 14:31:55 2019
Info: Command: quartus_map --read_settings_files=on --write_settings_files=off PC -c PC
Info (20030): Parallel compilation is enabled and will use 2 of the 2 processors detected
Info (12021): Found 1 design units, including 1 entities, in source file pc.bdf
    Info (12023): Found entity 1: PC
Info (12021): Found 1 design units, including 1 entities, in source file se.bdf
    Info (12023): Found entity 1: se
Info (12127): Elaborating entity "PC" for the top level hierarchy
Warning (275083): Bus "pc4[31..0]" found using same base name as "PC", which might lead to a name conflict.
Warning (275083): Bus "pc4[31..0]" found using same base name as "PC", which might lead to a name conflict.
Warning (275083): Bus "pc4[31]" found using same base name as "PC", which might lead to a name conflict.
Warning (275083): Bus "pc4[30]" found using same base name as "PC", which might lead to a name conflict.
Warning (275083): Bus "pc4[29]" found using same base name as "PC", which might lead to a name conflict.
Warning (275083): Bus "pc4[28]" found using same base name as "PC", which might lead to a name conflict.
Warning (275080): Converted elements in bus name "PC" using legacy naming rules. Make any assignments on the new names, not on the original names.
    Warning (275081): Converted element name(s) from "PC[31..0]" to "PC31..0"
Warning (275080): Converted elements in bus name "pc4" using legacy naming rules. Make any assignments on the new names, not on the original names.
    Warning (275081): Converted element name(s) from "pc4[31..0]" to "pc431..0"
    Warning (275081): Converted element name(s) from "pc4[31..0]" to "pc431..0"
    Warning (275081): Converted element name(s) from "pc4[31]" to "pc431"
    Warning (275081): Converted element name(s) from "pc4[30]" to "pc430"
    Warning (275081): Converted element name(s) from "pc4[29]" to "pc429"
    Warning (275081): Converted element name(s) from "pc4[28]" to "pc428"
Warning (12125): Using design file register32.bdf, which is not specified as a design file for the current project, but contains definitions for 1 design units and 1 entities in project
    Info (12023): Found entity 1: Register32
Info (12128): Elaborating entity "Register32" for hierarchy "Register32:inst"
Warning (12125): Using design file register8.bdf, which is not specified as a design file for the current project, but contains definitions for 1 design units and 1 entities in project
    Info (12023): Found entity 1: Register8
Info (12128): Elaborating entity "Register8" for hierarchy "Register32:inst|Register8:inst"
Info (12128): Elaborating entity "LPM_MUX" for hierarchy "LPM_MUX:inst12"
Info (12130): Elaborated megafunction instantiation "LPM_MUX:inst12"
Info (12133): Instantiated megafunction "LPM_MUX:inst12" with the following parameter:
    Info (12134): Parameter "LPM_SIZE" = "4"
    Info (12134): Parameter "LPM_WIDTH" = "32"
    Info (12134): Parameter "LPM_WIDTHS" = "2"
Info (12021): Found 1 design units, including 1 entities, in source file db/mux_glc.tdf
    Info (12023): Found entity 1: mux_glc File: C:/altera_lite/15.1/PC/db/mux_glc.tdf Line: 23
Info (12128): Elaborating entity "mux_glc" for hierarchy "LPM_MUX:inst12|mux_glc:auto_generated" File: c:/altera_lite/15.1/quartus/libraries/megafunctions/lpm_mux.tdf Line: 87
Warning (12125): Using design file adder32.bdf, which is not specified as a design file for the current project, but contains definitions for 1 design units and 1 entities in project
    Info (12023): Found entity 1: Adder32
Info (12128): Elaborating entity "Adder32" for hierarchy "Adder32:inst5"
Warning (275043): Pin "Cout" is missing source
Warning (12125): Using design file adder4.bdf, which is not specified as a design file for the current project, but contains definitions for 1 design units and 1 entities in project
    Info (12023): Found entity 1: Adder4
Info (12128): Elaborating entity "Adder4" for hierarchy "Adder32:inst5|Adder4:inst"
Warning (12125): Using design file fa.bdf, which is not specified as a design file for the current project, but contains definitions for 1 design units and 1 entities in project
    Info (12023): Found entity 1: FA
Info (12128): Elaborating entity "FA" for hierarchy "Adder32:inst5|Adder4:inst|FA:inst3"
Warning (12125): Using design file sl.bdf, which is not specified as a design file for the current project, but contains definitions for 1 design units and 1 entities in project
    Info (12023): Found entity 1: SL
Info (12128): Elaborating entity "SL" for hierarchy "SL:inst7"
Info (12128): Elaborating entity "LPM_MUX" for hierarchy "SL:inst7|LPM_MUX:inst31"
Info (12130): Elaborated megafunction instantiation "SL:inst7|LPM_MUX:inst31"
Info (12133): Instantiated megafunction "SL:inst7|LPM_MUX:inst31" with the following parameter:
    Info (12134): Parameter "LPM_SIZE" = "32"
    Info (12134): Parameter "LPM_WIDTH" = "32"
    Info (12134): Parameter "LPM_WIDTHS" = "5"
Info (12021): Found 1 design units, including 1 entities, in source file db/mux_4nc.tdf
    Info (12023): Found entity 1: mux_4nc File: C:/altera_lite/15.1/PC/db/mux_4nc.tdf Line: 23
Info (12128): Elaborating entity "mux_4nc" for hierarchy "SL:inst7|LPM_MUX:inst31|mux_4nc:auto_generated" File: c:/altera_lite/15.1/quartus/libraries/megafunctions/lpm_mux.tdf Line: 87
Warning (12125): Using design file sl1.bdf, which is not specified as a design file for the current project, but contains definitions for 1 design units and 1 entities in project
    Info (12023): Found entity 1: SL1
Info (12128): Elaborating entity "SL1" for hierarchy "SL:inst7|SL1:inst"
Info (12128): Elaborating entity "se" for hierarchy "se:inst6"
Warning (13024): Output pins are stuck at VCC or GND
    Warning (13410): Pin "PC1" is stuck at GND
    Warning (13410): Pin "PC0" is stuck at GND
Info (286030): Timing-Driven Synthesis is running
Info (16010): Generating hard_block partition "hard_block:auto_generated_inst"
    Info (16011): Adding 0 node(s), including 0 DDIO, 0 PLL, 0 transceiver and 0 LCELL
Info (21057): Implemented 177 device resources after synthesis - the final resource count might be different
    Info (21058): Implemented 46 input pins
    Info (21059): Implemented 32 output pins
    Info (21061): Implemented 99 logic cells
Info: Quartus Prime Analysis & Synthesis was successful. 0 errors, 26 warnings
    Info: Peak virtual memory: 881 megabytes
    Info: Processing ended: Thu May 16 14:32:32 2019
    Info: Elapsed time: 00:00:37
    Info: Total CPU time (on all processors): 00:00:24


