Flow report for Q2
Wed May 08 01:04:05 2019
Quartus Prime Version 15.1.1 Build 189 12/02/2015 SJ Lite Edition


---------------------
; Table of Contents ;
---------------------
  1. Legal Notice
  2. Flow Summary
  3. Flow Settings
  4. Flow Non-Default Global Settings
  5. Flow Elapsed Time
  6. Flow OS Summary
  7. Flow Log
  8. Flow Messages
  9. Flow Suppressed Messages



----------------
; Legal Notice ;
----------------
Copyright (C) 1991-2015 Altera Corporation. All rights reserved.
Your use of Altera Corporation's design tools, logic functions 
and other software and tools, and its AMPP partner logic 
functions, and any output files from any of the foregoing 
(including device programming or simulation files), and any 
associated documentation or information are expressly subject 
to the terms and conditions of the Altera Program License 
Subscription Agreement, the Altera Quartus Prime License Agreement,
the Altera MegaCore Function License Agreement, or other 
applicable license agreement, including, without limitation, 
that your use is for the sole purpose of programming logic 
devices manufactured by Altera and sold by Altera or its 
authorized distributors.  Please refer to the applicable 
agreement for further details.



+-------------------------------------------------------------------------------+
; Flow Summary                                                                  ;
+---------------------------------+---------------------------------------------+
; Flow Status                     ; Successful - Wed May 08 01:04:05 2019       ;
; Quartus Prime Version           ; 15.1.1 Build 189 12/02/2015 SJ Lite Edition ;
; Revision Name                   ; Q2                                          ;
; Top-level Entity Name           ; Register_File                               ;
; Family                          ; Cyclone V                                   ;
; Device                          ; 5CGXFC9E7F35C8                              ;
; Timing Models                   ; Final                                       ;
; Logic utilization (in ALMs)     ; 927 / 113,560 ( < 1 % )                     ;
; Total registers                 ; 0                                           ;
; Total pins                      ; 114 / 616 ( 19 % )                          ;
; Total virtual pins              ; 0                                           ;
; Total block memory bits         ; 0 / 12,492,800 ( 0 % )                      ;
; Total DSP Blocks                ; 0 / 342 ( 0 % )                             ;
; Total HSSI RX PCSs              ; 0 / 12 ( 0 % )                              ;
; Total HSSI PMA RX Deserializers ; 0 / 12 ( 0 % )                              ;
; Total HSSI TX PCSs              ; 0 / 12 ( 0 % )                              ;
; Total HSSI PMA TX Serializers   ; 0 / 12 ( 0 % )                              ;
; Total PLLs                      ; 0 / 20 ( 0 % )                              ;
; Total DLLs                      ; 0 / 4 ( 0 % )                               ;
+---------------------------------+---------------------------------------------+


+-----------------------------------------+
; Flow Settings                           ;
+-------------------+---------------------+
; Option            ; Setting             ;
+-------------------+---------------------+
; Start date & time ; 05/08/2019 00:56:35 ;
; Main task         ; Compilation         ;
; Revision Name     ; Q2                  ;
+-------------------+---------------------+


+------------------------------------------------------------------------------------------------------------------------------+
; Flow Non-Default Global Settings                                                                                             ;
+-------------------------------------+---------------------------------------+---------------+---------------+----------------+
; Assignment Name                     ; Value                                 ; Default Value ; Entity Name   ; Section Id     ;
+-------------------------------------+---------------------------------------+---------------+---------------+----------------+
; COMPILER_SIGNATURE_ID               ; 121370992921.155726079508140          ; --            ; --            ; --             ;
; EDA_OUTPUT_DATA_FORMAT              ; Vhdl                                  ; --            ; --            ; eda_simulation ;
; EDA_SIMULATION_TOOL                 ; ModelSim-Altera (VHDL)                ; <None>        ; --            ; --             ;
; MAX_CORE_JUNCTION_TEMP              ; 85                                    ; --            ; --            ; --             ;
; MIN_CORE_JUNCTION_TEMP              ; 0                                     ; --            ; --            ; --             ;
; PARTITION_COLOR                     ; 16764057                              ; --            ; Register_File ; Top            ;
; PARTITION_FITTER_PRESERVATION_LEVEL ; PLACEMENT_AND_ROUTING                 ; --            ; Register_File ; Top            ;
; PARTITION_NETLIST_TYPE              ; SOURCE                                ; --            ; Register_File ; Top            ;
; POWER_BOARD_THERMAL_MODEL           ; None (CONSERVATIVE)                   ; --            ; --            ; --             ;
; POWER_PRESET_COOLING_SOLUTION       ; 23 MM HEAT SINK WITH 200 LFPM AIRFLOW ; --            ; --            ; --             ;
; PROJECT_OUTPUT_DIRECTORY            ; output_files                          ; --            ; --            ; --             ;
; TOP_LEVEL_ENTITY                    ; Register_File                         ; Q2            ; --            ; --             ;
+-------------------------------------+---------------------------------------+---------------+---------------+----------------+


+-------------------------------------------------------------------------------------------------------------------------------+
; Flow Elapsed Time                                                                                                             ;
+---------------------------+--------------+-------------------------+---------------------+------------------------------------+
; Module Name               ; Elapsed Time ; Average Processors Used ; Peak Virtual Memory ; Total CPU Time (on all processors) ;
+---------------------------+--------------+-------------------------+---------------------+------------------------------------+
; Analysis & Synthesis      ; 00:01:14     ; 1.0                     ; 5059 MB             ; 00:01:14                           ;
; Fitter                    ; 00:02:05     ; 1.0                     ; 6813 MB             ; 00:02:35                           ;
; Assembler                 ; 00:00:28     ; 1.0                     ; 5048 MB             ; 00:00:21                           ;
; TimeQuest Timing Analyzer ; 00:00:13     ; 1.2                     ; 5505 MB             ; 00:00:12                           ;
; EDA Netlist Writer        ; 00:00:02     ; 1.0                     ; 4986 MB             ; 00:00:02                           ;
; EDA Netlist Writer        ; 00:00:01     ; 1.0                     ; 4949 MB             ; 00:00:01                           ;
; EDA Netlist Writer        ; 00:00:01     ; 1.0                     ; 4949 MB             ; 00:00:02                           ;
; Total                     ; 00:04:04     ; --                      ; --                  ; 00:04:27                           ;
+---------------------------+--------------+-------------------------+---------------------+------------------------------------+


+----------------------------------------------------------------------------------------+
; Flow OS Summary                                                                        ;
+---------------------------+------------------+-----------+------------+----------------+
; Module Name               ; Machine Hostname ; OS Name   ; OS Version ; Processor type ;
+---------------------------+------------------+-----------+------------+----------------+
; Analysis & Synthesis      ; AMIRHOSEINF465   ; Windows 8 ; 6.2        ; x86_64         ;
; Fitter                    ; AMIRHOSEINF465   ; Windows 8 ; 6.2        ; x86_64         ;
; Assembler                 ; AMIRHOSEINF465   ; Windows 8 ; 6.2        ; x86_64         ;
; TimeQuest Timing Analyzer ; AMIRHOSEINF465   ; Windows 8 ; 6.2        ; x86_64         ;
; EDA Netlist Writer        ; AMIRHOSEINF465   ; Windows 8 ; 6.2        ; x86_64         ;
; EDA Netlist Writer        ; AMIRHOSEINF465   ; Windows 8 ; 6.2        ; x86_64         ;
; EDA Netlist Writer        ; AMIRHOSEINF465   ; Windows 8 ; 6.2        ; x86_64         ;
+---------------------------+------------------+-----------+------------+----------------+


------------
; Flow Log ;
------------
quartus_map --read_settings_files=on --write_settings_files=off Q2 -c Q2
quartus_fit --read_settings_files=off --write_settings_files=off Q2 -c Q2
quartus_asm --read_settings_files=off --write_settings_files=off Q2 -c Q2
quartus_sta Q2 -c Q2
quartus_eda --read_settings_files=off --write_settings_files=off Q2 -c Q2
quartus_eda --gen_testbench --tool=modelsim_oem --format=verilog --write_settings_files=off Q2 -c Q2 --vector_source="Y:/Term6/Semester_6/Computer Architecture/assignment/HW3/Q2/Register_File.vwf" --testbench_file="Y:/Term6/Semester_6/Computer Architecture/assignment/HW3/Q2/simulation/qsim/Register_File.vwf.vt"
quartus_eda --write_settings_files=off --functional=on --flatten_buses=off --simulation=on --tool=modelsim_oem --format=verilog --output_directory="Y:/Term6/Semester_6/Computer Architecture/assignment/HW3/Q2/simulation/qsim/" Q2 -c Q2



