Analysis & Synthesis report for Q2
Tue Jun 18 13:23:31 2019
Quartus Prime Version 15.1.1 Build 189 12/02/2015 SJ Lite Edition


---------------------
; Table of Contents ;
---------------------
  1. Legal Notice
  2. Analysis & Synthesis Summary
  3. Analysis & Synthesis Settings
  4. Parallel Compilation
  5. Parameter Settings for User Entity Instance: LPM_DECODE:inst
  6. Analysis & Synthesis Messages



----------------
; Legal Notice ;
----------------
Copyright (C) 1991-2015 Altera Corporation. All rights reserved.
Your use of Altera Corporation's design tools, logic functions 
and other software and tools, and its AMPP partner logic 
functions, and any output files from any of the foregoing 
(including device programming or simulation files), and any 
associated documentation or information are expressly subject 
to the terms and conditions of the Altera Program License 
Subscription Agreement, the Altera Quartus Prime License Agreement,
the Altera MegaCore Function License Agreement, or other 
applicable license agreement, including, without limitation, 
that your use is for the sole purpose of programming logic 
devices manufactured by Altera and sold by Altera or its 
authorized distributors.  Please refer to the applicable 
agreement for further details.



+---------------------------------------------------------------------------+
; Analysis & Synthesis Summary                                              ;
+-----------------------------+---------------------------------------------+
; Analysis & Synthesis Status ; Failed - Tue Jun 18 13:23:31 2019           ;
; Quartus Prime Version       ; 15.1.1 Build 189 12/02/2015 SJ Lite Edition ;
; Revision Name               ; Q2                                          ;
; Top-level Entity Name       ; Register_File                               ;
; Family                      ; Cyclone V                                   ;
; Logic utilization (in ALMs) ; N/A until Partition Merge                   ;
; Total registers             ; N/A until Partition Merge                   ;
; Total pins                  ; N/A until Partition Merge                   ;
; Total virtual pins          ; N/A until Partition Merge                   ;
; Total block memory bits     ; N/A until Partition Merge                   ;
; Total PLLs                  ; N/A until Partition Merge                   ;
; Total DLLs                  ; N/A until Partition Merge                   ;
+-----------------------------+---------------------------------------------+


+---------------------------------------------------------------------------------------------------------------------------+
; Analysis & Synthesis Settings                                                                                             ;
+---------------------------------------------------------------------------------+--------------------+--------------------+
; Option                                                                          ; Setting            ; Default Value      ;
+---------------------------------------------------------------------------------+--------------------+--------------------+
; Device                                                                          ; 5CGXFC9E7F35C8     ;                    ;
; Top-level entity name                                                           ; Register_File      ; Q2                 ;
; Family name                                                                     ; Cyclone V          ; Cyclone V          ;
; Use smart compilation                                                           ; Off                ; Off                ;
; Enable parallel Assembler and TimeQuest Timing Analyzer during compilation      ; On                 ; On                 ;
; Enable compact report table                                                     ; Off                ; Off                ;
; Restructure Multiplexers                                                        ; Auto               ; Auto               ;
; MLAB Add Timing Constraints For Mixed-Port Feed-Through Mode Setting Don't Care ; Off                ; Off                ;
; Create Debugging Nodes for IP Cores                                             ; Off                ; Off                ;
; Preserve fewer node names                                                       ; On                 ; On                 ;
; Disable OpenCore Plus hardware evaluation                                       ; Off                ; Off                ;
; Verilog Version                                                                 ; Verilog_2001       ; Verilog_2001       ;
; VHDL Version                                                                    ; VHDL_1993          ; VHDL_1993          ;
; State Machine Processing                                                        ; Auto               ; Auto               ;
; Safe State Machine                                                              ; Off                ; Off                ;
; Extract Verilog State Machines                                                  ; On                 ; On                 ;
; Extract VHDL State Machines                                                     ; On                 ; On                 ;
; Ignore Verilog initial constructs                                               ; Off                ; Off                ;
; Iteration limit for constant Verilog loops                                      ; 5000               ; 5000               ;
; Iteration limit for non-constant Verilog loops                                  ; 250                ; 250                ;
; Add Pass-Through Logic to Inferred RAMs                                         ; On                 ; On                 ;
; Infer RAMs from Raw Logic                                                       ; On                 ; On                 ;
; Parallel Synthesis                                                              ; On                 ; On                 ;
; DSP Block Balancing                                                             ; Auto               ; Auto               ;
; NOT Gate Push-Back                                                              ; On                 ; On                 ;
; Power-Up Don't Care                                                             ; On                 ; On                 ;
; Remove Redundant Logic Cells                                                    ; Off                ; Off                ;
; Remove Duplicate Registers                                                      ; On                 ; On                 ;
; Ignore CARRY Buffers                                                            ; Off                ; Off                ;
; Ignore CASCADE Buffers                                                          ; Off                ; Off                ;
; Ignore GLOBAL Buffers                                                           ; Off                ; Off                ;
; Ignore ROW GLOBAL Buffers                                                       ; Off                ; Off                ;
; Ignore LCELL Buffers                                                            ; Off                ; Off                ;
; Ignore SOFT Buffers                                                             ; On                 ; On                 ;
; Limit AHDL Integers to 32 Bits                                                  ; Off                ; Off                ;
; Optimization Technique                                                          ; Balanced           ; Balanced           ;
; Carry Chain Length                                                              ; 70                 ; 70                 ;
; Auto Carry Chains                                                               ; On                 ; On                 ;
; Auto Open-Drain Pins                                                            ; On                 ; On                 ;
; Perform WYSIWYG Primitive Resynthesis                                           ; Off                ; Off                ;
; Auto ROM Replacement                                                            ; On                 ; On                 ;
; Auto RAM Replacement                                                            ; On                 ; On                 ;
; Auto DSP Block Replacement                                                      ; On                 ; On                 ;
; Auto Shift Register Replacement                                                 ; Auto               ; Auto               ;
; Allow Shift Register Merging across Hierarchies                                 ; Auto               ; Auto               ;
; Auto Clock Enable Replacement                                                   ; On                 ; On                 ;
; Strict RAM Replacement                                                          ; Off                ; Off                ;
; Allow Synchronous Control Signals                                               ; On                 ; On                 ;
; Force Use of Synchronous Clear Signals                                          ; Off                ; Off                ;
; Auto Resource Sharing                                                           ; Off                ; Off                ;
; Allow Any RAM Size For Recognition                                              ; Off                ; Off                ;
; Allow Any ROM Size For Recognition                                              ; Off                ; Off                ;
; Allow Any Shift Register Size For Recognition                                   ; Off                ; Off                ;
; Use LogicLock Constraints during Resource Balancing                             ; On                 ; On                 ;
; Ignore translate_off and synthesis_off directives                               ; Off                ; Off                ;
; Timing-Driven Synthesis                                                         ; On                 ; On                 ;
; Report Parameter Settings                                                       ; On                 ; On                 ;
; Report Source Assignments                                                       ; On                 ; On                 ;
; Report Connectivity Checks                                                      ; On                 ; On                 ;
; Ignore Maximum Fan-Out Assignments                                              ; Off                ; Off                ;
; Synchronization Register Chain Length                                           ; 3                  ; 3                  ;
; PowerPlay Power Optimization During Synthesis                                   ; Normal compilation ; Normal compilation ;
; HDL message level                                                               ; Level2             ; Level2             ;
; Suppress Register Optimization Related Messages                                 ; Off                ; Off                ;
; Number of Removed Registers Reported in Synthesis Report                        ; 5000               ; 5000               ;
; Number of Swept Nodes Reported in Synthesis Report                              ; 5000               ; 5000               ;
; Number of Inverted Registers Reported in Synthesis Report                       ; 100                ; 100                ;
; Clock MUX Protection                                                            ; On                 ; On                 ;
; Auto Gated Clock Conversion                                                     ; Off                ; Off                ;
; Block Design Naming                                                             ; Auto               ; Auto               ;
; SDC constraint protection                                                       ; Off                ; Off                ;
; Synthesis Effort                                                                ; Auto               ; Auto               ;
; Shift Register Replacement - Allow Asynchronous Clear Signal                    ; On                 ; On                 ;
; Pre-Mapping Resynthesis Optimization                                            ; Off                ; Off                ;
; Analysis & Synthesis Message Level                                              ; Medium             ; Medium             ;
; Disable Register Merging Across Hierarchies                                     ; Auto               ; Auto               ;
; Resource Aware Inference For Block RAM                                          ; On                 ; On                 ;
; Synthesis Seed                                                                  ; 1                  ; 1                  ;
; Automatic Parallel Synthesis                                                    ; On                 ; On                 ;
; Partial Reconfiguration Bitstream ID                                            ; Off                ; Off                ;
+---------------------------------------------------------------------------------+--------------------+--------------------+


+------------------------------------------+
; Parallel Compilation                     ;
+----------------------------+-------------+
; Processors                 ; Number      ;
+----------------------------+-------------+
; Number detected on machine ; 4           ;
; Maximum allowed            ; 4           ;
;                            ;             ;
; Average used               ; 1.00        ;
; Maximum used               ; 1           ;
;                            ;             ;
; Usage by Processor         ; % Time Used ;
;     Processor 1            ; 100.0%      ;
+----------------------------+-------------+


+--------------------------------------------------------------+
; Parameter Settings for User Entity Instance: LPM_DECODE:inst ;
+------------------------+------------+------------------------+
; Parameter Name         ; Value      ; Type                   ;
+------------------------+------------+------------------------+
; LPM_WIDTH              ; 5          ; Untyped                ;
; LPM_DECODES            ; 32         ; Untyped                ;
; LPM_PIPELINE           ; 0          ; Untyped                ;
; CASCADE_CHAIN          ; MANUAL     ; Untyped                ;
; DEVICE_FAMILY          ; Cyclone V  ; Untyped                ;
; CBXI_PARAMETER         ; decode_mpf ; Untyped                ;
; AUTO_CARRY_CHAINS      ; ON         ; AUTO_CARRY             ;
; IGNORE_CARRY_BUFFERS   ; OFF        ; IGNORE_CARRY           ;
; AUTO_CASCADE_CHAINS    ; ON         ; AUTO_CASCADE           ;
; IGNORE_CASCADE_BUFFERS ; OFF        ; IGNORE_CASCADE         ;
+------------------------+------------+------------------------+
Note: In order to hide this table in the UI and the text report file, please set the "Show Parameter Settings in Synthesis Report" option in "Analysis and Synthesis Settings -> More Settings" to "Off".


+-------------------------------+
; Analysis & Synthesis Messages ;
+-------------------------------+
Info: *******************************************************************
Info: Running Quartus Prime Analysis & Synthesis
    Info: Version 15.1.1 Build 189 12/02/2015 SJ Lite Edition
    Info: Processing started: Tue Jun 18 13:23:18 2019
Info: Command: quartus_map --read_settings_files=on --write_settings_files=off Q2 -c Q2
Info (20030): Parallel compilation is enabled and will use 4 of the 4 processors detected
Info (12021): Found 1 design units, including 1 entities, in source file //mac/home/term6/semester_6/computer architecture/assignment/hw3/mux2_1.bdf
    Info (12023): Found entity 1: mux2_1
Info (12021): Found 1 design units, including 1 entities, in source file //mac/home/term6/semester_6/computer architecture/assignment/hw3/mux8_1.bdf
    Info (12023): Found entity 1: mux8_1
Info (12021): Found 1 design units, including 1 entities, in source file //mac/home/term6/semester_6/computer architecture/assignment/hw2/hw2_96110323/universal shift register/my81mux.bdf
    Info (12023): Found entity 1: my81MUX
Info (12021): Found 1 design units, including 1 entities, in source file //mac/home/term6/semester_6/computer architecture/assignment/hw2/hw2_96110323/universal shift register/my21mux.bdf
    Info (12023): Found entity 1: my21mux
Info (12021): Found 1 design units, including 1 entities, in source file register_4bit.bdf
    Info (12023): Found entity 1: register_4bit
Info (12021): Found 1 design units, including 1 entities, in source file mydff.bdf
    Info (12023): Found entity 1: mydff
Info (12021): Found 1 design units, including 1 entities, in source file mymux4_1.bdf
    Info (12023): Found entity 1: mymux4_1
Info (12021): Found 1 design units, including 1 entities, in source file register_8bit.bdf
    Info (12023): Found entity 1: register_8bit
Info (12021): Found 1 design units, including 1 entities, in source file reg_16bit.bdf
    Info (12023): Found entity 1: reg_16bit
Info (12021): Found 1 design units, including 1 entities, in source file reg_32bit.bdf
    Info (12023): Found entity 1: reg_32bit
Info (12021): Found 1 design units, including 1 entities, in source file register_file.bdf
    Info (12023): Found entity 1: Register_File
Info (12021): Found 1 design units, including 1 entities, in source file //mac/home/term6/semester_6/computer architecture/assignment/hw2/hw2_96110323/universal shift register/mtest.bdf
    Info (12023): Found entity 1: mtest
Info (12021): Found 1 design units, including 1 entities, in source file mux_32bit.bdf
    Info (12023): Found entity 1: mux_32bit
Info (12021): Found 1 design units, including 1 entities, in source file decoder2_4.bdf
    Info (12023): Found entity 1: decoder2_4
Info (12127): Elaborating entity "Register_File" for the top level hierarchy
Warning (275008): Primitive "GND" of instance "inst50" not used
Info (12128): Elaborating entity "mux2_1" for hierarchy "mux2_1:inst44"
Info (12128): Elaborating entity "mux8_1" for hierarchy "mux8_1:inst125"
Info (12128): Elaborating entity "reg_32bit" for hierarchy "reg_32bit:inst33"
Info (12128): Elaborating entity "reg_16bit" for hierarchy "reg_32bit:inst33|reg_16bit:inst"
Info (12128): Elaborating entity "register_8bit" for hierarchy "reg_32bit:inst33|reg_16bit:inst|register_8bit:inst"
Info (12128): Elaborating entity "register_4bit" for hierarchy "reg_32bit:inst33|reg_16bit:inst|register_8bit:inst|register_4bit:inst"
Warning (275008): Primitive "DFFE" of instance "inst10" not used
Warning (275008): Primitive "DFFE" of instance "inst11" not used
Warning (275008): Primitive "DFFE" of instance "inst12" not used
Warning (275008): Primitive "NOT" of instance "inst4" not used
Warning (275008): Primitive "DFFE" of instance "inst9" not used
Info (12128): Elaborating entity "mydff" for hierarchy "reg_32bit:inst33|reg_16bit:inst|register_8bit:inst|register_4bit:inst|mydff:inst8"
Info (12128): Elaborating entity "LPM_DECODE" for hierarchy "LPM_DECODE:inst"
Info (12130): Elaborated megafunction instantiation "LPM_DECODE:inst"
Info (12133): Instantiated megafunction "LPM_DECODE:inst" with the following parameter:
    Info (12134): Parameter "LPM_DECODES" = "32"
    Info (12134): Parameter "LPM_WIDTH" = "5"
Info (12021): Found 1 design units, including 1 entities, in source file db/decode_mpf.tdf
    Info (12023): Found entity 1: decode_mpf File: //Mac/Home/Term6/Semester_6/Computer Architecture/assignment/HW3/Q2/db/decode_mpf.tdf Line: 23
Info (12128): Elaborating entity "decode_mpf" for hierarchy "LPM_DECODE:inst|decode_mpf:auto_generated" File: c:/altera_lite/15.1/quartus/libraries/megafunctions/lpm_decode.tdf Line: 77
Error (12002): Port "D[0]" does not exist in macrofunction "inst2"
Error (12002): Port "D[10]" does not exist in macrofunction "inst2"
Error (12002): Port "D[11]" does not exist in macrofunction "inst2"
Error (12002): Port "D[12]" does not exist in macrofunction "inst2"
Error (12002): Port "D[13]" does not exist in macrofunction "inst2"
Error (12002): Port "D[14]" does not exist in macrofunction "inst2"
Error (12002): Port "D[15]" does not exist in macrofunction "inst2"
Error (12002): Port "D[16]" does not exist in macrofunction "inst2"
Error (12002): Port "D[17]" does not exist in macrofunction "inst2"
Error (12002): Port "D[18]" does not exist in macrofunction "inst2"
Error (12002): Port "D[19]" does not exist in macrofunction "inst2"
Error (12002): Port "D[1]" does not exist in macrofunction "inst2"
Error (12002): Port "D[20]" does not exist in macrofunction "inst2"
Error (12002): Port "D[21]" does not exist in macrofunction "inst2"
Error (12002): Port "D[22]" does not exist in macrofunction "inst2"
Error (12002): Port "D[23]" does not exist in macrofunction "inst2"
Error (12002): Port "D[24]" does not exist in macrofunction "inst2"
Error (12002): Port "D[25]" does not exist in macrofunction "inst2"
Error (12002): Port "D[26]" does not exist in macrofunction "inst2"
Error (12002): Port "D[27]" does not exist in macrofunction "inst2"
Error (12002): Port "D[28]" does not exist in macrofunction "inst2"
Error (12002): Port "D[29]" does not exist in macrofunction "inst2"
Error (12002): Port "D[2]" does not exist in macrofunction "inst2"
Error (12002): Port "D[30]" does not exist in macrofunction "inst2"
Error (12002): Port "D[31]" does not exist in macrofunction "inst2"
Error (12002): Port "D[3]" does not exist in macrofunction "inst2"
Error (12002): Port "D[4]" does not exist in macrofunction "inst2"
Error (12002): Port "D[5]" does not exist in macrofunction "inst2"
Error (12002): Port "D[6]" does not exist in macrofunction "inst2"
Error (12002): Port "D[7]" does not exist in macrofunction "inst2"
Error (12002): Port "D[8]" does not exist in macrofunction "inst2"
Error (12002): Port "D[9]" does not exist in macrofunction "inst2"
Error (12002): Port "D[0]" does not exist in macrofunction "inst3"
Error (12002): Port "D[10]" does not exist in macrofunction "inst3"
Error (12002): Port "D[11]" does not exist in macrofunction "inst3"
Error (12002): Port "D[12]" does not exist in macrofunction "inst3"
Error (12002): Port "D[13]" does not exist in macrofunction "inst3"
Error (12002): Port "D[14]" does not exist in macrofunction "inst3"
Error (12002): Port "D[15]" does not exist in macrofunction "inst3"
Error (12002): Port "D[16]" does not exist in macrofunction "inst3"
Error (12002): Port "D[17]" does not exist in macrofunction "inst3"
Error (12002): Port "D[18]" does not exist in macrofunction "inst3"
Error (12002): Port "D[19]" does not exist in macrofunction "inst3"
Error (12002): Port "D[1]" does not exist in macrofunction "inst3"
Error (12002): Port "D[20]" does not exist in macrofunction "inst3"
Error (12002): Port "D[21]" does not exist in macrofunction "inst3"
Error (12002): Port "D[22]" does not exist in macrofunction "inst3"
Error (12002): Port "D[23]" does not exist in macrofunction "inst3"
Error (12002): Port "D[24]" does not exist in macrofunction "inst3"
Error (12002): Port "D[25]" does not exist in macrofunction "inst3"
Error (12002): Port "D[26]" does not exist in macrofunction "inst3"
Error (12002): Port "D[27]" does not exist in macrofunction "inst3"
Error (12002): Port "D[28]" does not exist in macrofunction "inst3"
Error (12002): Port "D[29]" does not exist in macrofunction "inst3"
Error (12002): Port "D[2]" does not exist in macrofunction "inst3"
Error (12002): Port "D[30]" does not exist in macrofunction "inst3"
Error (12002): Port "D[31]" does not exist in macrofunction "inst3"
Error (12002): Port "D[3]" does not exist in macrofunction "inst3"
Error (12002): Port "D[4]" does not exist in macrofunction "inst3"
Error (12002): Port "D[5]" does not exist in macrofunction "inst3"
Error (12002): Port "D[6]" does not exist in macrofunction "inst3"
Error (12002): Port "D[7]" does not exist in macrofunction "inst3"
Error (12002): Port "D[8]" does not exist in macrofunction "inst3"
Error (12002): Port "D[9]" does not exist in macrofunction "inst3"
Error (12002): Port "D[0]" does not exist in macrofunction "inst4"
Error (12002): Port "D[10]" does not exist in macrofunction "inst4"
Error (12002): Port "D[11]" does not exist in macrofunction "inst4"
Error (12002): Port "D[12]" does not exist in macrofunction "inst4"
Error (12002): Port "D[13]" does not exist in macrofunction "inst4"
Error (12002): Port "D[14]" does not exist in macrofunction "inst4"
Error (12002): Port "D[15]" does not exist in macrofunction "inst4"
Error (12002): Port "D[16]" does not exist in macrofunction "inst4"
Error (12002): Port "D[17]" does not exist in macrofunction "inst4"
Error (12002): Port "D[18]" does not exist in macrofunction "inst4"
Error (12002): Port "D[19]" does not exist in macrofunction "inst4"
Error (12002): Port "D[1]" does not exist in macrofunction "inst4"
Error (12002): Port "D[20]" does not exist in macrofunction "inst4"
Error (12002): Port "D[21]" does not exist in macrofunction "inst4"
Error (12002): Port "D[22]" does not exist in macrofunction "inst4"
Error (12002): Port "D[23]" does not exist in macrofunction "inst4"
Error (12002): Port "D[24]" does not exist in macrofunction "inst4"
Error (12002): Port "D[25]" does not exist in macrofunction "inst4"
Error (12002): Port "D[26]" does not exist in macrofunction "inst4"
Error (12002): Port "D[27]" does not exist in macrofunction "inst4"
Error (12002): Port "D[28]" does not exist in macrofunction "inst4"
Error (12002): Port "D[29]" does not exist in macrofunction "inst4"
Error (12002): Port "D[2]" does not exist in macrofunction "inst4"
Error (12002): Port "D[30]" does not exist in macrofunction "inst4"
Error (12002): Port "D[31]" does not exist in macrofunction "inst4"
Error (12002): Port "D[3]" does not exist in macrofunction "inst4"
Error (12002): Port "D[4]" does not exist in macrofunction "inst4"
Error (12002): Port "D[5]" does not exist in macrofunction "inst4"
Error (12002): Port "D[6]" does not exist in macrofunction "inst4"
Error (12002): Port "D[7]" does not exist in macrofunction "inst4"
Error (12002): Port "D[8]" does not exist in macrofunction "inst4"
Error (12002): Port "D[9]" does not exist in macrofunction "inst4"
Error (12002): Port "D[0]" does not exist in macrofunction "inst5"
Error (12002): Port "D[10]" does not exist in macrofunction "inst5"
Error (12002): Port "D[11]" does not exist in macrofunction "inst5"
Error (12002): Port "D[12]" does not exist in macrofunction "inst5"
Error (12002): Port "D[13]" does not exist in macrofunction "inst5"
Error (12002): Port "D[14]" does not exist in macrofunction "inst5"
Error (12002): Port "D[15]" does not exist in macrofunction "inst5"
Error (12002): Port "D[16]" does not exist in macrofunction "inst5"
Error (12002): Port "D[17]" does not exist in macrofunction "inst5"
Error (12002): Port "D[18]" does not exist in macrofunction "inst5"
Error (12002): Port "D[19]" does not exist in macrofunction "inst5"
Error (12002): Port "D[1]" does not exist in macrofunction "inst5"
Error (12002): Port "D[20]" does not exist in macrofunction "inst5"
Error (12002): Port "D[21]" does not exist in macrofunction "inst5"
Error (12002): Port "D[22]" does not exist in macrofunction "inst5"
Error (12002): Port "D[23]" does not exist in macrofunction "inst5"
Error (12002): Port "D[24]" does not exist in macrofunction "inst5"
Error (12002): Port "D[25]" does not exist in macrofunction "inst5"
Error (12002): Port "D[26]" does not exist in macrofunction "inst5"
Error (12002): Port "D[27]" does not exist in macrofunction "inst5"
Error (12002): Port "D[28]" does not exist in macrofunction "inst5"
Error (12002): Port "D[29]" does not exist in macrofunction "inst5"
Error (12002): Port "D[2]" does not exist in macrofunction "inst5"
Error (12002): Port "D[30]" does not exist in macrofunction "inst5"
Error (12002): Port "D[31]" does not exist in macrofunction "inst5"
Error (12002): Port "D[3]" does not exist in macrofunction "inst5"
Error (12002): Port "D[4]" does not exist in macrofunction "inst5"
Error (12002): Port "D[5]" does not exist in macrofunction "inst5"
Error (12002): Port "D[6]" does not exist in macrofunction "inst5"
Error (12002): Port "D[7]" does not exist in macrofunction "inst5"
Error (12002): Port "D[8]" does not exist in macrofunction "inst5"
Error (12002): Port "D[9]" does not exist in macrofunction "inst5"
Error (12002): Port "D[0]" does not exist in macrofunction "inst6"
Error (12002): Port "D[10]" does not exist in macrofunction "inst6"
Error (12002): Port "D[11]" does not exist in macrofunction "inst6"
Error (12002): Port "D[12]" does not exist in macrofunction "inst6"
Error (12002): Port "D[13]" does not exist in macrofunction "inst6"
Error (12002): Port "D[14]" does not exist in macrofunction "inst6"
Error (12002): Port "D[15]" does not exist in macrofunction "inst6"
Error (12002): Port "D[16]" does not exist in macrofunction "inst6"
Error (12002): Port "D[17]" does not exist in macrofunction "inst6"
Error (12002): Port "D[18]" does not exist in macrofunction "inst6"
Error (12002): Port "D[19]" does not exist in macrofunction "inst6"
Error (12002): Port "D[1]" does not exist in macrofunction "inst6"
Error (12002): Port "D[20]" does not exist in macrofunction "inst6"
Error (12002): Port "D[21]" does not exist in macrofunction "inst6"
Error (12002): Port "D[22]" does not exist in macrofunction "inst6"
Error (12002): Port "D[23]" does not exist in macrofunction "inst6"
Error (12002): Port "D[24]" does not exist in macrofunction "inst6"
Error (12002): Port "D[25]" does not exist in macrofunction "inst6"
Error (12002): Port "D[26]" does not exist in macrofunction "inst6"
Error (12002): Port "D[27]" does not exist in macrofunction "inst6"
Error (12002): Port "D[28]" does not exist in macrofunction "inst6"
Error (12002): Port "D[29]" does not exist in macrofunction "inst6"
Error (12002): Port "D[2]" does not exist in macrofunction "inst6"
Error (12002): Port "D[30]" does not exist in macrofunction "inst6"
Error (12002): Port "D[31]" does not exist in macrofunction "inst6"
Error (12002): Port "D[3]" does not exist in macrofunction "inst6"
Error (12002): Port "D[4]" does not exist in macrofunction "inst6"
Error (12002): Port "D[5]" does not exist in macrofunction "inst6"
Error (12002): Port "D[6]" does not exist in macrofunction "inst6"
Error (12002): Port "D[7]" does not exist in macrofunction "inst6"
Error (12002): Port "D[8]" does not exist in macrofunction "inst6"
Error (12002): Port "D[9]" does not exist in macrofunction "inst6"
Error (12002): Port "D[0]" does not exist in macrofunction "inst7"
Error (12002): Port "D[10]" does not exist in macrofunction "inst7"
Error (12002): Port "D[11]" does not exist in macrofunction "inst7"
Error (12002): Port "D[12]" does not exist in macrofunction "inst7"
Error (12002): Port "D[13]" does not exist in macrofunction "inst7"
Error (12002): Port "D[14]" does not exist in macrofunction "inst7"
Error (12002): Port "D[15]" does not exist in macrofunction "inst7"
Error (12002): Port "D[16]" does not exist in macrofunction "inst7"
Error (12002): Port "D[17]" does not exist in macrofunction "inst7"
Error (12002): Port "D[18]" does not exist in macrofunction "inst7"
Error (12002): Port "D[19]" does not exist in macrofunction "inst7"
Error (12002): Port "D[1]" does not exist in macrofunction "inst7"
Error (12002): Port "D[20]" does not exist in macrofunction "inst7"
Error (12002): Port "D[21]" does not exist in macrofunction "inst7"
Error (12002): Port "D[22]" does not exist in macrofunction "inst7"
Error (12002): Port "D[23]" does not exist in macrofunction "inst7"
Error (12002): Port "D[24]" does not exist in macrofunction "inst7"
Error (12002): Port "D[25]" does not exist in macrofunction "inst7"
Error (12002): Port "D[26]" does not exist in macrofunction "inst7"
Error (12002): Port "D[27]" does not exist in macrofunction "inst7"
Error (12002): Port "D[28]" does not exist in macrofunction "inst7"
Error (12002): Port "D[29]" does not exist in macrofunction "inst7"
Error (12002): Port "D[2]" does not exist in macrofunction "inst7"
Error (12002): Port "D[30]" does not exist in macrofunction "inst7"
Error (12002): Port "D[31]" does not exist in macrofunction "inst7"
Error (12002): Port "D[3]" does not exist in macrofunction "inst7"
Error (12002): Port "D[4]" does not exist in macrofunction "inst7"
Error (12002): Port "D[5]" does not exist in macrofunction "inst7"
Error (12002): Port "D[6]" does not exist in macrofunction "inst7"
Error (12002): Port "D[7]" does not exist in macrofunction "inst7"
Error (12002): Port "D[8]" does not exist in macrofunction "inst7"
Error (12002): Port "D[9]" does not exist in macrofunction "inst7"
Error (12002): Port "D[0]" does not exist in macrofunction "inst8"
Error (12002): Port "D[10]" does not exist in macrofunction "inst8"
Error (12002): Port "D[11]" does not exist in macrofunction "inst8"
Error (12002): Port "D[12]" does not exist in macrofunction "inst8"
Error (12002): Port "D[13]" does not exist in macrofunction "inst8"
Error (12002): Port "D[14]" does not exist in macrofunction "inst8"
Error (12002): Port "D[15]" does not exist in macrofunction "inst8"
Error (12002): Port "D[16]" does not exist in macrofunction "inst8"
Error (12002): Port "D[17]" does not exist in macrofunction "inst8"
Error (12002): Port "D[18]" does not exist in macrofunction "inst8"
Error (12002): Port "D[19]" does not exist in macrofunction "inst8"
Error (12002): Port "D[1]" does not exist in macrofunction "inst8"
Error (12002): Port "D[20]" does not exist in macrofunction "inst8"
Error (12002): Port "D[21]" does not exist in macrofunction "inst8"
Error (12002): Port "D[22]" does not exist in macrofunction "inst8"
Error (12002): Port "D[23]" does not exist in macrofunction "inst8"
Error (12002): Port "D[24]" does not exist in macrofunction "inst8"
Error (12002): Port "D[25]" does not exist in macrofunction "inst8"
Error (12002): Port "D[26]" does not exist in macrofunction "inst8"
Error (12002): Port "D[27]" does not exist in macrofunction "inst8"
Error (12002): Port "D[28]" does not exist in macrofunction "inst8"
Error (12002): Port "D[29]" does not exist in macrofunction "inst8"
Error (12002): Port "D[2]" does not exist in macrofunction "inst8"
Error (12002): Port "D[30]" does not exist in macrofunction "inst8"
Error (12002): Port "D[31]" does not exist in macrofunction "inst8"
Error (12002): Port "D[3]" does not exist in macrofunction "inst8"
Error (12002): Port "D[4]" does not exist in macrofunction "inst8"
Error (12002): Port "D[5]" does not exist in macrofunction "inst8"
Error (12002): Port "D[6]" does not exist in macrofunction "inst8"
Error (12002): Port "D[7]" does not exist in macrofunction "inst8"
Error (12002): Port "D[8]" does not exist in macrofunction "inst8"
Error (12002): Port "D[9]" does not exist in macrofunction "inst8"
Error (12002): Port "D[0]" does not exist in macrofunction "inst9"
Error (12002): Port "D[10]" does not exist in macrofunction "inst9"
Error (12002): Port "D[11]" does not exist in macrofunction "inst9"
Error (12002): Port "D[12]" does not exist in macrofunction "inst9"
Error (12002): Port "D[13]" does not exist in macrofunction "inst9"
Error (12002): Port "D[14]" does not exist in macrofunction "inst9"
Error (12002): Port "D[15]" does not exist in macrofunction "inst9"
Error (12002): Port "D[16]" does not exist in macrofunction "inst9"
Error (12002): Port "D[17]" does not exist in macrofunction "inst9"
Error (12002): Port "D[18]" does not exist in macrofunction "inst9"
Error (12002): Port "D[19]" does not exist in macrofunction "inst9"
Error (12002): Port "D[1]" does not exist in macrofunction "inst9"
Error (12002): Port "D[20]" does not exist in macrofunction "inst9"
Error (12002): Port "D[21]" does not exist in macrofunction "inst9"
Error (12002): Port "D[22]" does not exist in macrofunction "inst9"
Error (12002): Port "D[23]" does not exist in macrofunction "inst9"
Error (12002): Port "D[24]" does not exist in macrofunction "inst9"
Error (12002): Port "D[25]" does not exist in macrofunction "inst9"
Error (12002): Port "D[26]" does not exist in macrofunction "inst9"
Error (12002): Port "D[27]" does not exist in macrofunction "inst9"
Error (12002): Port "D[28]" does not exist in macrofunction "inst9"
Error (12002): Port "D[29]" does not exist in macrofunction "inst9"
Error (12002): Port "D[2]" does not exist in macrofunction "inst9"
Error (12002): Port "D[30]" does not exist in macrofunction "inst9"
Error (12002): Port "D[31]" does not exist in macrofunction "inst9"
Error (12002): Port "D[3]" does not exist in macrofunction "inst9"
Error (12002): Port "D[4]" does not exist in macrofunction "inst9"
Error (12002): Port "D[5]" does not exist in macrofunction "inst9"
Error (12002): Port "D[6]" does not exist in macrofunction "inst9"
Error (12002): Port "D[7]" does not exist in macrofunction "inst9"
Error (12002): Port "D[8]" does not exist in macrofunction "inst9"
Error (12002): Port "D[9]" does not exist in macrofunction "inst9"
Error (12002): Port "D[0]" does not exist in macrofunction "inst10"
Error (12002): Port "D[10]" does not exist in macrofunction "inst10"
Error (12002): Port "D[11]" does not exist in macrofunction "inst10"
Error (12002): Port "D[12]" does not exist in macrofunction "inst10"
Error (12002): Port "D[13]" does not exist in macrofunction "inst10"
Error (12002): Port "D[14]" does not exist in macrofunction "inst10"
Error (12002): Port "D[15]" does not exist in macrofunction "inst10"
Error (12002): Port "D[16]" does not exist in macrofunction "inst10"
Error (12002): Port "D[17]" does not exist in macrofunction "inst10"
Error (12002): Port "D[18]" does not exist in macrofunction "inst10"
Error (12002): Port "D[19]" does not exist in macrofunction "inst10"
Error (12002): Port "D[1]" does not exist in macrofunction "inst10"
Error (12002): Port "D[20]" does not exist in macrofunction "inst10"
Error (12002): Port "D[21]" does not exist in macrofunction "inst10"
Error (12002): Port "D[22]" does not exist in macrofunction "inst10"
Error (12002): Port "D[23]" does not exist in macrofunction "inst10"
Error (12002): Port "D[24]" does not exist in macrofunction "inst10"
Error (12002): Port "D[25]" does not exist in macrofunction "inst10"
Error (12002): Port "D[26]" does not exist in macrofunction "inst10"
Error (12002): Port "D[27]" does not exist in macrofunction "inst10"
Error (12002): Port "D[28]" does not exist in macrofunction "inst10"
Error (12002): Port "D[29]" does not exist in macrofunction "inst10"
Error (12002): Port "D[2]" does not exist in macrofunction "inst10"
Error (12002): Port "D[30]" does not exist in macrofunction "inst10"
Error (12002): Port "D[31]" does not exist in macrofunction "inst10"
Error (12002): Port "D[3]" does not exist in macrofunction "inst10"
Error (12002): Port "D[4]" does not exist in macrofunction "inst10"
Error (12002): Port "D[5]" does not exist in macrofunction "inst10"
Error (12002): Port "D[6]" does not exist in macrofunction "inst10"
Error (12002): Port "D[7]" does not exist in macrofunction "inst10"
Error (12002): Port "D[8]" does not exist in macrofunction "inst10"
Error (12002): Port "D[9]" does not exist in macrofunction "inst10"
Error (12002): Port "D[0]" does not exist in macrofunction "inst11"
Error (12002): Port "D[10]" does not exist in macrofunction "inst11"
Error (12002): Port "D[11]" does not exist in macrofunction "inst11"
Error (12002): Port "D[12]" does not exist in macrofunction "inst11"
Error (12002): Port "D[13]" does not exist in macrofunction "inst11"
Error (12002): Port "D[14]" does not exist in macrofunction "inst11"
Error (12002): Port "D[15]" does not exist in macrofunction "inst11"
Error (12002): Port "D[16]" does not exist in macrofunction "inst11"
Error (12002): Port "D[17]" does not exist in macrofunction "inst11"
Error (12002): Port "D[18]" does not exist in macrofunction "inst11"
Error (12002): Port "D[19]" does not exist in macrofunction "inst11"
Error (12002): Port "D[1]" does not exist in macrofunction "inst11"
Error (12002): Port "D[20]" does not exist in macrofunction "inst11"
Error (12002): Port "D[21]" does not exist in macrofunction "inst11"
Error (12002): Port "D[22]" does not exist in macrofunction "inst11"
Error (12002): Port "D[23]" does not exist in macrofunction "inst11"
Error (12002): Port "D[24]" does not exist in macrofunction "inst11"
Error (12002): Port "D[25]" does not exist in macrofunction "inst11"
Error (12002): Port "D[26]" does not exist in macrofunction "inst11"
Error (12002): Port "D[27]" does not exist in macrofunction "inst11"
Error (12002): Port "D[28]" does not exist in macrofunction "inst11"
Error (12002): Port "D[29]" does not exist in macrofunction "inst11"
Error (12002): Port "D[2]" does not exist in macrofunction "inst11"
Error (12002): Port "D[30]" does not exist in macrofunction "inst11"
Error (12002): Port "D[31]" does not exist in macrofunction "inst11"
Error (12002): Port "D[3]" does not exist in macrofunction "inst11"
Error (12002): Port "D[4]" does not exist in macrofunction "inst11"
Error (12002): Port "D[5]" does not exist in macrofunction "inst11"
Error (12002): Port "D[6]" does not exist in macrofunction "inst11"
Error (12002): Port "D[7]" does not exist in macrofunction "inst11"
Error (12002): Port "D[8]" does not exist in macrofunction "inst11"
Error (12002): Port "D[9]" does not exist in macrofunction "inst11"
Error (12002): Port "D[0]" does not exist in macrofunction "inst12"
Error (12002): Port "D[10]" does not exist in macrofunction "inst12"
Error (12002): Port "D[11]" does not exist in macrofunction "inst12"
Error (12002): Port "D[12]" does not exist in macrofunction "inst12"
Error (12002): Port "D[13]" does not exist in macrofunction "inst12"
Error (12002): Port "D[14]" does not exist in macrofunction "inst12"
Error (12002): Port "D[15]" does not exist in macrofunction "inst12"
Error (12002): Port "D[16]" does not exist in macrofunction "inst12"
Error (12002): Port "D[17]" does not exist in macrofunction "inst12"
Error (12002): Port "D[18]" does not exist in macrofunction "inst12"
Error (12002): Port "D[19]" does not exist in macrofunction "inst12"
Error (12002): Port "D[1]" does not exist in macrofunction "inst12"
Error (12002): Port "D[20]" does not exist in macrofunction "inst12"
Error (12002): Port "D[21]" does not exist in macrofunction "inst12"
Error (12002): Port "D[22]" does not exist in macrofunction "inst12"
Error (12002): Port "D[23]" does not exist in macrofunction "inst12"
Error (12002): Port "D[24]" does not exist in macrofunction "inst12"
Error (12002): Port "D[25]" does not exist in macrofunction "inst12"
Error (12002): Port "D[26]" does not exist in macrofunction "inst12"
Error (12002): Port "D[27]" does not exist in macrofunction "inst12"
Error (12002): Port "D[28]" does not exist in macrofunction "inst12"
Error (12002): Port "D[29]" does not exist in macrofunction "inst12"
Error (12002): Port "D[2]" does not exist in macrofunction "inst12"
Error (12002): Port "D[30]" does not exist in macrofunction "inst12"
Error (12002): Port "D[31]" does not exist in macrofunction "inst12"
Error (12002): Port "D[3]" does not exist in macrofunction "inst12"
Error (12002): Port "D[4]" does not exist in macrofunction "inst12"
Error (12002): Port "D[5]" does not exist in macrofunction "inst12"
Error (12002): Port "D[6]" does not exist in macrofunction "inst12"
Error (12002): Port "D[7]" does not exist in macrofunction "inst12"
Error (12002): Port "D[8]" does not exist in macrofunction "inst12"
Error (12002): Port "D[9]" does not exist in macrofunction "inst12"
Error (12002): Port "D[0]" does not exist in macrofunction "inst13"
Error (12002): Port "D[10]" does not exist in macrofunction "inst13"
Error (12002): Port "D[11]" does not exist in macrofunction "inst13"
Error (12002): Port "D[12]" does not exist in macrofunction "inst13"
Error (12002): Port "D[13]" does not exist in macrofunction "inst13"
Error (12002): Port "D[14]" does not exist in macrofunction "inst13"
Error (12002): Port "D[15]" does not exist in macrofunction "inst13"
Error (12002): Port "D[16]" does not exist in macrofunction "inst13"
Error (12002): Port "D[17]" does not exist in macrofunction "inst13"
Error (12002): Port "D[18]" does not exist in macrofunction "inst13"
Error (12002): Port "D[19]" does not exist in macrofunction "inst13"
Error (12002): Port "D[1]" does not exist in macrofunction "inst13"
Error (12002): Port "D[20]" does not exist in macrofunction "inst13"
Error (12002): Port "D[21]" does not exist in macrofunction "inst13"
Error (12002): Port "D[22]" does not exist in macrofunction "inst13"
Error (12002): Port "D[23]" does not exist in macrofunction "inst13"
Error (12002): Port "D[24]" does not exist in macrofunction "inst13"
Error (12002): Port "D[25]" does not exist in macrofunction "inst13"
Error (12002): Port "D[26]" does not exist in macrofunction "inst13"
Error (12002): Port "D[27]" does not exist in macrofunction "inst13"
Error (12002): Port "D[28]" does not exist in macrofunction "inst13"
Error (12002): Port "D[29]" does not exist in macrofunction "inst13"
Error (12002): Port "D[2]" does not exist in macrofunction "inst13"
Error (12002): Port "D[30]" does not exist in macrofunction "inst13"
Error (12002): Port "D[31]" does not exist in macrofunction "inst13"
Error (12002): Port "D[3]" does not exist in macrofunction "inst13"
Error (12002): Port "D[4]" does not exist in macrofunction "inst13"
Error (12002): Port "D[5]" does not exist in macrofunction "inst13"
Error (12002): Port "D[6]" does not exist in macrofunction "inst13"
Error (12002): Port "D[7]" does not exist in macrofunction "inst13"
Error (12002): Port "D[8]" does not exist in macrofunction "inst13"
Error (12002): Port "D[9]" does not exist in macrofunction "inst13"
Error (12002): Port "D[0]" does not exist in macrofunction "inst14"
Error (12002): Port "D[10]" does not exist in macrofunction "inst14"
Error (12002): Port "D[11]" does not exist in macrofunction "inst14"
Error (12002): Port "D[12]" does not exist in macrofunction "inst14"
Error (12002): Port "D[13]" does not exist in macrofunction "inst14"
Error (12002): Port "D[14]" does not exist in macrofunction "inst14"
Error (12002): Port "D[15]" does not exist in macrofunction "inst14"
Error (12002): Port "D[16]" does not exist in macrofunction "inst14"
Error (12002): Port "D[17]" does not exist in macrofunction "inst14"
Error (12002): Port "D[18]" does not exist in macrofunction "inst14"
Error (12002): Port "D[19]" does not exist in macrofunction "inst14"
Error (12002): Port "D[1]" does not exist in macrofunction "inst14"
Error (12002): Port "D[20]" does not exist in macrofunction "inst14"
Error (12002): Port "D[21]" does not exist in macrofunction "inst14"
Error (12002): Port "D[22]" does not exist in macrofunction "inst14"
Error (12002): Port "D[23]" does not exist in macrofunction "inst14"
Error (12002): Port "D[24]" does not exist in macrofunction "inst14"
Error (12002): Port "D[25]" does not exist in macrofunction "inst14"
Error (12002): Port "D[26]" does not exist in macrofunction "inst14"
Error (12002): Port "D[27]" does not exist in macrofunction "inst14"
Error (12002): Port "D[28]" does not exist in macrofunction "inst14"
Error (12002): Port "D[29]" does not exist in macrofunction "inst14"
Error (12002): Port "D[2]" does not exist in macrofunction "inst14"
Error (12002): Port "D[30]" does not exist in macrofunction "inst14"
Error (12002): Port "D[31]" does not exist in macrofunction "inst14"
Error (12002): Port "D[3]" does not exist in macrofunction "inst14"
Error (12002): Port "D[4]" does not exist in macrofunction "inst14"
Error (12002): Port "D[5]" does not exist in macrofunction "inst14"
Error (12002): Port "D[6]" does not exist in macrofunction "inst14"
Error (12002): Port "D[7]" does not exist in macrofunction "inst14"
Error (12002): Port "D[8]" does not exist in macrofunction "inst14"
Error (12002): Port "D[9]" does not exist in macrofunction "inst14"
Error (12002): Port "D[0]" does not exist in macrofunction "inst15"
Error (12002): Port "D[10]" does not exist in macrofunction "inst15"
Error (12002): Port "D[11]" does not exist in macrofunction "inst15"
Error (12002): Port "D[12]" does not exist in macrofunction "inst15"
Error (12002): Port "D[13]" does not exist in macrofunction "inst15"
Error (12002): Port "D[14]" does not exist in macrofunction "inst15"
Error (12002): Port "D[15]" does not exist in macrofunction "inst15"
Error (12002): Port "D[16]" does not exist in macrofunction "inst15"
Error (12002): Port "D[17]" does not exist in macrofunction "inst15"
Error (12002): Port "D[18]" does not exist in macrofunction "inst15"
Error (12002): Port "D[19]" does not exist in macrofunction "inst15"
Error (12002): Port "D[1]" does not exist in macrofunction "inst15"
Error (12002): Port "D[20]" does not exist in macrofunction "inst15"
Error (12002): Port "D[21]" does not exist in macrofunction "inst15"
Error (12002): Port "D[22]" does not exist in macrofunction "inst15"
Error (12002): Port "D[23]" does not exist in macrofunction "inst15"
Error (12002): Port "D[24]" does not exist in macrofunction "inst15"
Error (12002): Port "D[25]" does not exist in macrofunction "inst15"
Error (12002): Port "D[26]" does not exist in macrofunction "inst15"
Error (12002): Port "D[27]" does not exist in macrofunction "inst15"
Error (12002): Port "D[28]" does not exist in macrofunction "inst15"
Error (12002): Port "D[29]" does not exist in macrofunction "inst15"
Error (12002): Port "D[2]" does not exist in macrofunction "inst15"
Error (12002): Port "D[30]" does not exist in macrofunction "inst15"
Error (12002): Port "D[31]" does not exist in macrofunction "inst15"
Error (12002): Port "D[3]" does not exist in macrofunction "inst15"
Error (12002): Port "D[4]" does not exist in macrofunction "inst15"
Error (12002): Port "D[5]" does not exist in macrofunction "inst15"
Error (12002): Port "D[6]" does not exist in macrofunction "inst15"
Error (12002): Port "D[7]" does not exist in macrofunction "inst15"
Error (12002): Port "D[8]" does not exist in macrofunction "inst15"
Error (12002): Port "D[9]" does not exist in macrofunction "inst15"
Error (12002): Port "D[0]" does not exist in macrofunction "inst16"
Error (12002): Port "D[10]" does not exist in macrofunction "inst16"
Error (12002): Port "D[11]" does not exist in macrofunction "inst16"
Error (12002): Port "D[12]" does not exist in macrofunction "inst16"
Error (12002): Port "D[13]" does not exist in macrofunction "inst16"
Error (12002): Port "D[14]" does not exist in macrofunction "inst16"
Error (12002): Port "D[15]" does not exist in macrofunction "inst16"
Error (12002): Port "D[16]" does not exist in macrofunction "inst16"
Error (12002): Port "D[17]" does not exist in macrofunction "inst16"
Error (12002): Port "D[18]" does not exist in macrofunction "inst16"
Error (12002): Port "D[19]" does not exist in macrofunction "inst16"
Error (12002): Port "D[1]" does not exist in macrofunction "inst16"
Error (12002): Port "D[20]" does not exist in macrofunction "inst16"
Error (12002): Port "D[21]" does not exist in macrofunction "inst16"
Error (12002): Port "D[22]" does not exist in macrofunction "inst16"
Error (12002): Port "D[23]" does not exist in macrofunction "inst16"
Error (12002): Port "D[24]" does not exist in macrofunction "inst16"
Error (12002): Port "D[25]" does not exist in macrofunction "inst16"
Error (12002): Port "D[26]" does not exist in macrofunction "inst16"
Error (12002): Port "D[27]" does not exist in macrofunction "inst16"
Error (12002): Port "D[28]" does not exist in macrofunction "inst16"
Error (12002): Port "D[29]" does not exist in macrofunction "inst16"
Error (12002): Port "D[2]" does not exist in macrofunction "inst16"
Error (12002): Port "D[30]" does not exist in macrofunction "inst16"
Error (12002): Port "D[31]" does not exist in macrofunction "inst16"
Error (12002): Port "D[3]" does not exist in macrofunction "inst16"
Error (12002): Port "D[4]" does not exist in macrofunction "inst16"
Error (12002): Port "D[5]" does not exist in macrofunction "inst16"
Error (12002): Port "D[6]" does not exist in macrofunction "inst16"
Error (12002): Port "D[7]" does not exist in macrofunction "inst16"
Error (12002): Port "D[8]" does not exist in macrofunction "inst16"
Error (12002): Port "D[9]" does not exist in macrofunction "inst16"
Error (12002): Port "D[0]" does not exist in macrofunction "inst17"
Error (12002): Port "D[10]" does not exist in macrofunction "inst17"
Error (12002): Port "D[11]" does not exist in macrofunction "inst17"
Error (12002): Port "D[12]" does not exist in macrofunction "inst17"
Error (12002): Port "D[13]" does not exist in macrofunction "inst17"
Error (12002): Port "D[14]" does not exist in macrofunction "inst17"
Error (12002): Port "D[15]" does not exist in macrofunction "inst17"
Error (12002): Port "D[16]" does not exist in macrofunction "inst17"
Error (12002): Port "D[17]" does not exist in macrofunction "inst17"
Error (12002): Port "D[18]" does not exist in macrofunction "inst17"
Error (12002): Port "D[19]" does not exist in macrofunction "inst17"
Error (12002): Port "D[1]" does not exist in macrofunction "inst17"
Error (12002): Port "D[20]" does not exist in macrofunction "inst17"
Error (12002): Port "D[21]" does not exist in macrofunction "inst17"
Error (12002): Port "D[22]" does not exist in macrofunction "inst17"
Error (12002): Port "D[23]" does not exist in macrofunction "inst17"
Error (12002): Port "D[24]" does not exist in macrofunction "inst17"
Error (12002): Port "D[25]" does not exist in macrofunction "inst17"
Error (12002): Port "D[26]" does not exist in macrofunction "inst17"
Error (12002): Port "D[27]" does not exist in macrofunction "inst17"
Error (12002): Port "D[28]" does not exist in macrofunction "inst17"
Error (12002): Port "D[29]" does not exist in macrofunction "inst17"
Error (12002): Port "D[2]" does not exist in macrofunction "inst17"
Error (12002): Port "D[30]" does not exist in macrofunction "inst17"
Error (12002): Port "D[31]" does not exist in macrofunction "inst17"
Error (12002): Port "D[3]" does not exist in macrofunction "inst17"
Error (12002): Port "D[4]" does not exist in macrofunction "inst17"
Error (12002): Port "D[5]" does not exist in macrofunction "inst17"
Error (12002): Port "D[6]" does not exist in macrofunction "inst17"
Error (12002): Port "D[7]" does not exist in macrofunction "inst17"
Error (12002): Port "D[8]" does not exist in macrofunction "inst17"
Error (12002): Port "D[9]" does not exist in macrofunction "inst17"
Error (12002): Port "D[0]" does not exist in macrofunction "inst18"
Error (12002): Port "D[10]" does not exist in macrofunction "inst18"
Error (12002): Port "D[11]" does not exist in macrofunction "inst18"
Error (12002): Port "D[12]" does not exist in macrofunction "inst18"
Error (12002): Port "D[13]" does not exist in macrofunction "inst18"
Error (12002): Port "D[14]" does not exist in macrofunction "inst18"
Error (12002): Port "D[15]" does not exist in macrofunction "inst18"
Error (12002): Port "D[16]" does not exist in macrofunction "inst18"
Error (12002): Port "D[17]" does not exist in macrofunction "inst18"
Error (12002): Port "D[18]" does not exist in macrofunction "inst18"
Error (12002): Port "D[19]" does not exist in macrofunction "inst18"
Error (12002): Port "D[1]" does not exist in macrofunction "inst18"
Error (12002): Port "D[20]" does not exist in macrofunction "inst18"
Error (12002): Port "D[21]" does not exist in macrofunction "inst18"
Error (12002): Port "D[22]" does not exist in macrofunction "inst18"
Error (12002): Port "D[23]" does not exist in macrofunction "inst18"
Error (12002): Port "D[24]" does not exist in macrofunction "inst18"
Error (12002): Port "D[25]" does not exist in macrofunction "inst18"
Error (12002): Port "D[26]" does not exist in macrofunction "inst18"
Error (12002): Port "D[27]" does not exist in macrofunction "inst18"
Error (12002): Port "D[28]" does not exist in macrofunction "inst18"
Error (12002): Port "D[29]" does not exist in macrofunction "inst18"
Error (12002): Port "D[2]" does not exist in macrofunction "inst18"
Error (12002): Port "D[30]" does not exist in macrofunction "inst18"
Error (12002): Port "D[31]" does not exist in macrofunction "inst18"
Error (12002): Port "D[3]" does not exist in macrofunction "inst18"
Error (12002): Port "D[4]" does not exist in macrofunction "inst18"
Error (12002): Port "D[5]" does not exist in macrofunction "inst18"
Error (12002): Port "D[6]" does not exist in macrofunction "inst18"
Error (12002): Port "D[7]" does not exist in macrofunction "inst18"
Error (12002): Port "D[8]" does not exist in macrofunction "inst18"
Error (12002): Port "D[9]" does not exist in macrofunction "inst18"
Error (12002): Port "D[0]" does not exist in macrofunction "inst19"
Error (12002): Port "D[10]" does not exist in macrofunction "inst19"
Error (12002): Port "D[11]" does not exist in macrofunction "inst19"
Error (12002): Port "D[12]" does not exist in macrofunction "inst19"
Error (12002): Port "D[13]" does not exist in macrofunction "inst19"
Error (12002): Port "D[14]" does not exist in macrofunction "inst19"
Error (12002): Port "D[15]" does not exist in macrofunction "inst19"
Error (12002): Port "D[16]" does not exist in macrofunction "inst19"
Error (12002): Port "D[17]" does not exist in macrofunction "inst19"
Error (12002): Port "D[18]" does not exist in macrofunction "inst19"
Error (12002): Port "D[19]" does not exist in macrofunction "inst19"
Error (12002): Port "D[1]" does not exist in macrofunction "inst19"
Error (12002): Port "D[20]" does not exist in macrofunction "inst19"
Error (12002): Port "D[21]" does not exist in macrofunction "inst19"
Error (12002): Port "D[22]" does not exist in macrofunction "inst19"
Error (12002): Port "D[23]" does not exist in macrofunction "inst19"
Error (12002): Port "D[24]" does not exist in macrofunction "inst19"
Error (12002): Port "D[25]" does not exist in macrofunction "inst19"
Error (12002): Port "D[26]" does not exist in macrofunction "inst19"
Error (12002): Port "D[27]" does not exist in macrofunction "inst19"
Error (12002): Port "D[28]" does not exist in macrofunction "inst19"
Error (12002): Port "D[29]" does not exist in macrofunction "inst19"
Error (12002): Port "D[2]" does not exist in macrofunction "inst19"
Error (12002): Port "D[30]" does not exist in macrofunction "inst19"
Error (12002): Port "D[31]" does not exist in macrofunction "inst19"
Error (12002): Port "D[3]" does not exist in macrofunction "inst19"
Error (12002): Port "D[4]" does not exist in macrofunction "inst19"
Error (12002): Port "D[5]" does not exist in macrofunction "inst19"
Error (12002): Port "D[6]" does not exist in macrofunction "inst19"
Error (12002): Port "D[7]" does not exist in macrofunction "inst19"
Error (12002): Port "D[8]" does not exist in macrofunction "inst19"
Error (12002): Port "D[9]" does not exist in macrofunction "inst19"
Error (12002): Port "D[0]" does not exist in macrofunction "inst20"
Error (12002): Port "D[10]" does not exist in macrofunction "inst20"
Error (12002): Port "D[11]" does not exist in macrofunction "inst20"
Error (12002): Port "D[12]" does not exist in macrofunction "inst20"
Error (12002): Port "D[13]" does not exist in macrofunction "inst20"
Error (12002): Port "D[14]" does not exist in macrofunction "inst20"
Error (12002): Port "D[15]" does not exist in macrofunction "inst20"
Error (12002): Port "D[16]" does not exist in macrofunction "inst20"
Error (12002): Port "D[17]" does not exist in macrofunction "inst20"
Error (12002): Port "D[18]" does not exist in macrofunction "inst20"
Error (12002): Port "D[19]" does not exist in macrofunction "inst20"
Error (12002): Port "D[1]" does not exist in macrofunction "inst20"
Error (12002): Port "D[20]" does not exist in macrofunction "inst20"
Error (12002): Port "D[21]" does not exist in macrofunction "inst20"
Error (12002): Port "D[22]" does not exist in macrofunction "inst20"
Error (12002): Port "D[23]" does not exist in macrofunction "inst20"
Error (12002): Port "D[24]" does not exist in macrofunction "inst20"
Error (12002): Port "D[25]" does not exist in macrofunction "inst20"
Error (12002): Port "D[26]" does not exist in macrofunction "inst20"
Error (12002): Port "D[27]" does not exist in macrofunction "inst20"
Error (12002): Port "D[28]" does not exist in macrofunction "inst20"
Error (12002): Port "D[29]" does not exist in macrofunction "inst20"
Error (12002): Port "D[2]" does not exist in macrofunction "inst20"
Error (12002): Port "D[30]" does not exist in macrofunction "inst20"
Error (12002): Port "D[31]" does not exist in macrofunction "inst20"
Error (12002): Port "D[3]" does not exist in macrofunction "inst20"
Error (12002): Port "D[4]" does not exist in macrofunction "inst20"
Error (12002): Port "D[5]" does not exist in macrofunction "inst20"
Error (12002): Port "D[6]" does not exist in macrofunction "inst20"
Error (12002): Port "D[7]" does not exist in macrofunction "inst20"
Error (12002): Port "D[8]" does not exist in macrofunction "inst20"
Error (12002): Port "D[9]" does not exist in macrofunction "inst20"
Error (12002): Port "D[0]" does not exist in macrofunction "inst21"
Error (12002): Port "D[10]" does not exist in macrofunction "inst21"
Error (12002): Port "D[11]" does not exist in macrofunction "inst21"
Error (12002): Port "D[12]" does not exist in macrofunction "inst21"
Error (12002): Port "D[13]" does not exist in macrofunction "inst21"
Error (12002): Port "D[14]" does not exist in macrofunction "inst21"
Error (12002): Port "D[15]" does not exist in macrofunction "inst21"
Error (12002): Port "D[16]" does not exist in macrofunction "inst21"
Error (12002): Port "D[17]" does not exist in macrofunction "inst21"
Error (12002): Port "D[18]" does not exist in macrofunction "inst21"
Error (12002): Port "D[19]" does not exist in macrofunction "inst21"
Error (12002): Port "D[1]" does not exist in macrofunction "inst21"
Error (12002): Port "D[20]" does not exist in macrofunction "inst21"
Error (12002): Port "D[21]" does not exist in macrofunction "inst21"
Error (12002): Port "D[22]" does not exist in macrofunction "inst21"
Error (12002): Port "D[23]" does not exist in macrofunction "inst21"
Error (12002): Port "D[24]" does not exist in macrofunction "inst21"
Error (12002): Port "D[25]" does not exist in macrofunction "inst21"
Error (12002): Port "D[26]" does not exist in macrofunction "inst21"
Error (12002): Port "D[27]" does not exist in macrofunction "inst21"
Error (12002): Port "D[28]" does not exist in macrofunction "inst21"
Error (12002): Port "D[29]" does not exist in macrofunction "inst21"
Error (12002): Port "D[2]" does not exist in macrofunction "inst21"
Error (12002): Port "D[30]" does not exist in macrofunction "inst21"
Error (12002): Port "D[31]" does not exist in macrofunction "inst21"
Error (12002): Port "D[3]" does not exist in macrofunction "inst21"
Error (12002): Port "D[4]" does not exist in macrofunction "inst21"
Error (12002): Port "D[5]" does not exist in macrofunction "inst21"
Error (12002): Port "D[6]" does not exist in macrofunction "inst21"
Error (12002): Port "D[7]" does not exist in macrofunction "inst21"
Error (12002): Port "D[8]" does not exist in macrofunction "inst21"
Error (12002): Port "D[9]" does not exist in macrofunction "inst21"
Error (12002): Port "D[0]" does not exist in macrofunction "inst22"
Error (12002): Port "D[10]" does not exist in macrofunction "inst22"
Error (12002): Port "D[11]" does not exist in macrofunction "inst22"
Error (12002): Port "D[12]" does not exist in macrofunction "inst22"
Error (12002): Port "D[13]" does not exist in macrofunction "inst22"
Error (12002): Port "D[14]" does not exist in macrofunction "inst22"
Error (12002): Port "D[15]" does not exist in macrofunction "inst22"
Error (12002): Port "D[16]" does not exist in macrofunction "inst22"
Error (12002): Port "D[17]" does not exist in macrofunction "inst22"
Error (12002): Port "D[18]" does not exist in macrofunction "inst22"
Error (12002): Port "D[19]" does not exist in macrofunction "inst22"
Error (12002): Port "D[1]" does not exist in macrofunction "inst22"
Error (12002): Port "D[20]" does not exist in macrofunction "inst22"
Error (12002): Port "D[21]" does not exist in macrofunction "inst22"
Error (12002): Port "D[22]" does not exist in macrofunction "inst22"
Error (12002): Port "D[23]" does not exist in macrofunction "inst22"
Error (12002): Port "D[24]" does not exist in macrofunction "inst22"
Error (12002): Port "D[25]" does not exist in macrofunction "inst22"
Error (12002): Port "D[26]" does not exist in macrofunction "inst22"
Error (12002): Port "D[27]" does not exist in macrofunction "inst22"
Error (12002): Port "D[28]" does not exist in macrofunction "inst22"
Error (12002): Port "D[29]" does not exist in macrofunction "inst22"
Error (12002): Port "D[2]" does not exist in macrofunction "inst22"
Error (12002): Port "D[30]" does not exist in macrofunction "inst22"
Error (12002): Port "D[31]" does not exist in macrofunction "inst22"
Error (12002): Port "D[3]" does not exist in macrofunction "inst22"
Error (12002): Port "D[4]" does not exist in macrofunction "inst22"
Error (12002): Port "D[5]" does not exist in macrofunction "inst22"
Error (12002): Port "D[6]" does not exist in macrofunction "inst22"
Error (12002): Port "D[7]" does not exist in macrofunction "inst22"
Error (12002): Port "D[8]" does not exist in macrofunction "inst22"
Error (12002): Port "D[9]" does not exist in macrofunction "inst22"
Error (12002): Port "D[0]" does not exist in macrofunction "inst23"
Error (12002): Port "D[10]" does not exist in macrofunction "inst23"
Error (12002): Port "D[11]" does not exist in macrofunction "inst23"
Error (12002): Port "D[12]" does not exist in macrofunction "inst23"
Error (12002): Port "D[13]" does not exist in macrofunction "inst23"
Error (12002): Port "D[14]" does not exist in macrofunction "inst23"
Error (12002): Port "D[15]" does not exist in macrofunction "inst23"
Error (12002): Port "D[16]" does not exist in macrofunction "inst23"
Error (12002): Port "D[17]" does not exist in macrofunction "inst23"
Error (12002): Port "D[18]" does not exist in macrofunction "inst23"
Error (12002): Port "D[19]" does not exist in macrofunction "inst23"
Error (12002): Port "D[1]" does not exist in macrofunction "inst23"
Error (12002): Port "D[20]" does not exist in macrofunction "inst23"
Error (12002): Port "D[21]" does not exist in macrofunction "inst23"
Error (12002): Port "D[22]" does not exist in macrofunction "inst23"
Error (12002): Port "D[23]" does not exist in macrofunction "inst23"
Error (12002): Port "D[24]" does not exist in macrofunction "inst23"
Error (12002): Port "D[25]" does not exist in macrofunction "inst23"
Error (12002): Port "D[26]" does not exist in macrofunction "inst23"
Error (12002): Port "D[27]" does not exist in macrofunction "inst23"
Error (12002): Port "D[28]" does not exist in macrofunction "inst23"
Error (12002): Port "D[29]" does not exist in macrofunction "inst23"
Error (12002): Port "D[2]" does not exist in macrofunction "inst23"
Error (12002): Port "D[30]" does not exist in macrofunction "inst23"
Error (12002): Port "D[31]" does not exist in macrofunction "inst23"
Error (12002): Port "D[3]" does not exist in macrofunction "inst23"
Error (12002): Port "D[4]" does not exist in macrofunction "inst23"
Error (12002): Port "D[5]" does not exist in macrofunction "inst23"
Error (12002): Port "D[6]" does not exist in macrofunction "inst23"
Error (12002): Port "D[7]" does not exist in macrofunction "inst23"
Error (12002): Port "D[8]" does not exist in macrofunction "inst23"
Error (12002): Port "D[9]" does not exist in macrofunction "inst23"
Error (12002): Port "D[0]" does not exist in macrofunction "inst24"
Error (12002): Port "D[10]" does not exist in macrofunction "inst24"
Error (12002): Port "D[11]" does not exist in macrofunction "inst24"
Error (12002): Port "D[12]" does not exist in macrofunction "inst24"
Error (12002): Port "D[13]" does not exist in macrofunction "inst24"
Error (12002): Port "D[14]" does not exist in macrofunction "inst24"
Error (12002): Port "D[15]" does not exist in macrofunction "inst24"
Error (12002): Port "D[16]" does not exist in macrofunction "inst24"
Error (12002): Port "D[17]" does not exist in macrofunction "inst24"
Error (12002): Port "D[18]" does not exist in macrofunction "inst24"
Error (12002): Port "D[19]" does not exist in macrofunction "inst24"
Error (12002): Port "D[1]" does not exist in macrofunction "inst24"
Error (12002): Port "D[20]" does not exist in macrofunction "inst24"
Error (12002): Port "D[21]" does not exist in macrofunction "inst24"
Error (12002): Port "D[22]" does not exist in macrofunction "inst24"
Error (12002): Port "D[23]" does not exist in macrofunction "inst24"
Error (12002): Port "D[24]" does not exist in macrofunction "inst24"
Error (12002): Port "D[25]" does not exist in macrofunction "inst24"
Error (12002): Port "D[26]" does not exist in macrofunction "inst24"
Error (12002): Port "D[27]" does not exist in macrofunction "inst24"
Error (12002): Port "D[28]" does not exist in macrofunction "inst24"
Error (12002): Port "D[29]" does not exist in macrofunction "inst24"
Error (12002): Port "D[2]" does not exist in macrofunction "inst24"
Error (12002): Port "D[30]" does not exist in macrofunction "inst24"
Error (12002): Port "D[31]" does not exist in macrofunction "inst24"
Error (12002): Port "D[3]" does not exist in macrofunction "inst24"
Error (12002): Port "D[4]" does not exist in macrofunction "inst24"
Error (12002): Port "D[5]" does not exist in macrofunction "inst24"
Error (12002): Port "D[6]" does not exist in macrofunction "inst24"
Error (12002): Port "D[7]" does not exist in macrofunction "inst24"
Error (12002): Port "D[8]" does not exist in macrofunction "inst24"
Error (12002): Port "D[9]" does not exist in macrofunction "inst24"
Error (12002): Port "D[0]" does not exist in macrofunction "inst25"
Error (12002): Port "D[10]" does not exist in macrofunction "inst25"
Error (12002): Port "D[11]" does not exist in macrofunction "inst25"
Error (12002): Port "D[12]" does not exist in macrofunction "inst25"
Error (12002): Port "D[13]" does not exist in macrofunction "inst25"
Error (12002): Port "D[14]" does not exist in macrofunction "inst25"
Error (12002): Port "D[15]" does not exist in macrofunction "inst25"
Error (12002): Port "D[16]" does not exist in macrofunction "inst25"
Error (12002): Port "D[17]" does not exist in macrofunction "inst25"
Error (12002): Port "D[18]" does not exist in macrofunction "inst25"
Error (12002): Port "D[19]" does not exist in macrofunction "inst25"
Error (12002): Port "D[1]" does not exist in macrofunction "inst25"
Error (12002): Port "D[20]" does not exist in macrofunction "inst25"
Error (12002): Port "D[21]" does not exist in macrofunction "inst25"
Error (12002): Port "D[22]" does not exist in macrofunction "inst25"
Error (12002): Port "D[23]" does not exist in macrofunction "inst25"
Error (12002): Port "D[24]" does not exist in macrofunction "inst25"
Error (12002): Port "D[25]" does not exist in macrofunction "inst25"
Error (12002): Port "D[26]" does not exist in macrofunction "inst25"
Error (12002): Port "D[27]" does not exist in macrofunction "inst25"
Error (12002): Port "D[28]" does not exist in macrofunction "inst25"
Error (12002): Port "D[29]" does not exist in macrofunction "inst25"
Error (12002): Port "D[2]" does not exist in macrofunction "inst25"
Error (12002): Port "D[30]" does not exist in macrofunction "inst25"
Error (12002): Port "D[31]" does not exist in macrofunction "inst25"
Error (12002): Port "D[3]" does not exist in macrofunction "inst25"
Error (12002): Port "D[4]" does not exist in macrofunction "inst25"
Error (12002): Port "D[5]" does not exist in macrofunction "inst25"
Error (12002): Port "D[6]" does not exist in macrofunction "inst25"
Error (12002): Port "D[7]" does not exist in macrofunction "inst25"
Error (12002): Port "D[8]" does not exist in macrofunction "inst25"
Error (12002): Port "D[9]" does not exist in macrofunction "inst25"
Error (12002): Port "D[0]" does not exist in macrofunction "inst26"
Error (12002): Port "D[10]" does not exist in macrofunction "inst26"
Error (12002): Port "D[11]" does not exist in macrofunction "inst26"
Error (12002): Port "D[12]" does not exist in macrofunction "inst26"
Error (12002): Port "D[13]" does not exist in macrofunction "inst26"
Error (12002): Port "D[14]" does not exist in macrofunction "inst26"
Error (12002): Port "D[15]" does not exist in macrofunction "inst26"
Error (12002): Port "D[16]" does not exist in macrofunction "inst26"
Error (12002): Port "D[17]" does not exist in macrofunction "inst26"
Error (12002): Port "D[18]" does not exist in macrofunction "inst26"
Error (12002): Port "D[19]" does not exist in macrofunction "inst26"
Error (12002): Port "D[1]" does not exist in macrofunction "inst26"
Error (12002): Port "D[20]" does not exist in macrofunction "inst26"
Error (12002): Port "D[21]" does not exist in macrofunction "inst26"
Error (12002): Port "D[22]" does not exist in macrofunction "inst26"
Error (12002): Port "D[23]" does not exist in macrofunction "inst26"
Error (12002): Port "D[24]" does not exist in macrofunction "inst26"
Error (12002): Port "D[25]" does not exist in macrofunction "inst26"
Error (12002): Port "D[26]" does not exist in macrofunction "inst26"
Error (12002): Port "D[27]" does not exist in macrofunction "inst26"
Error (12002): Port "D[28]" does not exist in macrofunction "inst26"
Error (12002): Port "D[29]" does not exist in macrofunction "inst26"
Error (12002): Port "D[2]" does not exist in macrofunction "inst26"
Error (12002): Port "D[30]" does not exist in macrofunction "inst26"
Error (12002): Port "D[31]" does not exist in macrofunction "inst26"
Error (12002): Port "D[3]" does not exist in macrofunction "inst26"
Error (12002): Port "D[4]" does not exist in macrofunction "inst26"
Error (12002): Port "D[5]" does not exist in macrofunction "inst26"
Error (12002): Port "D[6]" does not exist in macrofunction "inst26"
Error (12002): Port "D[7]" does not exist in macrofunction "inst26"
Error (12002): Port "D[8]" does not exist in macrofunction "inst26"
Error (12002): Port "D[9]" does not exist in macrofunction "inst26"
Error (12002): Port "D[0]" does not exist in macrofunction "inst27"
Error (12002): Port "D[10]" does not exist in macrofunction "inst27"
Error (12002): Port "D[11]" does not exist in macrofunction "inst27"
Error (12002): Port "D[12]" does not exist in macrofunction "inst27"
Error (12002): Port "D[13]" does not exist in macrofunction "inst27"
Error (12002): Port "D[14]" does not exist in macrofunction "inst27"
Error (12002): Port "D[15]" does not exist in macrofunction "inst27"
Error (12002): Port "D[16]" does not exist in macrofunction "inst27"
Error (12002): Port "D[17]" does not exist in macrofunction "inst27"
Error (12002): Port "D[18]" does not exist in macrofunction "inst27"
Error (12002): Port "D[19]" does not exist in macrofunction "inst27"
Error (12002): Port "D[1]" does not exist in macrofunction "inst27"
Error (12002): Port "D[20]" does not exist in macrofunction "inst27"
Error (12002): Port "D[21]" does not exist in macrofunction "inst27"
Error (12002): Port "D[22]" does not exist in macrofunction "inst27"
Error (12002): Port "D[23]" does not exist in macrofunction "inst27"
Error (12002): Port "D[24]" does not exist in macrofunction "inst27"
Error (12002): Port "D[25]" does not exist in macrofunction "inst27"
Error (12002): Port "D[26]" does not exist in macrofunction "inst27"
Error (12002): Port "D[27]" does not exist in macrofunction "inst27"
Error (12002): Port "D[28]" does not exist in macrofunction "inst27"
Error (12002): Port "D[29]" does not exist in macrofunction "inst27"
Error (12002): Port "D[2]" does not exist in macrofunction "inst27"
Error (12002): Port "D[30]" does not exist in macrofunction "inst27"
Error (12002): Port "D[31]" does not exist in macrofunction "inst27"
Error (12002): Port "D[3]" does not exist in macrofunction "inst27"
Error (12002): Port "D[4]" does not exist in macrofunction "inst27"
Error (12002): Port "D[5]" does not exist in macrofunction "inst27"
Error (12002): Port "D[6]" does not exist in macrofunction "inst27"
Error (12002): Port "D[7]" does not exist in macrofunction "inst27"
Error (12002): Port "D[8]" does not exist in macrofunction "inst27"
Error (12002): Port "D[9]" does not exist in macrofunction "inst27"
Error (12002): Port "D[0]" does not exist in macrofunction "inst28"
Error (12002): Port "D[10]" does not exist in macrofunction "inst28"
Error (12002): Port "D[11]" does not exist in macrofunction "inst28"
Error (12002): Port "D[12]" does not exist in macrofunction "inst28"
Error (12002): Port "D[13]" does not exist in macrofunction "inst28"
Error (12002): Port "D[14]" does not exist in macrofunction "inst28"
Error (12002): Port "D[15]" does not exist in macrofunction "inst28"
Error (12002): Port "D[16]" does not exist in macrofunction "inst28"
Error (12002): Port "D[17]" does not exist in macrofunction "inst28"
Error (12002): Port "D[18]" does not exist in macrofunction "inst28"
Error (12002): Port "D[19]" does not exist in macrofunction "inst28"
Error (12002): Port "D[1]" does not exist in macrofunction "inst28"
Error (12002): Port "D[20]" does not exist in macrofunction "inst28"
Error (12002): Port "D[21]" does not exist in macrofunction "inst28"
Error (12002): Port "D[22]" does not exist in macrofunction "inst28"
Error (12002): Port "D[23]" does not exist in macrofunction "inst28"
Error (12002): Port "D[24]" does not exist in macrofunction "inst28"
Error (12002): Port "D[25]" does not exist in macrofunction "inst28"
Error (12002): Port "D[26]" does not exist in macrofunction "inst28"
Error (12002): Port "D[27]" does not exist in macrofunction "inst28"
Error (12002): Port "D[28]" does not exist in macrofunction "inst28"
Error (12002): Port "D[29]" does not exist in macrofunction "inst28"
Error (12002): Port "D[2]" does not exist in macrofunction "inst28"
Error (12002): Port "D[30]" does not exist in macrofunction "inst28"
Error (12002): Port "D[31]" does not exist in macrofunction "inst28"
Error (12002): Port "D[3]" does not exist in macrofunction "inst28"
Error (12002): Port "D[4]" does not exist in macrofunction "inst28"
Error (12002): Port "D[5]" does not exist in macrofunction "inst28"
Error (12002): Port "D[6]" does not exist in macrofunction "inst28"
Error (12002): Port "D[7]" does not exist in macrofunction "inst28"
Error (12002): Port "D[8]" does not exist in macrofunction "inst28"
Error (12002): Port "D[9]" does not exist in macrofunction "inst28"
Error (12002): Port "D[0]" does not exist in macrofunction "inst29"
Error (12002): Port "D[10]" does not exist in macrofunction "inst29"
Error (12002): Port "D[11]" does not exist in macrofunction "inst29"
Error (12002): Port "D[12]" does not exist in macrofunction "inst29"
Error (12002): Port "D[13]" does not exist in macrofunction "inst29"
Error (12002): Port "D[14]" does not exist in macrofunction "inst29"
Error (12002): Port "D[15]" does not exist in macrofunction "inst29"
Error (12002): Port "D[16]" does not exist in macrofunction "inst29"
Error (12002): Port "D[17]" does not exist in macrofunction "inst29"
Error (12002): Port "D[18]" does not exist in macrofunction "inst29"
Error (12002): Port "D[19]" does not exist in macrofunction "inst29"
Error (12002): Port "D[1]" does not exist in macrofunction "inst29"
Error (12002): Port "D[20]" does not exist in macrofunction "inst29"
Error (12002): Port "D[21]" does not exist in macrofunction "inst29"
Error (12002): Port "D[22]" does not exist in macrofunction "inst29"
Error (12002): Port "D[23]" does not exist in macrofunction "inst29"
Error (12002): Port "D[24]" does not exist in macrofunction "inst29"
Error (12002): Port "D[25]" does not exist in macrofunction "inst29"
Error (12002): Port "D[26]" does not exist in macrofunction "inst29"
Error (12002): Port "D[27]" does not exist in macrofunction "inst29"
Error (12002): Port "D[28]" does not exist in macrofunction "inst29"
Error (12002): Port "D[29]" does not exist in macrofunction "inst29"
Error (12002): Port "D[2]" does not exist in macrofunction "inst29"
Error (12002): Port "D[30]" does not exist in macrofunction "inst29"
Error (12002): Port "D[31]" does not exist in macrofunction "inst29"
Error (12002): Port "D[3]" does not exist in macrofunction "inst29"
Error (12002): Port "D[4]" does not exist in macrofunction "inst29"
Error (12002): Port "D[5]" does not exist in macrofunction "inst29"
Error (12002): Port "D[6]" does not exist in macrofunction "inst29"
Error (12002): Port "D[7]" does not exist in macrofunction "inst29"
Error (12002): Port "D[8]" does not exist in macrofunction "inst29"
Error (12002): Port "D[9]" does not exist in macrofunction "inst29"
Error (12002): Port "D[0]" does not exist in macrofunction "inst30"
Error (12002): Port "D[10]" does not exist in macrofunction "inst30"
Error (12002): Port "D[11]" does not exist in macrofunction "inst30"
Error (12002): Port "D[12]" does not exist in macrofunction "inst30"
Error (12002): Port "D[13]" does not exist in macrofunction "inst30"
Error (12002): Port "D[14]" does not exist in macrofunction "inst30"
Error (12002): Port "D[15]" does not exist in macrofunction "inst30"
Error (12002): Port "D[16]" does not exist in macrofunction "inst30"
Error (12002): Port "D[17]" does not exist in macrofunction "inst30"
Error (12002): Port "D[18]" does not exist in macrofunction "inst30"
Error (12002): Port "D[19]" does not exist in macrofunction "inst30"
Error (12002): Port "D[1]" does not exist in macrofunction "inst30"
Error (12002): Port "D[20]" does not exist in macrofunction "inst30"
Error (12002): Port "D[21]" does not exist in macrofunction "inst30"
Error (12002): Port "D[22]" does not exist in macrofunction "inst30"
Error (12002): Port "D[23]" does not exist in macrofunction "inst30"
Error (12002): Port "D[24]" does not exist in macrofunction "inst30"
Error (12002): Port "D[25]" does not exist in macrofunction "inst30"
Error (12002): Port "D[26]" does not exist in macrofunction "inst30"
Error (12002): Port "D[27]" does not exist in macrofunction "inst30"
Error (12002): Port "D[28]" does not exist in macrofunction "inst30"
Error (12002): Port "D[29]" does not exist in macrofunction "inst30"
Error (12002): Port "D[2]" does not exist in macrofunction "inst30"
Error (12002): Port "D[30]" does not exist in macrofunction "inst30"
Error (12002): Port "D[31]" does not exist in macrofunction "inst30"
Error (12002): Port "D[3]" does not exist in macrofunction "inst30"
Error (12002): Port "D[4]" does not exist in macrofunction "inst30"
Error (12002): Port "D[5]" does not exist in macrofunction "inst30"
Error (12002): Port "D[6]" does not exist in macrofunction "inst30"
Error (12002): Port "D[7]" does not exist in macrofunction "inst30"
Error (12002): Port "D[8]" does not exist in macrofunction "inst30"
Error (12002): Port "D[9]" does not exist in macrofunction "inst30"
Error (12002): Port "D[0]" does not exist in macrofunction "inst31"
Error (12002): Port "D[10]" does not exist in macrofunction "inst31"
Error (12002): Port "D[11]" does not exist in macrofunction "inst31"
Error (12002): Port "D[12]" does not exist in macrofunction "inst31"
Error (12002): Port "D[13]" does not exist in macrofunction "inst31"
Error (12002): Port "D[14]" does not exist in macrofunction "inst31"
Error (12002): Port "D[15]" does not exist in macrofunction "inst31"
Error (12002): Port "D[16]" does not exist in macrofunction "inst31"
Error (12002): Port "D[17]" does not exist in macrofunction "inst31"
Error (12002): Port "D[18]" does not exist in macrofunction "inst31"
Error (12002): Port "D[19]" does not exist in macrofunction "inst31"
Error (12002): Port "D[1]" does not exist in macrofunction "inst31"
Error (12002): Port "D[20]" does not exist in macrofunction "inst31"
Error (12002): Port "D[21]" does not exist in macrofunction "inst31"
Error (12002): Port "D[22]" does not exist in macrofunction "inst31"
Error (12002): Port "D[23]" does not exist in macrofunction "inst31"
Error (12002): Port "D[24]" does not exist in macrofunction "inst31"
Error (12002): Port "D[25]" does not exist in macrofunction "inst31"
Error (12002): Port "D[26]" does not exist in macrofunction "inst31"
Error (12002): Port "D[27]" does not exist in macrofunction "inst31"
Error (12002): Port "D[28]" does not exist in macrofunction "inst31"
Error (12002): Port "D[29]" does not exist in macrofunction "inst31"
Error (12002): Port "D[2]" does not exist in macrofunction "inst31"
Error (12002): Port "D[30]" does not exist in macrofunction "inst31"
Error (12002): Port "D[31]" does not exist in macrofunction "inst31"
Error (12002): Port "D[3]" does not exist in macrofunction "inst31"
Error (12002): Port "D[4]" does not exist in macrofunction "inst31"
Error (12002): Port "D[5]" does not exist in macrofunction "inst31"
Error (12002): Port "D[6]" does not exist in macrofunction "inst31"
Error (12002): Port "D[7]" does not exist in macrofunction "inst31"
Error (12002): Port "D[8]" does not exist in macrofunction "inst31"
Error (12002): Port "D[9]" does not exist in macrofunction "inst31"
Error (12002): Port "D[0]" does not exist in macrofunction "inst32"
Error (12002): Port "D[10]" does not exist in macrofunction "inst32"
Error (12002): Port "D[11]" does not exist in macrofunction "inst32"
Error (12002): Port "D[12]" does not exist in macrofunction "inst32"
Error (12002): Port "D[13]" does not exist in macrofunction "inst32"
Error (12002): Port "D[14]" does not exist in macrofunction "inst32"
Error (12002): Port "D[15]" does not exist in macrofunction "inst32"
Error (12002): Port "D[16]" does not exist in macrofunction "inst32"
Error (12002): Port "D[17]" does not exist in macrofunction "inst32"
Error (12002): Port "D[18]" does not exist in macrofunction "inst32"
Error (12002): Port "D[19]" does not exist in macrofunction "inst32"
Error (12002): Port "D[1]" does not exist in macrofunction "inst32"
Error (12002): Port "D[20]" does not exist in macrofunction "inst32"
Error (12002): Port "D[21]" does not exist in macrofunction "inst32"
Error (12002): Port "D[22]" does not exist in macrofunction "inst32"
Error (12002): Port "D[23]" does not exist in macrofunction "inst32"
Error (12002): Port "D[24]" does not exist in macrofunction "inst32"
Error (12002): Port "D[25]" does not exist in macrofunction "inst32"
Error (12002): Port "D[26]" does not exist in macrofunction "inst32"
Error (12002): Port "D[27]" does not exist in macrofunction "inst32"
Error (12002): Port "D[28]" does not exist in macrofunction "inst32"
Error (12002): Port "D[29]" does not exist in macrofunction "inst32"
Error (12002): Port "D[2]" does not exist in macrofunction "inst32"
Error (12002): Port "D[30]" does not exist in macrofunction "inst32"
Error (12002): Port "D[31]" does not exist in macrofunction "inst32"
Error (12002): Port "D[3]" does not exist in macrofunction "inst32"
Error (12002): Port "D[4]" does not exist in macrofunction "inst32"
Error (12002): Port "D[5]" does not exist in macrofunction "inst32"
Error (12002): Port "D[6]" does not exist in macrofunction "inst32"
Error (12002): Port "D[7]" does not exist in macrofunction "inst32"
Error (12002): Port "D[8]" does not exist in macrofunction "inst32"
Error (12002): Port "D[9]" does not exist in macrofunction "inst32"
Error (12002): Port "D[0]" does not exist in macrofunction "inst33"
Error (12002): Port "D[10]" does not exist in macrofunction "inst33"
Error (12002): Port "D[11]" does not exist in macrofunction "inst33"
Error (12002): Port "D[12]" does not exist in macrofunction "inst33"
Error (12002): Port "D[13]" does not exist in macrofunction "inst33"
Error (12002): Port "D[14]" does not exist in macrofunction "inst33"
Error (12002): Port "D[15]" does not exist in macrofunction "inst33"
Error (12002): Port "D[16]" does not exist in macrofunction "inst33"
Error (12002): Port "D[17]" does not exist in macrofunction "inst33"
Error (12002): Port "D[18]" does not exist in macrofunction "inst33"
Error (12002): Port "D[19]" does not exist in macrofunction "inst33"
Error (12002): Port "D[1]" does not exist in macrofunction "inst33"
Error (12002): Port "D[20]" does not exist in macrofunction "inst33"
Error (12002): Port "D[21]" does not exist in macrofunction "inst33"
Error (12002): Port "D[22]" does not exist in macrofunction "inst33"
Error (12002): Port "D[23]" does not exist in macrofunction "inst33"
Error (12002): Port "D[24]" does not exist in macrofunction "inst33"
Error (12002): Port "D[25]" does not exist in macrofunction "inst33"
Error (12002): Port "D[26]" does not exist in macrofunction "inst33"
Error (12002): Port "D[27]" does not exist in macrofunction "inst33"
Error (12002): Port "D[28]" does not exist in macrofunction "inst33"
Error (12002): Port "D[29]" does not exist in macrofunction "inst33"
Error (12002): Port "D[2]" does not exist in macrofunction "inst33"
Error (12002): Port "D[30]" does not exist in macrofunction "inst33"
Error (12002): Port "D[31]" does not exist in macrofunction "inst33"
Error (12002): Port "D[3]" does not exist in macrofunction "inst33"
Error (12002): Port "D[4]" does not exist in macrofunction "inst33"
Error (12002): Port "D[5]" does not exist in macrofunction "inst33"
Error (12002): Port "D[6]" does not exist in macrofunction "inst33"
Error (12002): Port "D[7]" does not exist in macrofunction "inst33"
Error (12002): Port "D[8]" does not exist in macrofunction "inst33"
Error (12002): Port "D[9]" does not exist in macrofunction "inst33"
Error: Quartus Prime Analysis & Synthesis was unsuccessful. 1024 errors, 6 warnings
    Error: Peak virtual memory: 5000 megabytes
    Error: Processing ended: Tue Jun 18 13:23:32 2019
    Error: Elapsed time: 00:00:14
    Error: Total CPU time (on all processors): 00:00:25


