Flow report for Register_File
Thu May 30 09:52:44 2019
Quartus Prime Version 15.1.1 Build 189 12/02/2015 SJ Lite Edition


---------------------
; Table of Contents ;
---------------------
  1. Legal Notice
  2. Flow Summary
  3. Flow Settings
  4. Flow Non-Default Global Settings
  5. Flow Elapsed Time
  6. Flow OS Summary
  7. Flow Log
  8. Flow Messages
  9. Flow Suppressed Messages



----------------
; Legal Notice ;
----------------
Copyright (C) 1991-2015 Altera Corporation. All rights reserved.
Your use of Altera Corporation's design tools, logic functions 
and other software and tools, and its AMPP partner logic 
functions, and any output files from any of the foregoing 
(including device programming or simulation files), and any 
associated documentation or information are expressly subject 
to the terms and conditions of the Altera Program License 
Subscription Agreement, the Altera Quartus Prime License Agreement,
the Altera MegaCore Function License Agreement, or other 
applicable license agreement, including, without limitation, 
that your use is for the sole purpose of programming logic 
devices manufactured by Altera and sold by Altera or its 
authorized distributors.  Please refer to the applicable 
agreement for further details.



+----------------------------------------------------------------------------------+
; Flow Summary                                                                     ;
+------------------------------------+---------------------------------------------+
; Flow Status                        ; Successful - Thu May 30 09:52:44 2019       ;
; Quartus Prime Version              ; 15.1.1 Build 189 12/02/2015 SJ Lite Edition ;
; Revision Name                      ; Register_File                               ;
; Top-level Entity Name              ; register_32_bit                             ;
; Family                             ; Cyclone IV GX                               ;
; Total logic elements               ; 0 / 21,280 ( 0 % )                          ;
;     Total combinational functions  ; 0 / 21,280 ( 0 % )                          ;
;     Dedicated logic registers      ; 0 / 21,280 ( 0 % )                          ;
; Total registers                    ; 0                                           ;
; Total pins                         ; 67 / 167 ( 40 % )                           ;
; Total virtual pins                 ; 0                                           ;
; Total memory bits                  ; 0 / 774,144 ( 0 % )                         ;
; Embedded Multiplier 9-bit elements ; 0 / 80 ( 0 % )                              ;
; Total GXB Receiver Channel PCS     ; 0 / 4 ( 0 % )                               ;
; Total GXB Receiver Channel PMA     ; 0 / 4 ( 0 % )                               ;
; Total GXB Transmitter Channel PCS  ; 0 / 4 ( 0 % )                               ;
; Total GXB Transmitter Channel PMA  ; 0 / 4 ( 0 % )                               ;
; Total PLLs                         ; 0 / 4 ( 0 % )                               ;
; Device                             ; EP4CGX22CF19C6                              ;
; Timing Models                      ; Final                                       ;
+------------------------------------+---------------------------------------------+


+-----------------------------------------+
; Flow Settings                           ;
+-------------------+---------------------+
; Option            ; Setting             ;
+-------------------+---------------------+
; Start date & time ; 05/30/2019 09:49:07 ;
; Main task         ; Compilation         ;
; Revision Name     ; Register_File       ;
+-------------------+---------------------+


+-----------------------------------------------------------------------------------------------------------------------+
; Flow Non-Default Global Settings                                                                                      ;
+-------------------------------------+------------------------------+---------------+-----------------+----------------+
; Assignment Name                     ; Value                        ; Default Value ; Entity Name     ; Section Id     ;
+-------------------------------------+------------------------------+---------------+-----------------+----------------+
; COMPILER_SIGNATURE_ID               ; 121370992921.155919354709332 ; --            ; --              ; --             ;
; MISC_FILE                           ; lpm_decode0.bsf              ; --            ; --              ; --             ;
; MISC_FILE                           ; lpm_decode0_bb.v             ; --            ; --              ; --             ;
; MISC_FILE                           ; ../q1/lpm_mux0.bsf           ; --            ; --              ; --             ;
; MISC_FILE                           ; ../q1/lpm_mux0_bb.v          ; --            ; --              ; --             ;
; MISC_FILE                           ; ../q1/lpm_inv0.bsf           ; --            ; --              ; --             ;
; MISC_FILE                           ; ../q1/lpm_inv0_bb.v          ; --            ; --              ; --             ;
; MISC_FILE                           ; lpm_and0.bsf                 ; --            ; --              ; --             ;
; MISC_FILE                           ; lpm_and0_bb.v                ; --            ; --              ; --             ;
; MISC_FILE                           ; lpm_inv0.bsf                 ; --            ; --              ; --             ;
; MISC_FILE                           ; lpm_inv0_bb.v                ; --            ; --              ; --             ;
; MISC_FILE                           ; lpm_xor0.bsf                 ; --            ; --              ; --             ;
; MISC_FILE                           ; lpm_xor0_bb.v                ; --            ; --              ; --             ;
; MISC_FILE                           ; lpm_or0.tdf                  ; --            ; --              ; --             ;
; MISC_FILE                           ; lpm_or0.bsf                  ; --            ; --              ; --             ;
; MISC_FILE                           ; lpm_or0_bb.v                 ; --            ; --              ; --             ;
; MISC_FILE                           ; ../q1/lpm_mux1.bsf           ; --            ; --              ; --             ;
; MISC_FILE                           ; ../q1/lpm_mux1_bb.v          ; --            ; --              ; --             ;
; PARTITION_COLOR                     ; 16764057                     ; --            ; register_32_bit ; Top            ;
; PARTITION_FITTER_PRESERVATION_LEVEL ; PLACEMENT_AND_ROUTING        ; --            ; register_32_bit ; Top            ;
; PARTITION_NETLIST_TYPE              ; SOURCE                       ; --            ; register_32_bit ; Top            ;
; TOP_LEVEL_ENTITY                    ; register_32_bit              ; Register_File ; --              ; --             ;
; USE_GENERATED_PHYSICAL_CONSTRAINTS  ; Off                          ; --            ; --              ; eda_blast_fpga ;
+-------------------------------------+------------------------------+---------------+-----------------+----------------+


+-------------------------------------------------------------------------------------------------------------------------------+
; Flow Elapsed Time                                                                                                             ;
+---------------------------+--------------+-------------------------+---------------------+------------------------------------+
; Module Name               ; Elapsed Time ; Average Processors Used ; Peak Virtual Memory ; Total CPU Time (on all processors) ;
+---------------------------+--------------+-------------------------+---------------------+------------------------------------+
; Analysis & Synthesis      ; 00:00:14     ; 1.0                     ; 4975 MB             ; 00:00:21                           ;
; Fitter                    ; 00:00:07     ; 1.0                     ; 5563 MB             ; 00:00:06                           ;
; Assembler                 ; 00:00:01     ; 1.0                     ; 4936 MB             ; 00:00:02                           ;
; TimeQuest Timing Analyzer ; 00:00:03     ; 1.0                     ; 4951 MB             ; 00:00:02                           ;
; EDA Netlist Writer        ; 00:00:01     ; 1.0                     ; 4884 MB             ; 00:00:01                           ;
; EDA Netlist Writer        ; 00:00:01     ; 1.0                     ; 4888 MB             ; 00:00:01                           ;
; EDA Netlist Writer        ; 00:00:01     ; 1.0                     ; 4884 MB             ; 00:00:01                           ;
; EDA Netlist Writer        ; 00:00:01     ; 1.0                     ; 4888 MB             ; 00:00:01                           ;
; EDA Netlist Writer        ; 00:00:01     ; 1.0                     ; 4888 MB             ; 00:00:01                           ;
; EDA Netlist Writer        ; 00:00:01     ; 1.0                     ; 4888 MB             ; 00:00:01                           ;
; EDA Netlist Writer        ; 00:00:01     ; 1.0                     ; 4884 MB             ; 00:00:01                           ;
; EDA Netlist Writer        ; 00:00:00     ; 1.0                     ; 4892 MB             ; 00:00:01                           ;
; Total                     ; 00:00:32     ; --                      ; --                  ; 00:00:39                           ;
+---------------------------+--------------+-------------------------+---------------------+------------------------------------+


+----------------------------------------------------------------------------------------+
; Flow OS Summary                                                                        ;
+---------------------------+------------------+-----------+------------+----------------+
; Module Name               ; Machine Hostname ; OS Name   ; OS Version ; Processor type ;
+---------------------------+------------------+-----------+------------+----------------+
; Analysis & Synthesis      ; AMIRHOSEINF465   ; Windows 8 ; 6.2        ; x86_64         ;
; Fitter                    ; AMIRHOSEINF465   ; Windows 8 ; 6.2        ; x86_64         ;
; Assembler                 ; AMIRHOSEINF465   ; Windows 8 ; 6.2        ; x86_64         ;
; TimeQuest Timing Analyzer ; AMIRHOSEINF465   ; Windows 8 ; 6.2        ; x86_64         ;
; EDA Netlist Writer        ; AMIRHOSEINF465   ; Windows 8 ; 6.2        ; x86_64         ;
; EDA Netlist Writer        ; AMIRHOSEINF465   ; Windows 8 ; 6.2        ; x86_64         ;
; EDA Netlist Writer        ; AMIRHOSEINF465   ; Windows 8 ; 6.2        ; x86_64         ;
; EDA Netlist Writer        ; AMIRHOSEINF465   ; Windows 8 ; 6.2        ; x86_64         ;
; EDA Netlist Writer        ; AMIRHOSEINF465   ; Windows 8 ; 6.2        ; x86_64         ;
; EDA Netlist Writer        ; AMIRHOSEINF465   ; Windows 8 ; 6.2        ; x86_64         ;
; EDA Netlist Writer        ; AMIRHOSEINF465   ; Windows 8 ; 6.2        ; x86_64         ;
; EDA Netlist Writer        ; AMIRHOSEINF465   ; Windows 8 ; 6.2        ; x86_64         ;
+---------------------------+------------------+-----------+------------+----------------+


------------
; Flow Log ;
------------
quartus_map --read_settings_files=on --write_settings_files=off Register_File -c Register_File
quartus_fit --read_settings_files=off --write_settings_files=off Register_File -c Register_File
quartus_asm --read_settings_files=off --write_settings_files=off Register_File -c Register_File
quartus_sta Register_File -c Register_File
quartus_eda --gen_testbench --tool=modelsim_oem --format=verilog --write_settings_files=off Register_File -c Register_File --vector_source="Y:/Term6/Semester_6/Computer Architecture/assignment/HW5/programming/HW3/Designs/q2/reg_32.vwf" --testbench_file="Y:/Term6/Semester_6/Computer Architecture/assignment/HW5/programming/HW3/Designs/q2/simulation/qsim/reg_32.vwf.vt"
quartus_eda --write_settings_files=off --functional=on --flatten_buses=off --simulation=on --tool=modelsim_oem --format=verilog --output_directory="Y:/Term6/Semester_6/Computer Architecture/assignment/HW5/programming/HW3/Designs/q2/simulation/qsim/" Register_File -c Register_File
quartus_eda --gen_testbench --tool=modelsim_oem --format=verilog --write_settings_files=off Register_File -c Register_File --vector_source="Y:/Term6/Semester_6/Computer Architecture/assignment/HW5/programming/HW3/Designs/q2/reg_32.vwf" --testbench_file="Y:/Term6/Semester_6/Computer Architecture/assignment/HW5/programming/HW3/Designs/q2/simulation/qsim/reg_32.vwf.vt"
quartus_eda --write_settings_files=off --functional=on --flatten_buses=off --simulation=on --tool=modelsim_oem --format=verilog --output_directory="Y:/Term6/Semester_6/Computer Architecture/assignment/HW5/programming/HW3/Designs/q2/simulation/qsim/" Register_File -c Register_File
quartus_eda --gen_testbench --tool=modelsim_oem --format=verilog --write_settings_files=off Register_File -c Register_File --vector_source="Y:/Term6/Semester_6/Computer Architecture/assignment/HW5/programming/HW3/Designs/q2/reg_32.vwf" --testbench_file="Y:/Term6/Semester_6/Computer Architecture/assignment/HW5/programming/HW3/Designs/q2/simulation/qsim/reg_32.vwf.vt"
quartus_eda --write_settings_files=off --functional=on --flatten_buses=off --simulation=on --tool=modelsim_oem --format=verilog --output_directory="Y:/Term6/Semester_6/Computer Architecture/assignment/HW5/programming/HW3/Designs/q2/simulation/qsim/" Register_File -c Register_File
quartus_eda --gen_testbench --tool=modelsim_oem --format=verilog --write_settings_files=off Register_File -c Register_File --vector_source="Y:/Term6/Semester_6/Computer Architecture/assignment/HW5/programming/HW3/Designs/q2/reg_32.vwf" --testbench_file="Y:/Term6/Semester_6/Computer Architecture/assignment/HW5/programming/HW3/Designs/q2/simulation/qsim/reg_32.vwf.vt"
quartus_eda --write_settings_files=off --functional=on --flatten_buses=off --simulation=on --tool=modelsim_oem --format=verilog --output_directory="Y:/Term6/Semester_6/Computer Architecture/assignment/HW5/programming/HW3/Designs/q2/simulation/qsim/" Register_File -c Register_File



