Flow report for Register_File
Thu May 09 11:39:31 2019
Quartus II Version 9.1 Build 350 03/24/2010 Service Pack 2 SJ Web Edition


---------------------
; Table of Contents ;
---------------------
  1. Legal Notice
  2. Flow Summary
  3. Flow Settings
  4. Flow Non-Default Global Settings
  5. Flow Elapsed Time
  6. Flow OS Summary
  7. Flow Log



----------------
; Legal Notice ;
----------------
Copyright (C) 1991-2010 Altera Corporation
Your use of Altera Corporation's design tools, logic functions 
and other software and tools, and its AMPP partner logic 
functions, and any output files from any of the foregoing 
(including device programming or simulation files), and any 
associated documentation or information are expressly subject 
to the terms and conditions of the Altera Program License 
Subscription Agreement, Altera MegaCore Function License 
Agreement, or other applicable license agreement, including, 
without limitation, that your use is for the sole purpose of 
programming logic devices manufactured by Altera and sold by 
Altera or its authorized distributors.  Please refer to the 
applicable agreement for further details.



+------------------------------------------------------------------------------+
; Flow Summary                                                                 ;
+-------------------------------+----------------------------------------------+
; Flow Status                   ; Successful - Thu May 09 11:39:31 2019        ;
; Quartus II Version            ; 9.1 Build 350 03/24/2010 SP 2 SJ Web Edition ;
; Revision Name                 ; Register_File                                ;
; Top-level Entity Name         ; adder_32_bit                                 ;
; Family                        ; Stratix II                                   ;
; Met timing requirements       ; Yes                                          ;
; Logic utilization             ; < 1 %                                        ;
;     Combinational ALUTs       ; 48 / 12,480 ( < 1 % )                        ;
;     Dedicated logic registers ; 0 / 12,480 ( 0 % )                           ;
; Total registers               ; 0                                            ;
; Total pins                    ; 98 / 343 ( 29 % )                            ;
; Total virtual pins            ; 0                                            ;
; Total block memory bits       ; 0 / 419,328 ( 0 % )                          ;
; DSP block 9-bit elements      ; 0 / 96 ( 0 % )                               ;
; Total PLLs                    ; 0 / 6 ( 0 % )                                ;
; Total DLLs                    ; 0 / 2 ( 0 % )                                ;
; Device                        ; EP2S15F484C3                                 ;
; Timing Models                 ; Final                                        ;
+-------------------------------+----------------------------------------------+


+-----------------------------------------+
; Flow Settings                           ;
+-------------------+---------------------+
; Option            ; Setting             ;
+-------------------+---------------------+
; Start date & time ; 05/09/2019 11:39:23 ;
; Main task         ; Compilation         ;
; Revision Name     ; Register_File       ;
+-------------------+---------------------+


+---------------------------------------------------------------------------------------------------------------------+
; Flow Non-Default Global Settings                                                                                    ;
+------------------------------------+--------------------------------+---------------+--------------+----------------+
; Assignment Name                    ; Value                          ; Default Value ; Entity Name  ; Section Id     ;
+------------------------------------+--------------------------------+---------------+--------------+----------------+
; COMPILER_SIGNATURE_ID              ; 48710645928675.155738576311908 ; --            ; --           ; --             ;
; IP_TOOL_NAME                       ; LPM_DECODE                     ; --            ; --           ; --             ;
; IP_TOOL_VERSION                    ; 9.1                            ; --            ; --           ; --             ;
; MISC_FILE                          ; lpm_decode0.bsf                ; --            ; --           ; --             ;
; MISC_FILE                          ; lpm_decode0_bb.v               ; --            ; --           ; --             ;
; PARTITION_COLOR                    ; 16764057                       ; --            ; adder_32_bit ; Top            ;
; PARTITION_NETLIST_TYPE             ; SOURCE                         ; --            ; adder_32_bit ; Top            ;
; TOP_LEVEL_ENTITY                   ; adder_32_bit                   ; Register_File ; --           ; --             ;
; USE_GENERATED_PHYSICAL_CONSTRAINTS ; Off                            ; --            ; --           ; eda_blast_fpga ;
+------------------------------------+--------------------------------+---------------+--------------+----------------+


+-----------------------------------------------------------------------------------------------------------------------------+
; Flow Elapsed Time                                                                                                           ;
+-------------------------+--------------+-------------------------+---------------------+------------------------------------+
; Module Name             ; Elapsed Time ; Average Processors Used ; Peak Virtual Memory ; Total CPU Time (on all processors) ;
+-------------------------+--------------+-------------------------+---------------------+------------------------------------+
; Analysis & Synthesis    ; 00:00:01     ; 1.0                     ; 227 MB              ; 00:00:01                           ;
; Fitter                  ; 00:00:02     ; 1.0                     ; 292 MB              ; 00:00:03                           ;
; Assembler               ; 00:00:02     ; 1.0                     ; 251 MB              ; 00:00:01                           ;
; Classic Timing Analyzer ; 00:00:00     ; 1.0                     ; 181 MB              ; 00:00:00                           ;
; Total                   ; 00:00:05     ; --                      ; --                  ; 00:00:05                           ;
+-------------------------+--------------+-------------------------+---------------------+------------------------------------+


+------------------------------------------------------------------------------------------+
; Flow OS Summary                                                                          ;
+-------------------------+------------------+---------------+------------+----------------+
; Module Name             ; Machine Hostname ; OS Name       ; OS Version ; Processor type ;
+-------------------------+------------------+---------------+------------+----------------+
; Analysis & Synthesis    ; DESKTOP-P0NBE1L  ; Windows Vista ; 6.2        ; x86_64         ;
; Fitter                  ; DESKTOP-P0NBE1L  ; Windows Vista ; 6.2        ; x86_64         ;
; Assembler               ; DESKTOP-P0NBE1L  ; Windows Vista ; 6.2        ; x86_64         ;
; Classic Timing Analyzer ; DESKTOP-P0NBE1L  ; Windows Vista ; 6.2        ; x86_64         ;
+-------------------------+------------------+---------------+------------+----------------+


------------
; Flow Log ;
------------
quartus_map --read_settings_files=on --write_settings_files=off Register_File -c Register_File
quartus_fit --read_settings_files=off --write_settings_files=off Register_File -c Register_File
quartus_asm --read_settings_files=off --write_settings_files=off Register_File -c Register_File
quartus_tan --read_settings_files=off --write_settings_files=off Register_File -c Register_File --timing_analysis_only



