Analysis & Synthesis report for PC_Calculator
Sun May 12 21:21:58 2019
Quartus Prime Version 15.1.1 Build 189 12/02/2015 SJ Lite Edition


---------------------
; Table of Contents ;
---------------------
  1. Legal Notice
  2. Analysis & Synthesis Summary
  3. Analysis & Synthesis Settings
  4. Parallel Compilation
  5. Analysis & Synthesis Source Files Read
  6. Analysis & Synthesis Resource Usage Summary
  7. Analysis & Synthesis Resource Utilization by Entity
  8. General Register Statistics
  9. Post-Synthesis Netlist Statistics for Top Partition
 10. Elapsed Time Per Partition
 11. Analysis & Synthesis Messages



----------------
; Legal Notice ;
----------------
Copyright (C) 1991-2015 Altera Corporation. All rights reserved.
Your use of Altera Corporation's design tools, logic functions 
and other software and tools, and its AMPP partner logic 
functions, and any output files from any of the foregoing 
(including device programming or simulation files), and any 
associated documentation or information are expressly subject 
to the terms and conditions of the Altera Program License 
Subscription Agreement, the Altera Quartus Prime License Agreement,
the Altera MegaCore Function License Agreement, or other 
applicable license agreement, including, without limitation, 
that your use is for the sole purpose of programming logic 
devices manufactured by Altera and sold by Altera or its 
authorized distributors.  Please refer to the applicable 
agreement for further details.



+-------------------------------------------------------------------------------+
; Analysis & Synthesis Summary                                                  ;
+---------------------------------+---------------------------------------------+
; Analysis & Synthesis Status     ; Successful - Sun May 12 21:21:58 2019       ;
; Quartus Prime Version           ; 15.1.1 Build 189 12/02/2015 SJ Lite Edition ;
; Revision Name                   ; PC_Calculator                               ;
; Top-level Entity Name           ; PC                                          ;
; Family                          ; Cyclone V                                   ;
; Logic utilization (in ALMs)     ; N/A                                         ;
; Total registers                 ; 32                                          ;
; Total pins                      ; 78                                          ;
; Total virtual pins              ; 0                                           ;
; Total block memory bits         ; 0                                           ;
; Total DSP Blocks                ; 0                                           ;
; Total HSSI RX PCSs              ; 0                                           ;
; Total HSSI PMA RX Deserializers ; 0                                           ;
; Total HSSI TX PCSs              ; 0                                           ;
; Total HSSI PMA TX Serializers   ; 0                                           ;
; Total PLLs                      ; 0                                           ;
; Total DLLs                      ; 0                                           ;
+---------------------------------+---------------------------------------------+


+---------------------------------------------------------------------------------------------------------------------------+
; Analysis & Synthesis Settings                                                                                             ;
+---------------------------------------------------------------------------------+--------------------+--------------------+
; Option                                                                          ; Setting            ; Default Value      ;
+---------------------------------------------------------------------------------+--------------------+--------------------+
; Device                                                                          ; 5CGXFC7C7F23C8     ;                    ;
; Top-level entity name                                                           ; PC                 ; PC_Calculator      ;
; Family name                                                                     ; Cyclone V          ; Cyclone V          ;
; Use smart compilation                                                           ; Off                ; Off                ;
; Enable parallel Assembler and TimeQuest Timing Analyzer during compilation      ; On                 ; On                 ;
; Enable compact report table                                                     ; Off                ; Off                ;
; Restructure Multiplexers                                                        ; Auto               ; Auto               ;
; MLAB Add Timing Constraints For Mixed-Port Feed-Through Mode Setting Don't Care ; Off                ; Off                ;
; Create Debugging Nodes for IP Cores                                             ; Off                ; Off                ;
; Preserve fewer node names                                                       ; On                 ; On                 ;
; Disable OpenCore Plus hardware evaluation                                       ; Off                ; Off                ;
; Verilog Version                                                                 ; Verilog_2001       ; Verilog_2001       ;
; VHDL Version                                                                    ; VHDL_1993          ; VHDL_1993          ;
; State Machine Processing                                                        ; Auto               ; Auto               ;
; Safe State Machine                                                              ; Off                ; Off                ;
; Extract Verilog State Machines                                                  ; On                 ; On                 ;
; Extract VHDL State Machines                                                     ; On                 ; On                 ;
; Ignore Verilog initial constructs                                               ; Off                ; Off                ;
; Iteration limit for constant Verilog loops                                      ; 5000               ; 5000               ;
; Iteration limit for non-constant Verilog loops                                  ; 250                ; 250                ;
; Add Pass-Through Logic to Inferred RAMs                                         ; On                 ; On                 ;
; Infer RAMs from Raw Logic                                                       ; On                 ; On                 ;
; Parallel Synthesis                                                              ; On                 ; On                 ;
; DSP Block Balancing                                                             ; Auto               ; Auto               ;
; NOT Gate Push-Back                                                              ; On                 ; On                 ;
; Power-Up Don't Care                                                             ; On                 ; On                 ;
; Remove Redundant Logic Cells                                                    ; Off                ; Off                ;
; Remove Duplicate Registers                                                      ; On                 ; On                 ;
; Ignore CARRY Buffers                                                            ; Off                ; Off                ;
; Ignore CASCADE Buffers                                                          ; Off                ; Off                ;
; Ignore GLOBAL Buffers                                                           ; Off                ; Off                ;
; Ignore ROW GLOBAL Buffers                                                       ; Off                ; Off                ;
; Ignore LCELL Buffers                                                            ; Off                ; Off                ;
; Ignore SOFT Buffers                                                             ; On                 ; On                 ;
; Limit AHDL Integers to 32 Bits                                                  ; Off                ; Off                ;
; Optimization Technique                                                          ; Balanced           ; Balanced           ;
; Carry Chain Length                                                              ; 70                 ; 70                 ;
; Auto Carry Chains                                                               ; On                 ; On                 ;
; Auto Open-Drain Pins                                                            ; On                 ; On                 ;
; Perform WYSIWYG Primitive Resynthesis                                           ; Off                ; Off                ;
; Auto ROM Replacement                                                            ; On                 ; On                 ;
; Auto RAM Replacement                                                            ; On                 ; On                 ;
; Auto DSP Block Replacement                                                      ; On                 ; On                 ;
; Auto Shift Register Replacement                                                 ; Auto               ; Auto               ;
; Allow Shift Register Merging across Hierarchies                                 ; Auto               ; Auto               ;
; Auto Clock Enable Replacement                                                   ; On                 ; On                 ;
; Strict RAM Replacement                                                          ; Off                ; Off                ;
; Allow Synchronous Control Signals                                               ; On                 ; On                 ;
; Force Use of Synchronous Clear Signals                                          ; Off                ; Off                ;
; Auto Resource Sharing                                                           ; Off                ; Off                ;
; Allow Any RAM Size For Recognition                                              ; Off                ; Off                ;
; Allow Any ROM Size For Recognition                                              ; Off                ; Off                ;
; Allow Any Shift Register Size For Recognition                                   ; Off                ; Off                ;
; Use LogicLock Constraints during Resource Balancing                             ; On                 ; On                 ;
; Ignore translate_off and synthesis_off directives                               ; Off                ; Off                ;
; Timing-Driven Synthesis                                                         ; On                 ; On                 ;
; Report Parameter Settings                                                       ; On                 ; On                 ;
; Report Source Assignments                                                       ; On                 ; On                 ;
; Report Connectivity Checks                                                      ; On                 ; On                 ;
; Ignore Maximum Fan-Out Assignments                                              ; Off                ; Off                ;
; Synchronization Register Chain Length                                           ; 3                  ; 3                  ;
; PowerPlay Power Optimization During Synthesis                                   ; Normal compilation ; Normal compilation ;
; HDL message level                                                               ; Level2             ; Level2             ;
; Suppress Register Optimization Related Messages                                 ; Off                ; Off                ;
; Number of Removed Registers Reported in Synthesis Report                        ; 5000               ; 5000               ;
; Number of Swept Nodes Reported in Synthesis Report                              ; 5000               ; 5000               ;
; Number of Inverted Registers Reported in Synthesis Report                       ; 100                ; 100                ;
; Clock MUX Protection                                                            ; On                 ; On                 ;
; Auto Gated Clock Conversion                                                     ; Off                ; Off                ;
; Block Design Naming                                                             ; Auto               ; Auto               ;
; SDC constraint protection                                                       ; Off                ; Off                ;
; Synthesis Effort                                                                ; Auto               ; Auto               ;
; Shift Register Replacement - Allow Asynchronous Clear Signal                    ; On                 ; On                 ;
; Pre-Mapping Resynthesis Optimization                                            ; Off                ; Off                ;
; Analysis & Synthesis Message Level                                              ; Medium             ; Medium             ;
; Disable Register Merging Across Hierarchies                                     ; Auto               ; Auto               ;
; Resource Aware Inference For Block RAM                                          ; On                 ; On                 ;
; Synthesis Seed                                                                  ; 1                  ; 1                  ;
; Automatic Parallel Synthesis                                                    ; On                 ; On                 ;
; Partial Reconfiguration Bitstream ID                                            ; Off                ; Off                ;
+---------------------------------------------------------------------------------+--------------------+--------------------+


+------------------------------------------+
; Parallel Compilation                     ;
+----------------------------+-------------+
; Processors                 ; Number      ;
+----------------------------+-------------+
; Number detected on machine ; 2           ;
; Maximum allowed            ; 2           ;
;                            ;             ;
; Average used               ; 1.00        ;
; Maximum used               ; 2           ;
;                            ;             ;
; Usage by Processor         ; % Time Used ;
;     Processor 1            ; 100.0%      ;
;     Processor 2            ; < 0.1%      ;
+----------------------------+-------------+


+---------------------------------------------------------------------------------------------------------------------------------------------------------------------------------------------------+
; Analysis & Synthesis Source Files Read                                                                                                                                                            ;
+----------------------------------+-----------------+------------------------------------+-----------------------------------------------------------------------------------------------+---------+
; File Name with User-Entered Path ; Used in Netlist ; File Type                          ; File Name with Absolute Path                                                                  ; Library ;
+----------------------------------+-----------------+------------------------------------+-----------------------------------------------------------------------------------------------+---------+
; ../../HW3/Q1.bdf                 ; yes             ; User Block Diagram/Schematic File  ; Y:/Term6/Semester_6/Computer Architecture/assignment/HW3/Q1.bdf                               ;         ;
; ../../HW3/FA.bdf                 ; yes             ; User Block Diagram/Schematic File  ; Y:/Term6/Semester_6/Computer Architecture/assignment/HW3/FA.bdf                               ;         ;
; ../../HW3/adder_8bit.bdf         ; yes             ; User Block Diagram/Schematic File  ; Y:/Term6/Semester_6/Computer Architecture/assignment/HW3/adder_8bit.bdf                       ;         ;
; ../../HW3/adder_4bit.bdf         ; yes             ; User Block Diagram/Schematic File  ; Y:/Term6/Semester_6/Computer Architecture/assignment/HW3/adder_4bit.bdf                       ;         ;
; ../../HW3/Adder_32bit.bdf        ; yes             ; User Block Diagram/Schematic File  ; Y:/Term6/Semester_6/Computer Architecture/assignment/HW3/Adder_32bit.bdf                      ;         ;
; Sign_Extend.bdf                  ; yes             ; User Block Diagram/Schematic File  ; Y:/Term6/Semester_6/Computer Architecture/assignment/HW4/programming/Sign_Extend.bdf          ;         ;
; shift_regitster_4bit.bdf         ; yes             ; User Block Diagram/Schematic File  ; Y:/Term6/Semester_6/Computer Architecture/assignment/HW4/programming/shift_regitster_4bit.bdf ;         ;
; reg_8bit.bdf                     ; yes             ; User Block Diagram/Schematic File  ; Y:/Term6/Semester_6/Computer Architecture/assignment/HW4/programming/reg_8bit.bdf             ;         ;
; reg_16bit.bdf                    ; yes             ; User Block Diagram/Schematic File  ; Y:/Term6/Semester_6/Computer Architecture/assignment/HW4/programming/reg_16bit.bdf            ;         ;
; reg_32bit.bdf                    ; yes             ; User Block Diagram/Schematic File  ; Y:/Term6/Semester_6/Computer Architecture/assignment/HW4/programming/reg_32bit.bdf            ;         ;
; pc_plus_4.bdf                    ; yes             ; User Block Diagram/Schematic File  ; Y:/Term6/Semester_6/Computer Architecture/assignment/HW4/programming/pc_plus_4.bdf            ;         ;
; offset_shifter.bdf               ; yes             ; User Block Diagram/Schematic File  ; Y:/Term6/Semester_6/Computer Architecture/assignment/HW4/programming/offset_shifter.bdf       ;         ;
; jump_addr_shifter.bdf            ; yes             ; User Block Diagram/Schematic File  ; Y:/Term6/Semester_6/Computer Architecture/assignment/HW4/programming/jump_addr_shifter.bdf    ;         ;
; ../../HW3/mux2_1.bdf             ; yes             ; User Block Diagram/Schematic File  ; Y:/Term6/Semester_6/Computer Architecture/assignment/HW3/mux2_1.bdf                           ;         ;
; PC.bdf                           ; yes             ; User Block Diagram/Schematic File  ; Y:/Term6/Semester_6/Computer Architecture/assignment/HW4/programming/PC.bdf                   ;         ;
; mux4_1.bdf                       ; yes             ; User Block Diagram/Schematic File  ; Y:/Term6/Semester_6/Computer Architecture/assignment/HW4/programming/mux4_1.bdf               ;         ;
+----------------------------------+-----------------+------------------------------------+-----------------------------------------------------------------------------------------------+---------+


+---------------------------------------------------------+
; Analysis & Synthesis Resource Usage Summary             ;
+---------------------------------------------+-----------+
; Resource                                    ; Usage     ;
+---------------------------------------------+-----------+
; Estimate of Logic utilization (ALMs needed) ; 29        ;
;                                             ;           ;
; Combinational ALUT usage for logic          ; 35        ;
;     -- 7 input functions                    ; 2         ;
;     -- 6 input functions                    ; 18        ;
;     -- 5 input functions                    ; 6         ;
;     -- 4 input functions                    ; 8         ;
;     -- <=3 input functions                  ; 1         ;
;                                             ;           ;
; Dedicated logic registers                   ; 32        ;
;                                             ;           ;
; I/O pins                                    ; 78        ;
;                                             ;           ;
; Total DSP Blocks                            ; 0         ;
;                                             ;           ;
; Maximum fan-out node                        ; CLK~input ;
; Maximum fan-out                             ; 32        ;
; Total fan-out                               ; 399       ;
; Average fan-out                             ; 1.79      ;
+---------------------------------------------+-----------+


+-----------------------------------------------------------------------------------------------------------------------------------------------------------------------------------------------------------------------------------+
; Analysis & Synthesis Resource Utilization by Entity                                                                                                                                                                               ;
+------------------------------------------+-------------------+--------------+-------------------+------------+------+--------------+-------------------------------------------------------------------------------+--------------+
; Compilation Hierarchy Node               ; LC Combinationals ; LC Registers ; Block Memory Bits ; DSP Blocks ; Pins ; Virtual Pins ; Full Hierarchy Name                                                           ; Library Name ;
+------------------------------------------+-------------------+--------------+-------------------+------------+------+--------------+-------------------------------------------------------------------------------+--------------+
; |PC                                      ; 35 (0)            ; 32 (0)       ; 0                 ; 0          ; 78   ; 0            ; |PC                                                                           ;              ;
;    |Adder_32bit:inst5|                   ; 6 (0)             ; 0 (0)        ; 0                 ; 0          ; 0    ; 0            ; |PC|Adder_32bit:inst5                                                         ; work         ;
;       |adder_8bit:inst1|                 ; 4 (0)             ; 0 (0)        ; 0                 ; 0          ; 0    ; 0            ; |PC|Adder_32bit:inst5|adder_8bit:inst1                                        ; work         ;
;          |adder_4bit:inst1|              ; 1 (0)             ; 0 (0)        ; 0                 ; 0          ; 0    ; 0            ; |PC|Adder_32bit:inst5|adder_8bit:inst1|adder_4bit:inst1                       ; work         ;
;             |FA:Bit2|                    ; 1 (0)             ; 0 (0)        ; 0                 ; 0          ; 0    ; 0            ; |PC|Adder_32bit:inst5|adder_8bit:inst1|adder_4bit:inst1|FA:Bit2               ; work         ;
;                |Q1:inst|                 ; 1 (1)             ; 0 (0)        ; 0                 ; 0          ; 0    ; 0            ; |PC|Adder_32bit:inst5|adder_8bit:inst1|adder_4bit:inst1|FA:Bit2|Q1:inst       ; work         ;
;          |adder_4bit:inst|               ; 3 (0)             ; 0 (0)        ; 0                 ; 0          ; 0    ; 0            ; |PC|Adder_32bit:inst5|adder_8bit:inst1|adder_4bit:inst                        ; work         ;
;             |FA:Bit0|                    ; 1 (0)             ; 0 (0)        ; 0                 ; 0          ; 0    ; 0            ; |PC|Adder_32bit:inst5|adder_8bit:inst1|adder_4bit:inst|FA:Bit0                ; work         ;
;                |Q1:inst|                 ; 1 (1)             ; 0 (0)        ; 0                 ; 0          ; 0    ; 0            ; |PC|Adder_32bit:inst5|adder_8bit:inst1|adder_4bit:inst|FA:Bit0|Q1:inst        ; work         ;
;             |FA:Bit2|                    ; 2 (0)             ; 0 (0)        ; 0                 ; 0          ; 0    ; 0            ; |PC|Adder_32bit:inst5|adder_8bit:inst1|adder_4bit:inst|FA:Bit2                ; work         ;
;                |Q1:inst|                 ; 2 (2)             ; 0 (0)        ; 0                 ; 0          ; 0    ; 0            ; |PC|Adder_32bit:inst5|adder_8bit:inst1|adder_4bit:inst|FA:Bit2|Q1:inst        ; work         ;
;       |adder_8bit:inst2|                 ; 1 (0)             ; 0 (0)        ; 0                 ; 0          ; 0    ; 0            ; |PC|Adder_32bit:inst5|adder_8bit:inst2                                        ; work         ;
;          |adder_4bit:inst|               ; 1 (0)             ; 0 (0)        ; 0                 ; 0          ; 0    ; 0            ; |PC|Adder_32bit:inst5|adder_8bit:inst2|adder_4bit:inst                        ; work         ;
;             |FA:Bit0|                    ; 1 (0)             ; 0 (0)        ; 0                 ; 0          ; 0    ; 0            ; |PC|Adder_32bit:inst5|adder_8bit:inst2|adder_4bit:inst|FA:Bit0                ; work         ;
;                |Q1:inst|                 ; 1 (1)             ; 0 (0)        ; 0                 ; 0          ; 0    ; 0            ; |PC|Adder_32bit:inst5|adder_8bit:inst2|adder_4bit:inst|FA:Bit0|Q1:inst        ; work         ;
;       |adder_8bit:inst3|                 ; 1 (0)             ; 0 (0)        ; 0                 ; 0          ; 0    ; 0            ; |PC|Adder_32bit:inst5|adder_8bit:inst3                                        ; work         ;
;          |adder_4bit:inst|               ; 1 (0)             ; 0 (0)        ; 0                 ; 0          ; 0    ; 0            ; |PC|Adder_32bit:inst5|adder_8bit:inst3|adder_4bit:inst                        ; work         ;
;             |FA:Bit1|                    ; 1 (0)             ; 0 (0)        ; 0                 ; 0          ; 0    ; 0            ; |PC|Adder_32bit:inst5|adder_8bit:inst3|adder_4bit:inst|FA:Bit1                ; work         ;
;                |Q1:inst|                 ; 1 (1)             ; 0 (0)        ; 0                 ; 0          ; 0    ; 0            ; |PC|Adder_32bit:inst5|adder_8bit:inst3|adder_4bit:inst|FA:Bit1|Q1:inst        ; work         ;
;    |mux4_1:inst9|                        ; 29 (0)            ; 0 (0)        ; 0                 ; 0          ; 0    ; 0            ; |PC|mux4_1:inst9                                                              ; work         ;
;       |mux2_1:inst1_1|                   ; 29 (29)           ; 0 (0)        ; 0                 ; 0          ; 0    ; 0            ; |PC|mux4_1:inst9|mux2_1:inst1_1                                               ; work         ;
;    |reg_32bit:inst6|                     ; 0 (0)             ; 32 (0)       ; 0                 ; 0          ; 0    ; 0            ; |PC|reg_32bit:inst6                                                           ; work         ;
;       |reg_16bit:inst1|                  ; 0 (0)             ; 16 (0)       ; 0                 ; 0          ; 0    ; 0            ; |PC|reg_32bit:inst6|reg_16bit:inst1                                           ; work         ;
;          |reg_8bit:inst1|                ; 0 (0)             ; 8 (0)        ; 0                 ; 0          ; 0    ; 0            ; |PC|reg_32bit:inst6|reg_16bit:inst1|reg_8bit:inst1                            ; work         ;
;             |shift_regitster_4bit:inst1| ; 0 (0)             ; 4 (4)        ; 0                 ; 0          ; 0    ; 0            ; |PC|reg_32bit:inst6|reg_16bit:inst1|reg_8bit:inst1|shift_regitster_4bit:inst1 ; work         ;
;             |shift_regitster_4bit:inst|  ; 0 (0)             ; 4 (4)        ; 0                 ; 0          ; 0    ; 0            ; |PC|reg_32bit:inst6|reg_16bit:inst1|reg_8bit:inst1|shift_regitster_4bit:inst  ; work         ;
;          |reg_8bit:inst|                 ; 0 (0)             ; 8 (0)        ; 0                 ; 0          ; 0    ; 0            ; |PC|reg_32bit:inst6|reg_16bit:inst1|reg_8bit:inst                             ; work         ;
;             |shift_regitster_4bit:inst1| ; 0 (0)             ; 4 (4)        ; 0                 ; 0          ; 0    ; 0            ; |PC|reg_32bit:inst6|reg_16bit:inst1|reg_8bit:inst|shift_regitster_4bit:inst1  ; work         ;
;             |shift_regitster_4bit:inst|  ; 0 (0)             ; 4 (4)        ; 0                 ; 0          ; 0    ; 0            ; |PC|reg_32bit:inst6|reg_16bit:inst1|reg_8bit:inst|shift_regitster_4bit:inst   ; work         ;
;       |reg_16bit:inst|                   ; 0 (0)             ; 16 (0)       ; 0                 ; 0          ; 0    ; 0            ; |PC|reg_32bit:inst6|reg_16bit:inst                                            ; work         ;
;          |reg_8bit:inst1|                ; 0 (0)             ; 8 (0)        ; 0                 ; 0          ; 0    ; 0            ; |PC|reg_32bit:inst6|reg_16bit:inst|reg_8bit:inst1                             ; work         ;
;             |shift_regitster_4bit:inst1| ; 0 (0)             ; 4 (4)        ; 0                 ; 0          ; 0    ; 0            ; |PC|reg_32bit:inst6|reg_16bit:inst|reg_8bit:inst1|shift_regitster_4bit:inst1  ; work         ;
;             |shift_regitster_4bit:inst|  ; 0 (0)             ; 4 (4)        ; 0                 ; 0          ; 0    ; 0            ; |PC|reg_32bit:inst6|reg_16bit:inst|reg_8bit:inst1|shift_regitster_4bit:inst   ; work         ;
;          |reg_8bit:inst|                 ; 0 (0)             ; 8 (0)        ; 0                 ; 0          ; 0    ; 0            ; |PC|reg_32bit:inst6|reg_16bit:inst|reg_8bit:inst                              ; work         ;
;             |shift_regitster_4bit:inst1| ; 0 (0)             ; 4 (4)        ; 0                 ; 0          ; 0    ; 0            ; |PC|reg_32bit:inst6|reg_16bit:inst|reg_8bit:inst|shift_regitster_4bit:inst1   ; work         ;
;             |shift_regitster_4bit:inst|  ; 0 (0)             ; 4 (4)        ; 0                 ; 0          ; 0    ; 0            ; |PC|reg_32bit:inst6|reg_16bit:inst|reg_8bit:inst|shift_regitster_4bit:inst    ; work         ;
+------------------------------------------+-------------------+--------------+-------------------+------------+------+--------------+-------------------------------------------------------------------------------+--------------+
Note: For table entries with two numbers listed, the numbers in parentheses indicate the number of resources of the given type used by the specific entity alone. The numbers listed outside of parentheses indicate the total resources of the given type used by the specific entity and all of its sub-entities in the hierarchy.


+------------------------------------------------------+
; General Register Statistics                          ;
+----------------------------------------------+-------+
; Statistic                                    ; Value ;
+----------------------------------------------+-------+
; Total registers                              ; 32    ;
; Number of registers using Synchronous Clear  ; 1     ;
; Number of registers using Synchronous Load   ; 3     ;
; Number of registers using Asynchronous Clear ; 32    ;
; Number of registers using Asynchronous Load  ; 0     ;
; Number of registers using Clock Enable       ; 32    ;
; Number of registers using Preset             ; 0     ;
+----------------------------------------------+-------+


+-----------------------------------------------------+
; Post-Synthesis Netlist Statistics for Top Partition ;
+-----------------------+-----------------------------+
; Type                  ; Count                       ;
+-----------------------+-----------------------------+
; arriav_ff             ; 32                          ;
;     ENA CLR           ; 28                          ;
;     ENA CLR SCLR      ; 1                           ;
;     ENA CLR SLD       ; 3                           ;
; arriav_lcell_comb     ; 35                          ;
;     extend            ; 2                           ;
;         7 data inputs ; 2                           ;
;     normal            ; 33                          ;
;         2 data inputs ; 1                           ;
;         4 data inputs ; 8                           ;
;         5 data inputs ; 6                           ;
;         6 data inputs ; 18                          ;
; boundary_port         ; 78                          ;
;                       ;                             ;
; Max LUT depth         ; 4.00                        ;
; Average LUT depth     ; 1.60                        ;
+-----------------------+-----------------------------+


+-------------------------------+
; Elapsed Time Per Partition    ;
+----------------+--------------+
; Partition Name ; Elapsed Time ;
+----------------+--------------+
; Top            ; 00:00:00     ;
+----------------+--------------+


+-------------------------------+
; Analysis & Synthesis Messages ;
+-------------------------------+
Info: *******************************************************************
Info: Running Quartus Prime Analysis & Synthesis
    Info: Version 15.1.1 Build 189 12/02/2015 SJ Lite Edition
    Info: Processing started: Sun May 12 21:21:25 2019
Info: Command: quartus_map --read_settings_files=on --write_settings_files=off PC_Calculator -c PC_Calculator
Info (20030): Parallel compilation is enabled and will use 2 of the 2 processors detected
Info (12021): Found 1 design units, including 1 entities, in source file /term6/semester_6/computer architecture/assignment/hw3/q1.bdf
    Info (12023): Found entity 1: Q1
Info (12021): Found 1 design units, including 1 entities, in source file /term6/semester_6/computer architecture/assignment/hw3/fa.bdf
    Info (12023): Found entity 1: FA
Info (12021): Found 1 design units, including 1 entities, in source file /term6/semester_6/computer architecture/assignment/hw3/adder_8bit.bdf
    Info (12023): Found entity 1: adder_8bit
Info (12021): Found 1 design units, including 1 entities, in source file /term6/semester_6/computer architecture/assignment/hw3/adder_4bit.bdf
    Info (12023): Found entity 1: adder_4bit
Info (12021): Found 1 design units, including 1 entities, in source file /term6/semester_6/computer architecture/assignment/hw3/adder_32bit.bdf
    Info (12023): Found entity 1: Adder_32bit
Info (12021): Found 1 design units, including 1 entities, in source file sign_extend.bdf
    Info (12023): Found entity 1: Sign_Extend
Info (12021): Found 1 design units, including 1 entities, in source file shift_regitster_4bit.bdf
    Info (12023): Found entity 1: shift_regitster_4bit
Info (12021): Found 1 design units, including 1 entities, in source file reg_8bit.bdf
    Info (12023): Found entity 1: reg_8bit
Info (12021): Found 1 design units, including 1 entities, in source file reg_16bit.bdf
    Info (12023): Found entity 1: reg_16bit
Info (12021): Found 1 design units, including 1 entities, in source file reg_32bit.bdf
    Info (12023): Found entity 1: reg_32bit
Info (12021): Found 1 design units, including 1 entities, in source file pc_plus_4.bdf
    Info (12023): Found entity 1: pc_plus_4
Info (12021): Found 1 design units, including 1 entities, in source file offset_shifter.bdf
    Info (12023): Found entity 1: offset_shifter
Info (12021): Found 1 design units, including 1 entities, in source file jump_addr_shifter.bdf
    Info (12023): Found entity 1: jump_addr_shifter
Info (12021): Found 1 design units, including 1 entities, in source file /term6/semester_6/computer architecture/assignment/hw3/mux2_1.bdf
    Info (12023): Found entity 1: mux2_1
Info (12021): Found 1 design units, including 1 entities, in source file pc.bdf
    Info (12023): Found entity 1: PC
Info (12021): Found 1 design units, including 1 entities, in source file mux4_1.bdf
    Info (12023): Found entity 1: mux4_1
Info (12127): Elaborating entity "PC" for the top level hierarchy
Info (12128): Elaborating entity "reg_32bit" for hierarchy "reg_32bit:inst6"
Info (12128): Elaborating entity "reg_16bit" for hierarchy "reg_32bit:inst6|reg_16bit:inst"
Info (12128): Elaborating entity "reg_8bit" for hierarchy "reg_32bit:inst6|reg_16bit:inst|reg_8bit:inst"
Info (12128): Elaborating entity "shift_regitster_4bit" for hierarchy "reg_32bit:inst6|reg_16bit:inst|reg_8bit:inst|shift_regitster_4bit:inst"
Warning (275008): Primitive "VCC" of instance "inst8" not used
Info (12128): Elaborating entity "mux4_1" for hierarchy "mux4_1:inst9"
Info (12128): Elaborating entity "mux2_1" for hierarchy "mux4_1:inst9|mux2_1:inst1_1"
Info (12128): Elaborating entity "Adder_32bit" for hierarchy "Adder_32bit:inst5"
Info (12128): Elaborating entity "adder_8bit" for hierarchy "Adder_32bit:inst5|adder_8bit:inst"
Info (12128): Elaborating entity "adder_4bit" for hierarchy "Adder_32bit:inst5|adder_8bit:inst|adder_4bit:inst"
Info (12128): Elaborating entity "FA" for hierarchy "Adder_32bit:inst5|adder_8bit:inst|adder_4bit:inst|FA:Bit3"
Info (12128): Elaborating entity "Q1" for hierarchy "Adder_32bit:inst5|adder_8bit:inst|adder_4bit:inst|FA:Bit3|Q1:inst"
Info (12128): Elaborating entity "offset_shifter" for hierarchy "offset_shifter:inst"
Info (12128): Elaborating entity "Sign_Extend" for hierarchy "Sign_Extend:inst_1"
Info (12128): Elaborating entity "pc_plus_4" for hierarchy "pc_plus_4:inst2"
Info (12128): Elaborating entity "jump_addr_shifter" for hierarchy "jump_addr_shifter:inst4"
Info (286030): Timing-Driven Synthesis is running
Info (16010): Generating hard_block partition "hard_block:auto_generated_inst"
    Info (16011): Adding 0 node(s), including 0 DDIO, 0 PLL, 0 transceiver and 0 LCELL
Info (21057): Implemented 118 device resources after synthesis - the final resource count might be different
    Info (21058): Implemented 46 input pins
    Info (21059): Implemented 32 output pins
    Info (21061): Implemented 40 logic cells
Info: Quartus Prime Analysis & Synthesis was successful. 0 errors, 1 warning
    Info: Peak virtual memory: 5002 megabytes
    Info: Processing ended: Sun May 12 21:21:58 2019
    Info: Elapsed time: 00:00:33
    Info: Total CPU time (on all processors): 00:00:20


