Assembler report for Q1
Tue Jun 18 13:52:45 2019
Quartus Prime Version 15.1.1 Build 189 12/02/2015 SJ Lite Edition


---------------------
; Table of Contents ;
---------------------
  1. Legal Notice
  2. Assembler Summary
  3. Assembler Settings
  4. Assembler Generated Files
  5. Assembler Device Options: /Term6/Semester_6/Computer Architecture/assignment/HW3/output_files/Q1.sof
  6. Assembler Messages



----------------
; Legal Notice ;
----------------
Copyright (C) 1991-2015 Altera Corporation. All rights reserved.
Your use of Altera Corporation's design tools, logic functions 
and other software and tools, and its AMPP partner logic 
functions, and any output files from any of the foregoing 
(including device programming or simulation files), and any 
associated documentation or information are expressly subject 
to the terms and conditions of the Altera Program License 
Subscription Agreement, the Altera Quartus Prime License Agreement,
the Altera MegaCore Function License Agreement, or other 
applicable license agreement, including, without limitation, 
that your use is for the sole purpose of programming logic 
devices manufactured by Altera and sold by Altera or its 
authorized distributors.  Please refer to the applicable 
agreement for further details.



+---------------------------------------------------------------+
; Assembler Summary                                             ;
+-----------------------+---------------------------------------+
; Assembler Status      ; Successful - Tue Jun 18 13:52:45 2019 ;
; Revision Name         ; Q1                                    ;
; Top-level Entity Name ; ALU                                   ;
; Family                ; Cyclone V                             ;
; Device                ; 5CGTFD9E5F35I7                        ;
+-----------------------+---------------------------------------+


+----------------------------------+
; Assembler Settings               ;
+--------+---------+---------------+
; Option ; Setting ; Default Value ;
+--------+---------+---------------+


+----------------------------------------------------------------------------+
; Assembler Generated Files                                                  ;
+----------------------------------------------------------------------------+
; File Name                                                                  ;
+----------------------------------------------------------------------------+
; /Term6/Semester_6/Computer Architecture/assignment/HW3/output_files/Q1.sof ;
+----------------------------------------------------------------------------+


+------------------------------------------------------------------------------------------------------+
; Assembler Device Options: /Term6/Semester_6/Computer Architecture/assignment/HW3/output_files/Q1.sof ;
+----------------+-------------------------------------------------------------------------------------+
; Option         ; Setting                                                                             ;
+----------------+-------------------------------------------------------------------------------------+
; Device         ; 5CGTFD9E5F35I7                                                                      ;
; JTAG usercode  ; 0x01DD2C38                                                                          ;
; Checksum       ; 0x01DD2C38                                                                          ;
+----------------+-------------------------------------------------------------------------------------+


+--------------------+
; Assembler Messages ;
+--------------------+
Info: *******************************************************************
Info: Running Quartus Prime Assembler
    Info: Version 15.1.1 Build 189 12/02/2015 SJ Lite Edition
    Info: Processing started: Tue Jun 18 13:52:21 2019
Info: Command: quartus_asm --read_settings_files=off --write_settings_files=off Q1 -c Q1
Info (115030): Assembler is generating device programming files
Info: Quartus Prime Assembler was successful. 0 errors, 0 warnings
    Info: Peak virtual memory: 5031 megabytes
    Info: Processing ended: Tue Jun 18 13:52:45 2019
    Info: Elapsed time: 00:00:24
    Info: Total CPU time (on all processors): 00:00:21


