Flow report for Q1
Mon May 06 23:34:43 2019
Quartus Prime Version 15.1.1 Build 189 12/02/2015 SJ Lite Edition


---------------------
; Table of Contents ;
---------------------
  1. Legal Notice
  2. Flow Summary
  3. Flow Settings
  4. Flow Non-Default Global Settings
  5. Flow Elapsed Time
  6. Flow OS Summary
  7. Flow Log
  8. Flow Messages
  9. Flow Suppressed Messages



----------------
; Legal Notice ;
----------------
Copyright (C) 1991-2015 Altera Corporation. All rights reserved.
Your use of Altera Corporation's design tools, logic functions 
and other software and tools, and its AMPP partner logic 
functions, and any output files from any of the foregoing 
(including device programming or simulation files), and any 
associated documentation or information are expressly subject 
to the terms and conditions of the Altera Program License 
Subscription Agreement, the Altera Quartus Prime License Agreement,
the Altera MegaCore Function License Agreement, or other 
applicable license agreement, including, without limitation, 
that your use is for the sole purpose of programming logic 
devices manufactured by Altera and sold by Altera or its 
authorized distributors.  Please refer to the applicable 
agreement for further details.



+-------------------------------------------------------------------------------+
; Flow Summary                                                                  ;
+---------------------------------+---------------------------------------------+
; Flow Status                     ; Successful - Mon May 06 23:34:43 2019       ;
; Quartus Prime Version           ; 15.1.1 Build 189 12/02/2015 SJ Lite Edition ;
; Revision Name                   ; Q1                                          ;
; Top-level Entity Name           ; ALU                                         ;
; Family                          ; Cyclone V                                   ;
; Device                          ; 5CGTFD9E5F35I7                              ;
; Timing Models                   ; Final                                       ;
; Logic utilization (in ALMs)     ; 258 / 113,560 ( < 1 % )                     ;
; Total registers                 ; 0                                           ;
; Total pins                      ; 142 / 616 ( 23 % )                          ;
; Total virtual pins              ; 0                                           ;
; Total block memory bits         ; 0 / 12,492,800 ( 0 % )                      ;
; Total DSP Blocks                ; 0 / 342 ( 0 % )                             ;
; Total HSSI RX PCSs              ; 0 / 12 ( 0 % )                              ;
; Total HSSI PMA RX Deserializers ; 0 / 12 ( 0 % )                              ;
; Total HSSI TX PCSs              ; 0 / 12 ( 0 % )                              ;
; Total HSSI PMA TX Serializers   ; 0 / 12 ( 0 % )                              ;
; Total PLLs                      ; 0 / 20 ( 0 % )                              ;
; Total DLLs                      ; 0 / 4 ( 0 % )                               ;
+---------------------------------+---------------------------------------------+


+-----------------------------------------+
; Flow Settings                           ;
+-------------------+---------------------+
; Option            ; Setting             ;
+-------------------+---------------------+
; Start date & time ; 05/06/2019 23:31:38 ;
; Main task         ; Compilation         ;
; Revision Name     ; Q1                  ;
+-------------------+---------------------+


+----------------------------------------------------------------------------------------------------------------------------+
; Flow Non-Default Global Settings                                                                                           ;
+-------------------------------------+---------------------------------------+---------------+-------------+----------------+
; Assignment Name                     ; Value                                 ; Default Value ; Entity Name ; Section Id     ;
+-------------------------------------+---------------------------------------+---------------+-------------+----------------+
; COMPILER_SIGNATURE_ID               ; 121370992921.155716929802836          ; --            ; --          ; --             ;
; EDA_OUTPUT_DATA_FORMAT              ; Vhdl                                  ; --            ; --          ; eda_simulation ;
; EDA_SIMULATION_TOOL                 ; ModelSim-Altera (VHDL)                ; <None>        ; --          ; --             ;
; MAX_CORE_JUNCTION_TEMP              ; 100                                   ; --            ; --          ; --             ;
; MIN_CORE_JUNCTION_TEMP              ; -40                                   ; --            ; --          ; --             ;
; PARTITION_COLOR                     ; 16764057                              ; --            ; ALU         ; Top            ;
; PARTITION_FITTER_PRESERVATION_LEVEL ; PLACEMENT_AND_ROUTING                 ; --            ; ALU         ; Top            ;
; PARTITION_NETLIST_TYPE              ; SOURCE                                ; --            ; ALU         ; Top            ;
; POWER_BOARD_THERMAL_MODEL           ; None (CONSERVATIVE)                   ; --            ; --          ; --             ;
; POWER_PRESET_COOLING_SOLUTION       ; 23 MM HEAT SINK WITH 200 LFPM AIRFLOW ; --            ; --          ; --             ;
; PROJECT_OUTPUT_DIRECTORY            ; output_files                          ; --            ; --          ; --             ;
; TOP_LEVEL_ENTITY                    ; ALU                                   ; Q1            ; --          ; --             ;
+-------------------------------------+---------------------------------------+---------------+-------------+----------------+


+-------------------------------------------------------------------------------------------------------------------------------+
; Flow Elapsed Time                                                                                                             ;
+---------------------------+--------------+-------------------------+---------------------+------------------------------------+
; Module Name               ; Elapsed Time ; Average Processors Used ; Peak Virtual Memory ; Total CPU Time (on all processors) ;
+---------------------------+--------------+-------------------------+---------------------+------------------------------------+
; Analysis & Synthesis      ; 00:00:15     ; 1.0                     ; 4992 MB             ; 00:00:22                           ;
; Fitter                    ; 00:01:29     ; 1.0                     ; 6866 MB             ; 00:01:49                           ;
; Assembler                 ; 00:00:23     ; 1.0                     ; 5031 MB             ; 00:00:20                           ;
; TimeQuest Timing Analyzer ; 00:00:09     ; 1.0                     ; 5448 MB             ; 00:00:08                           ;
; EDA Netlist Writer        ; 00:00:01     ; 1.0                     ; 4941 MB             ; 00:00:01                           ;
; EDA Netlist Writer        ; 00:00:01     ; 1.0                     ; 4920 MB             ; 00:00:01                           ;
; EDA Netlist Writer        ; 00:00:01     ; 1.0                     ; 4924 MB             ; 00:00:01                           ;
; Total                     ; 00:02:19     ; --                      ; --                  ; 00:02:42                           ;
+---------------------------+--------------+-------------------------+---------------------+------------------------------------+


+----------------------------------------------------------------------------------------+
; Flow OS Summary                                                                        ;
+---------------------------+------------------+-----------+------------+----------------+
; Module Name               ; Machine Hostname ; OS Name   ; OS Version ; Processor type ;
+---------------------------+------------------+-----------+------------+----------------+
; Analysis & Synthesis      ; AMIRHOSEINF465   ; Windows 8 ; 6.2        ; x86_64         ;
; Fitter                    ; AMIRHOSEINF465   ; Windows 8 ; 6.2        ; x86_64         ;
; Assembler                 ; AMIRHOSEINF465   ; Windows 8 ; 6.2        ; x86_64         ;
; TimeQuest Timing Analyzer ; AMIRHOSEINF465   ; Windows 8 ; 6.2        ; x86_64         ;
; EDA Netlist Writer        ; AMIRHOSEINF465   ; Windows 8 ; 6.2        ; x86_64         ;
; EDA Netlist Writer        ; AMIRHOSEINF465   ; Windows 8 ; 6.2        ; x86_64         ;
; EDA Netlist Writer        ; AMIRHOSEINF465   ; Windows 8 ; 6.2        ; x86_64         ;
+---------------------------+------------------+-----------+------------+----------------+


------------
; Flow Log ;
------------
quartus_map --read_settings_files=on --write_settings_files=off Q1 -c Q1
quartus_fit --read_settings_files=off --write_settings_files=off Q1 -c Q1
quartus_asm --read_settings_files=off --write_settings_files=off Q1 -c Q1
quartus_sta Q1 -c Q1
quartus_eda --read_settings_files=off --write_settings_files=off Q1 -c Q1
quartus_eda --gen_testbench --tool=modelsim_oem --format=verilog --write_settings_files=off Q1 -c Q1 --vector_source="Y:/Term6/Semester_6/Computer Architecture/assignment/HW3/ALU.vwf" --testbench_file="Y:/Term6/Semester_6/Computer Architecture/assignment/HW3/simulation/qsim/ALU.vwf.vt"
quartus_eda --write_settings_files=off --functional=on --flatten_buses=off --simulation=on --tool=modelsim_oem --format=verilog --output_directory="Y:/Term6/Semester_6/Computer Architecture/assignment/HW3/simulation/qsim/" Q1 -c Q1



