Flow report for Register_File
Tue May 07 21:39:53 2019
Quartus Prime Version 15.1.0 Build 185 10/21/2015 SJ Lite Edition


---------------------
; Table of Contents ;
---------------------
  1. Legal Notice
  2. Flow Summary
  3. Flow Settings
  4. Flow Non-Default Global Settings
  5. Flow Elapsed Time
  6. Flow OS Summary
  7. Flow Log
  8. Flow Messages
  9. Flow Suppressed Messages



----------------
; Legal Notice ;
----------------
Copyright (C) 1991-2015 Altera Corporation. All rights reserved.
Your use of Altera Corporation's design tools, logic functions 
and other software and tools, and its AMPP partner logic 
functions, and any output files from any of the foregoing 
(including device programming or simulation files), and any 
associated documentation or information are expressly subject 
to the terms and conditions of the Altera Program License 
Subscription Agreement, the Altera Quartus Prime License Agreement,
the Altera MegaCore Function License Agreement, or other 
applicable license agreement, including, without limitation, 
that your use is for the sole purpose of programming logic 
devices manufactured by Altera and sold by Altera or its 
authorized distributors.  Please refer to the applicable 
agreement for further details.



+-------------------------------------------------------------------------------+
; Flow Summary                                                                  ;
+---------------------------------+---------------------------------------------+
; Flow Status                     ; Successful - Tue May 07 21:39:53 2019       ;
; Quartus Prime Version           ; 15.1.0 Build 185 10/21/2015 SJ Lite Edition ;
; Revision Name                   ; Register_File                               ;
; Top-level Entity Name           ; Register_File                               ;
; Family                          ; Cyclone V                                   ;
; Device                          ; 5CGXFC7C7F23C8                              ;
; Timing Models                   ; Final                                       ;
; Logic utilization (in ALMs)     ; 778 / 56,480 ( 1 % )                        ;
; Total registers                 ; 1024                                        ;
; Total pins                      ; 114 / 268 ( 43 % )                          ;
; Total virtual pins              ; 0                                           ;
; Total block memory bits         ; 0 / 7,024,640 ( 0 % )                       ;
; Total DSP Blocks                ; 0 / 156 ( 0 % )                             ;
; Total HSSI RX PCSs              ; 0 / 6 ( 0 % )                               ;
; Total HSSI PMA RX Deserializers ; 0 / 6 ( 0 % )                               ;
; Total HSSI TX PCSs              ; 0 / 6 ( 0 % )                               ;
; Total HSSI PMA TX Serializers   ; 0 / 6 ( 0 % )                               ;
; Total PLLs                      ; 0 / 13 ( 0 % )                              ;
; Total DLLs                      ; 0 / 4 ( 0 % )                               ;
+---------------------------------+---------------------------------------------+


+-----------------------------------------+
; Flow Settings                           ;
+-------------------+---------------------+
; Option            ; Setting             ;
+-------------------+---------------------+
; Start date & time ; 05/03/2019 13:17:56 ;
; Main task         ; Compilation         ;
; Revision Name     ; Register_File       ;
+-------------------+---------------------+


+-------------------------------------------------------------------------------------------------------------------+
; Flow Non-Default Global Settings                                                                                  ;
+-------------------------------------+------------------------------+---------------+-------------+----------------+
; Assignment Name                     ; Value                        ; Default Value ; Entity Name ; Section Id     ;
+-------------------------------------+------------------------------+---------------+-------------+----------------+
; COMPILER_SIGNATURE_ID               ; 121368937702.155687327503084 ; --            ; --          ; --             ;
; EDA_OUTPUT_DATA_FORMAT              ; Vhdl                         ; --            ; --          ; eda_simulation ;
; EDA_SIMULATION_TOOL                 ; ModelSim-Altera (VHDL)       ; <None>        ; --          ; --             ;
; PARTITION_COLOR                     ; 16764057                     ; --            ; --          ; Top            ;
; PARTITION_FITTER_PRESERVATION_LEVEL ; PLACEMENT_AND_ROUTING        ; --            ; --          ; Top            ;
; PARTITION_NETLIST_TYPE              ; SOURCE                       ; --            ; --          ; Top            ;
; PROJECT_OUTPUT_DIRECTORY            ; output_files                 ; --            ; --          ; --             ;
+-------------------------------------+------------------------------+---------------+-------------+----------------+


+-------------------------------------------------------------------------------------------------------------------------------+
; Flow Elapsed Time                                                                                                             ;
+---------------------------+--------------+-------------------------+---------------------+------------------------------------+
; Module Name               ; Elapsed Time ; Average Processors Used ; Peak Virtual Memory ; Total CPU Time (on all processors) ;
+---------------------------+--------------+-------------------------+---------------------+------------------------------------+
; Analysis & Synthesis      ; 00:00:16     ; 1.0                     ; 886 MB              ; 00:00:21                           ;
; Fitter                    ; 00:02:05     ; 1.0                     ; 2344 MB             ; 00:02:43                           ;
; Assembler                 ; 00:00:15     ; 1.0                     ; 896 MB              ; 00:00:13                           ;
; TimeQuest Timing Analyzer ; 00:00:32     ; 1.1                     ; 1255 MB             ; 00:00:33                           ;
; EDA Netlist Writer        ; 00:00:02     ; 1.0                     ; 822 MB              ; 00:00:02                           ;
; EDA Netlist Writer        ; 00:00:01     ; 1.0                     ; 783 MB              ; 00:00:01                           ;
; EDA Netlist Writer        ; 00:00:01     ; 1.0                     ; 787 MB              ; 00:00:02                           ;
; EDA Netlist Writer        ; 00:00:01     ; 1.0                     ; 787 MB              ; 00:00:02                           ;
; EDA Netlist Writer        ; 00:00:02     ; 1.0                     ; 787 MB              ; 00:00:02                           ;
; Total                     ; 00:03:15     ; --                      ; --                  ; 00:03:59                           ;
+---------------------------+--------------+-------------------------+---------------------+------------------------------------+


+----------------------------------------------------------------------------------------+
; Flow OS Summary                                                                        ;
+---------------------------+------------------+-----------+------------+----------------+
; Module Name               ; Machine Hostname ; OS Name   ; OS Version ; Processor type ;
+---------------------------+------------------+-----------+------------+----------------+
; Analysis & Synthesis      ; ASHKAN7B30       ; Windows 8 ; 6.2        ; x86_64         ;
; Fitter                    ; ASHKAN7B30       ; Windows 8 ; 6.2        ; x86_64         ;
; Assembler                 ; ASHKAN7B30       ; Windows 8 ; 6.2        ; x86_64         ;
; TimeQuest Timing Analyzer ; ASHKAN7B30       ; Windows 8 ; 6.2        ; x86_64         ;
; EDA Netlist Writer        ; ASHKAN7B30       ; Windows 8 ; 6.2        ; x86_64         ;
; EDA Netlist Writer        ; ASHKAN7B30       ; Windows 8 ; 6.2        ; x86_64         ;
; EDA Netlist Writer        ; ASHKAN7B30       ; Windows 8 ; 6.2        ; x86_64         ;
; EDA Netlist Writer        ; ASHKAN7B30       ; Windows 8 ; 6.2        ; x86_64         ;
; EDA Netlist Writer        ; ASHKAN7B30       ; Windows 8 ; 6.2        ; x86_64         ;
+---------------------------+------------------+-----------+------------+----------------+


------------
; Flow Log ;
------------
quartus_map --read_settings_files=on --write_settings_files=off Register_File -c Register_File
quartus_fit --read_settings_files=off --write_settings_files=off Register_File -c Register_File
quartus_asm --read_settings_files=off --write_settings_files=off Register_File -c Register_File
quartus_sta Register_File -c Register_File
quartus_eda --read_settings_files=off --write_settings_files=off Register_File -c Register_File
quartus_eda --gen_testbench --tool=modelsim_oem --format=verilog --write_settings_files=off Register_File -c Register_File --vector_source=C:/altera_lite/15.1/Register_File/Register_File_WF.vwf --testbench_file=C:/altera_lite/15.1/Register_File/simulation/qsim/Register_File_WF.vwf.vt
quartus_eda --write_settings_files=off --functional=on --flatten_buses=off --simulation=on --tool=modelsim_oem --format=verilog --output_directory=C:/altera_lite/15.1/Register_File/simulation/qsim/ Register_File -c Register_File
quartus_eda --gen_testbench --tool=modelsim_oem --format=verilog --write_settings_files=off Register_File -c Register_File --vector_source=C:/altera_lite/15.1/Register_File/Register_File_WF.vwf --testbench_file=C:/altera_lite/15.1/Register_File/simulation/qsim/Register_File_WF.vwf.vt
quartus_eda --write_settings_files=off --functional=on --flatten_buses=off --simulation=on --tool=modelsim_oem --format=verilog --output_directory=C:/altera_lite/15.1/Register_File/simulation/qsim/ Register_File -c Register_File



